1000 0.000036 8.987000 10 1
1010 0.000033 8.997030 10 1
1020 0.000034 9.006863 10 1
1030 0.000033 9.023301 11 1
1040 0.000032 9.042308 11 1
1050 0.000032 9.060952 11 1
1060 0.000032 9.079245 11 1
1070 0.000033 9.097196 11 1
1080 0.000034 9.114815 11 1
1090 0.000032 9.132110 11 1
1100 0.000032 9.149091 11 1
1110 0.000032 9.165766 11 1
1120 0.000032 9.182143 11 1
1130 0.000032 9.198230 11 1
1140 0.000033 9.214035 11 1
1150 0.000032 9.229565 11 1
1160 0.000033 9.244828 11 1
1170 0.000033 9.259829 11 1
1180 0.000032 9.274576 11 1
1190 0.000033 9.289076 11 1
1200 0.000032 9.303333 11 1
1210 0.000034 9.317355 11 1
1220 0.000033 9.331148 11 1
1230 0.000033 9.344715 11 1
1240 0.000033 9.358065 11 1
1250 0.000033 9.371200 11 1
1260 0.000033 9.384127 11 1
1270 0.000033 9.396850 11 1
1280 0.000033 9.409375 11 1
1290 0.000033 9.421705 11 1
1300 0.000033 9.433846 11 1
1310 0.000034 9.445802 11 1
1320 0.000034 9.457576 11 1
1330 0.000033 9.469173 11 1
1340 0.000033 9.480597 11 1
1350 0.000034 9.491852 11 1
1360 0.000034 9.502941 11 1
1370 0.000034 9.513869 11 1
1380 0.000034 9.524638 11 1
1390 0.000034 9.535252 11 1
1400 0.000034 9.545714 11 1
1410 0.000035 9.556028 11 1
1420 0.000034 9.566197 11 1
1430 0.000034 9.576224 11 1
1440 0.000034 9.586111 11 1
1450 0.000035 9.595862 11 1
1460 0.000035 9.605479 11 1
1470 0.000035 9.614966 11 1
1480 0.000035 9.624324 11 1
1490 0.000035 9.633557 11 1
1500 0.000035 9.642667 11 1
1510 0.000035 9.651656 11 1
1520 0.000035 9.660526 11 1
1530 0.000036 9.669281 11 1
1540 0.000036 9.677922 11 1
1550 0.000036 9.686452 11 1
1560 0.000036 9.694872 11 1
1570 0.000036 9.703185 11 1
1580 0.000036 9.711392 11 1
1590 0.000036 9.719497 11 1
1600 0.000036 9.727500 11 1
1610 0.000036 9.735404 11 1
1620 0.000036 9.743210 11 1
1630 0.000036 9.750920 11 1
1640 0.000036 9.758537 11 1
1650 0.000036 9.766061 11 1
1660 0.000036 9.773494 11 1
1670 0.000036 9.780838 11 1
1680 0.000036 9.788095 11 1
1690 0.000037 9.795266 11 1
1700 0.000037 9.802353 11 1
1710 0.000036 9.809357 11 1
1720 0.000037 9.816279 11 1
1730 0.000037 9.823121 11 1
1740 0.000037 9.829885 11 1
1750 0.000037 9.836571 11 1
1760 0.000037 9.843182 11 1
1770 0.000037 9.849718 11 1
1780 0.000037 9.856180 11 1
1790 0.000037 9.862570 11 1
1800 0.000037 9.868889 11 1
1810 0.000037 9.875138 11 1
1820 0.000037 9.881319 11 1
1830 0.000037 9.887432 11 1
1840 0.000037 9.893478 11 1
1850 0.000038 9.899459 11 1
1860 0.000038 9.905376 11 1
1870 0.000038 9.911230 11 1
1880 0.000038 9.917021 11 1
1890 0.000038 9.922751 11 1
1900 0.000038 9.928421 11 1
1910 0.000038 9.934031 11 1
1920 0.000038 9.939583 11 1
1930 0.000038 9.945078 11 1
1940 0.000038 9.950515 11 1
1950 0.000038 9.955897 11 1
1960 0.000038 9.961224 11 1
1970 0.000038 9.966497 11 1
1980 0.000038 9.971717 11 1
1990 0.000038 9.976884 11 1
2000 0.000039 9.982000 11 1
2010 0.000039 9.987065 11 1
2020 0.000039 9.992079 11 1
2030 0.000039 9.997044 11 1
2040 0.000039 10.001961 11 1
2050 0.000039 10.008293 12 1
2060 0.000039 10.017961 12 1
2070 0.000039 10.027536 12 1
2080 0.000039 10.037019 12 1
2090 0.000039 10.046411 12 1
2100 0.000040 10.055714 12 1
2110 0.000039 10.064929 12 1
2120 0.000039 10.074057 12 1
2130 0.000039 10.083099 12 1
2140 0.000039 10.092056 12 1
2150 0.000039 10.100930 12 1
2160 0.000039 10.109722 12 1
2170 0.000039 10.118433 12 1
2180 0.000039 10.127064 12 1
2190 0.000039 10.135616 12 1
2200 0.000039 10.144091 12 1
2210 0.000039 10.152489 12 1
2220 0.000039 10.160811 12 1
2230 0.000039 10.169058 12 1
2240 0.000039 10.177232 12 1
2250 0.000039 10.185333 12 1
2260 0.000039 10.193363 12 1
2270 0.000039 10.201322 12 1
2280 0.000039 10.209211 12 1
2290 0.000039 10.217031 12 1
2300 0.000039 10.224783 12 1
2310 0.000039 10.232468 12 1
2320 0.000039 10.240086 12 1
2330 0.000039 10.247639 12 1
2340 0.000039 10.255128 12 1
2350 0.000039 10.262553 12 1
2360 0.000039 10.269915 12 1
2370 0.000039 10.277215 12 1
2380 0.000039 10.284454 12 1
2390 0.000039 10.291632 12 1
2400 0.000039 10.298750 12 1
2410 0.000039 10.305809 12 1
2420 0.000039 10.312810 12 1
2430 0.000039 10.319753 12 1
2440 0.000039 10.326639 12 1
2450 0.000040 10.333469 12 1
2460 0.000039 10.340244 12 1
2470 0.000039 10.346964 12 1
2480 0.000039 10.353629 12 1
2490 0.000039 10.360241 12 1
2500 0.000040 10.366800 12 1
2510 0.000040 10.373307 12 1
2520 0.000040 10.379762 12 1
2530 0.000040 10.386166 12 1
2540 0.000040 10.392520 12 1
2550 0.000040 10.398824 12 1
2560 0.000040 10.405078 12 1
2570 0.000040 10.411284 12 1
2580 0.000040 10.417442 12 1
2590 0.000040 10.423552 12 1
2600 0.000040 10.429615 12 1
2610 0.000040 10.435632 12 1
2620 0.000040 10.441603 12 1
2630 0.000040 10.447529 12 1
2640 0.000040 10.453409 12 1
2650 0.000040 10.459245 12 1
2660 0.000040 10.465038 12 1
2670 0.000040 10.470787 12 1
2680 0.000040 10.476493 12 1
2690 0.000040 10.482156 12 1
2700 0.000040 10.487778 12 1
2710 0.000040 10.493358 12 1
2720 0.000040 10.498897 12 1
2730 0.000040 10.504396 12 1
2740 0.000040 10.509854 12 1
2750 0.000040 10.515273 12 1
2760 0.000040 10.520652 12 1
2770 0.000040 10.525993 12 1
2780 0.000040 10.531295 12 1
2790 0.000040 10.536559 12 1
2800 0.000040 10.541786 12 1
2810 0.000041 10.546975 12 1
2820 0.000040 10.552128 12 1
2830 0.000041 10.557244 12 1
2840 0.000041 10.562324 12 1
2850 0.000041 10.567368 12 1
2860 0.000041 10.572378 12 1
2870 0.000041 10.577352 12 1
2880 0.000041 10.582292 12 1
2890 0.000041 10.587197 12 1
2900 0.000041 10.592069 12 1
2910 0.000041 10.596907 12 1
2920 0.000041 10.601712 12 1
2930 0.000041 10.606485 12 1
2940 0.000041 10.611224 12 1
2950 0.000041 10.615932 12 1
2960 0.000041 10.620608 12 1
2970 0.000041 10.625253 12 1
2980 0.000041 10.629866 12 1
2990 0.000041 10.634448 12 1
3000 0.000041 10.639000 12 1
3010 0.000042 10.643522 12 1
3020 0.000042 10.648013 12 1
3030 0.000041 10.652475 12 1
3040 0.000041 10.656908 12 1
3050 0.000042 10.661311 12 1
3060 0.000042 10.665686 12 1
3070 0.000042 10.670033 12 1
3080 0.000042 10.674351 12 1
3090 0.000041 10.678641 12 1
3100 0.000042 10.682903 12 1
3110 0.000042 10.687138 12 1
3120 0.000042 10.691346 12 1
3130 0.000042 10.695527 12 1
3140 0.000042 10.699682 12 1
3150 0.000042 10.703810 12 1
3160 0.000042 10.707911 12 1
3170 0.000042 10.711987 12 1
3180 0.000042 10.716038 12 1
3190 0.000042 10.720063 12 1
3200 0.000042 10.724063 12 1
3210 0.000042 10.728037 12 1
3220 0.000042 10.731988 12 1
3230 0.000042 10.735913 12 1
3240 0.000042 10.739815 12 1
3250 0.000042 10.743692 12 1
3260 0.000042 10.747546 12 1
3270 0.000042 10.751376 12 1
3280 0.000042 10.755183 12 1
3290 0.000042 10.758967 12 1
3300 0.000042 10.762727 12 1
3310 0.000042 10.766465 12 1
3320 0.000042 10.770181 12 1
3330 0.000042 10.773874 12 1
3340 0.000042 10.777545 12 1
3350 0.000042 10.781194 12 1
3360 0.000042 10.784821 12 1
3370 0.000042 10.788427 12 1
3380 0.000042 10.792012 12 1
3390 0.000042 10.795575 12 1
3400 0.000042 10.799118 12 1
3410 0.000042 10.802639 12 1
3420 0.000042 10.806140 12 1
3430 0.000042 10.809621 12 1
3440 0.000043 10.813081 12 1
3450 0.000043 10.816522 12 1
3460 0.000043 10.819942 12 1
3470 0.000042 10.823343 12 1
3480 0.000043 10.826724 12 1
3490 0.000042 10.830086 12 1
3500 0.000043 10.833429 12 1
3510 0.000043 10.836752 12 1
3520 0.000042 10.840057 12 1
3530 0.000043 10.843343 12 1
3540 0.000043 10.846610 12 1
3550 0.000043 10.849859 12 1
3560 0.000043 10.853090 12 1
3570 0.000043 10.856303 12 1
3580 0.000043 10.859497 12 1
3590 0.000043 10.862674 12 1
3600 0.000043 10.865833 12 1
3610 0.000043 10.868975 12 1
3620 0.000043 10.872099 12 1
3630 0.000043 10.875207 12 1
3640 0.000043 10.878297 12 1
3650 0.000043 10.881370 12 1
3660 0.000043 10.884426 12 1
3670 0.000043 10.887466 12 1
3680 0.000043 10.890489 12 1
3690 0.000043 10.893496 12 1
3700 0.000043 10.896486 12 1
3710 0.000044 10.899461 12 1
3720 0.000043 10.902419 12 1
3730 0.000043 10.905362 12 1
3740 0.000043 10.908289 12 1
3750 0.000043 10.911200 12 1
3760 0.000043 10.914096 12 1
3770 0.000043 10.916976 12 1
3780 0.000043 10.919841 12 1
3790 0.000043 10.922691 12 1
3800 0.000043 10.925526 12 1
3810 0.000043 10.928346 12 1
3820 0.000043 10.931152 12 1
3830 0.000043 10.933943 12 1
3840 0.000043 10.936719 12 1
3850 0.000043 10.939481 12 1
3860 0.000043 10.942228 12 1
3870 0.000043 10.944961 12 1
3880 0.000043 10.947680 12 1
3890 0.000043 10.950386 12 1
3900 0.000043 10.953077 12 1
3910 0.000043 10.955754 12 1
3920 0.000043 10.958418 12 1
3930 0.000043 10.961069 12 1
3940 0.000043 10.963706 12 1
3950 0.000043 10.966329 12 1
3960 0.000043 10.968939 12 1
3970 0.000043 10.971537 12 1
3980 0.000043 10.974121 12 1
3990 0.000043 10.976692 12 1
4000 0.000043 10.979250 12 1
4010 0.000044 10.981796 12 1
4020 0.000044 10.984328 12 1
4030 0.000044 10.986849 12 1
4040 0.000044 10.989356 12 1
4050 0.000044 10.991852 12 1
4060 0.000044 10.994335 12 1
4070 0.000044 10.996806 12 1
4080 0.000044 10.999265 12 1
4090 0.000044 11.001711 12 1
4100 0.000044 11.005366 13 1
4110 0.000044 11.010219 13 1
4120 0.000044 11.015049 13 1
4130 0.000044 11.019855 13 1
4140 0.000044 11.024638 13 1
4150 0.000044 11.029398 13 1
4160 0.000044 11.034135 13 1
4170 0.000044 11.038849 13 1
4180 0.000044 11.043541 13 1
4190 0.000044 11.048210 13 1
4200 0.000044 11.052857 13 1
4210 0.000044 11.057482 13 1
4220 0.000044 11.062085 13 1
4230 0.000044 11.066667 13 1
4240 0.000044 11.071226 13 1
4250 0.000044 11.075765 13 1
4260 0.000044 11.080282 13 1
4270 0.000044 11.084778 13 1
4280 0.000044 11.089252 13 1
4290 0.000044 11.093706 13 1
4300 0.000044 11.098140 13 1
4310 0.000044 11.102552 13 1
4320 0.000050 11.106944 13 1
4330 0.000044 11.111316 13 1
4340 0.000044 11.115668 13 1
4350 0.000044 11.120000 13 1
4360 0.000044 11.124312 13 1
4370 0.000044 11.128604 13 1
4380 0.000044 11.132877 13 1
4390 0.000044 11.137130 13 1
4400 0.000044 11.141364 13 1
4410 0.000044 11.145578 13 1
4420 0.000044 11.149774 13 1
4430 0.000044 11.153950 13 1
4440 0.000043 11.158108 13 1
4450 0.000044 11.162247 13 1
4460 0.000043 11.166368 13 1
4470 0.000044 11.170470 13 1
4480 0.000044 11.174554 13 1
4490 0.000044 11.178619 13 1
4500 0.000044 11.182667 13 1
4510 0.000044 11.186696 13 1
4520 0.000044 11.190708 13 1
4530 0.000044 11.194702 13 1
4540 0.000044 11.198678 13 1
4550 0.000043 11.202637 13 1
4560 0.000044 11.206579 13 1
4570 0.000044 11.210503 13 1
4580 0.000043 11.214410 13 1
4590 0.000043 11.218301 13 1
4600 0.000043 11.222174 13 1
4610 0.000044 11.226030 13 1
4620 0.000044 11.229870 13 1
4630 0.000044 11.233693 13 1
4640 0.000044 11.237500 13 1
4650 0.000043 11.241290 13 1
4660 0.000044 11.245064 13 1
4670 0.000043 11.248822 13 1
4680 0.000044 11.252564 13 1
4690 0.000043 11.256290 13 1
4700 0.000043 11.260000 13 1
4710 0.000043 11.263694 13 1
4720 0.000044 11.267373 13 1
4730 0.000043 11.271036 13 1
4740 0.000043 11.274684 13 1
4750 0.000043 11.278316 13 1
4760 0.000044 11.281933 13 1
4770 0.000044 11.285535 13 1
4780 0.000043 11.289121 13 1
4790 0.000043 11.292693 13 1
4800 0.000043 11.296250 13 1
4810 0.000044 11.299792 13 1
4820 0.000044 11.303320 13 1
4830 0.000044 11.306832 13 1
4840 0.000044 11.310331 13 1
4850 0.000044 11.313814 13 1
4860 0.000044 11.317284 13 1
4870 0.000044 11.320739 13 1
4880 0.000044 11.324180 13 1
4890 0.000044 11.327607 13 1
4900 0.000044 11.331020 13 1
4910 0.000044 11.334420 13 1
4920 0.000044 11.337805 13 1
4930 0.000044 11.341176 13 1
4940 0.000044 11.344534 13 1
4950 0.000044 11.347879 13 1
4960 0.000044 11.351210 13 1
4970 0.000044 11.354527 13 1
4980 0.000044 11.357831 13 1
4990 0.000044 11.361122 13 1
5000 0.000044 11.364400 13 1
5010 0.000044 11.367665 13 1
5020 0.000044 11.370916 13 1
5030 0.000044 11.374155 13 1
5040 0.000044 11.377381 13 1
5050 0.000044 11.380594 13 1
5060 0.000044 11.383794 13 1
5070 0.000044 11.386982 13 1
5080 0.000044 11.390157 13 1
5090 0.000044 11.393320 13 1
5100 0.000044 11.396471 13 1
5110 0.000044 11.399609 13 1
5120 0.000044 11.402734 13 1
5130 0.000044 11.405848 13 1
5140 0.000044 11.408949 13 1
5150 0.000044 11.412039 13 1
5160 0.000044 11.415116 13 1
5170 0.000044 11.418182 13 1
5180 0.000044 11.421236 13 1
5190 0.000044 11.424277 13 1
5200 0.000044 11.427308 13 1
5210 0.000044 11.430326 13 1
5220 0.000044 11.433333 13 1
5230 0.000044 11.436329 13 1
5240 0.000044 11.439313 13 1
5250 0.000044 11.442286 13 1
5260 0.000044 11.445247 13 1
5270 0.000044 11.448197 13 1
5280 0.000044 11.451136 13 1
5290 0.000044 11.454064 13 1
5300 0.000044 11.456981 13 1
5310 0.000044 11.459887 13 1
5320 0.000044 11.462782 13 1
5330 0.000044 11.465666 13 1
5340 0.000044 11.468539 13 1
5350 0.000044 11.471402 13 1
5360 0.000044 11.474254 13 1
5370 0.000044 11.477095 13 1
5380 0.000044 11.479926 13 1
5390 0.000044 11.482746 13 1
5400 0.000044 11.485556 13 1
5410 0.000044 11.488355 13 1
5420 0.000044 11.491144 13 1
5430 0.000044 11.493923 13 1
5440 0.000044 11.496691 13 1
5450 0.000045 11.499450 13 1
5460 0.000044 11.502198 13 1
5470 0.000044 11.504936 13 1
5480 0.000044 11.507664 13 1
5490 0.000044 11.510383 13 1
5500 0.000044 11.513091 13 1
5510 0.000044 11.515789 13 1
5520 0.000044 11.518478 13 1
5530 0.000044 11.521157 13 1
5540 0.000044 11.523827 13 1
5550 0.000044 11.526486 13 1
5560 0.000044 11.529137 13 1
5570 0.000044 11.531777 13 1
5580 0.000044 11.534409 13 1
5590 0.000044 11.537030 13 1
5600 0.000044 11.539643 13 1
5610 0.000044 11.542246 13 1
5620 0.000044 11.544840 13 1
5630 0.000044 11.547425 13 1
5640 0.000044 11.550000 13 1
5650 0.000044 11.552566 13 1
5660 0.000044 11.555124 13 1
5670 0.000044 11.557672 13 1
5680 0.000044 11.560211 13 1
5690 0.000045 11.562742 13 1
5700 0.000045 11.565263 13 1
5710 0.000045 11.567776 13 1
5720 0.000045 11.570280 13 1
5730 0.000045 11.572775 13 1
5740 0.000044 11.575261 13 1
5750 0.000045 11.577739 13 1
5760 0.000045 11.580208 13 1
5770 0.000045 11.582669 13 1
5780 0.000045 11.585121 13 1
5790 0.000045 11.587565 13 1
5800 0.000045 11.590000 13 1
5810 0.000045 11.592427 13 1
5820 0.000045 11.594845 13 1
5830 0.000045 11.597256 13 1
5840 0.000045 11.599658 13 1
5850 0.000045 11.602051 13 1
5860 0.000045 11.604437 13 1
5870 0.000045 11.606814 13 1
5880 0.000045 11.609184 13 1
5890 0.000045 11.611545 13 1
5900 0.000045 11.613898 13 1
5910 0.000045 11.616244 13 1
5920 0.000045 11.618581 13 1
5930 0.000045 11.620911 13 1
5940 0.000045 11.623232 13 1
5950 0.000045 11.625546 13 1
5960 0.000045 11.627852 13 1
5970 0.000045 11.630151 13 1
5980 0.000045 11.632441 13 1
5990 0.000045 11.634725 13 1
6000 0.000045 11.637000 13 1
6010 0.000045 11.639268 13 1
6020 0.000045 11.641528 13 1
6030 0.000045 11.643781 13 1
6040 0.000045 11.646026 13 1
6050 0.000045 11.648264 13 1
6060 0.000045 11.650495 13 1
6070 0.000045 11.652718 13 1
6080 0.000045 11.654934 13 1
6090 0.000045 11.657143 13 1
6100 0.000045 11.659344 13 1
6110 0.000045 11.661538 13 1
6120 0.000045 11.663725 13 1
6130 0.000045 11.665905 13 1
6140 0.000045 11.668078 13 1
6150 0.000045 11.670244 13 1
6160 0.000045 11.672403 13 1
6170 0.000045 11.674554 13 1
6180 0.000045 11.676699 13 1
6190 0.000045 11.678837 13 1
6200 0.000045 11.680968 13 1
6210 0.000045 11.683092 13 1
6220 0.000045 11.685209 13 1
6230 0.000045 11.687319 13 1
6240 0.000045 11.689423 13 1
6250 0.000045 11.691520 13 1
6260 0.000045 11.693610 13 1
6270 0.000046 11.695694 13 1
6280 0.000046 11.697771 13 1
6290 0.000045 11.699841 13 1
6300 0.000045 11.701905 13 1
6310 0.000045 11.703962 13 1
6320 0.000045 11.706013 13 1
6330 0.000045 11.708057 13 1
6340 0.000045 11.710095 13 1
6350 0.000045 11.712126 13 1
6360 0.000045 11.714151 13 1
6370 0.000045 11.716170 13 1
6380 0.000046 11.718182 13 1
6390 0.000045 11.720188 13 1
6400 0.000045 11.722188 13 1
6410 0.000045 11.724181 13 1
6420 0.000045 11.726168 13 1
6430 0.000045 11.728149 13 1
6440 0.000045 11.730124 13 1
6450 0.000046 11.732093 13 1
6460 0.000046 11.734056 13 1
6470 0.000048 11.736012 13 1
6480 0.000045 11.737963 13 1
6490 0.000045 11.739908 13 1
6500 0.000045 11.741846 13 1
6510 0.000045 11.743779 13 1
6520 0.000045 11.745706 13 1
6530 0.000045 11.747626 13 1
6540 0.000046 11.749541 13 1
6550 0.000045 11.751450 13 1
6560 0.000046 11.753354 13 1
6570 0.000045 11.755251 13 1
6580 0.000046 11.757143 13 1
6590 0.000045 11.759029 13 1
6600 0.000046 11.760909 13 1
6610 0.000046 11.762784 13 1
6620 0.000046 11.764653 13 1
6630 0.000046 11.766516 13 1
6640 0.000045 11.768373 13 1
6650 0.000046 11.770226 13 1
6660 0.000045 11.772072 13 1
6670 0.000045 11.773913 13 1
6680 0.000045 11.775749 13 1
6690 0.000046 11.777578 13 1
6700 0.000045 11.779403 13 1
6710 0.000046 11.781222 13 1
6720 0.000045 11.783036 13 1
6730 0.000046 11.784844 13 1
6740 0.000046 11.786647 13 1
6750 0.000046 11.788444 13 1
6760 0.000045 11.790237 13 1
6770 0.000046 11.792024 13 1
6780 0.000045 11.793805 13 1
6790 0.000046 11.795582 13 1
6800 0.000045 11.797353 13 1
6810 0.000046 11.799119 13 1
6820 0.000046 11.800880 13 1
6830 0.000046 11.802635 13 1
6840 0.000045 11.804386 13 1
6850 0.000046 11.806131 13 1
6860 0.000046 11.807872 13 1
6870 0.000045 11.809607 13 1
6880 0.000046 11.811337 13 1
6890 0.000046 11.813062 13 1
6900 0.000046 11.814783 13 1
6910 0.000046 11.816498 13 1
6920 0.000046 11.818208 13 1
6930 0.000046 11.819913 13 1
6940 0.000046 11.821614 13 1
6950 0.000046 11.823309 13 1
6960 0.000046 11.825000 13 1
6970 0.000045 11.826686 13 1
6980 0.000046 11.828367 13 1
6990 0.000046 11.830043 13 1
7000 0.000046 11.831714 13 1
7010 0.000046 11.833381 13 1
7020 0.000046 11.835043 13 1
7030 0.000046 11.836700 13 1
7040 0.000046 11.838352 13 1
7050 0.000046 11.840000 13 1
7060 0.000046 11.841643 13 1
7070 0.000046 11.843281 13 1
7080 0.000046 11.844915 13 1
7090 0.000046 11.846544 13 1
7100 0.000046 11.848169 13 1
7110 0.000046 11.849789 13 1
7120 0.000046 11.851404 13 1
7130 0.000046 11.853015 13 1
7140 0.000046 11.854622 13 1
7150 0.000046 11.856224 13 1
7160 0.000046 11.857821 13 1
7170 0.000046 11.859414 13 1
7180 0.000046 11.861003 13 1
7190 0.000046 11.862587 13 1
7200 0.000046 11.864167 13 1
7210 0.000046 11.865742 13 1
7220 0.000046 11.867313 13 1
7230 0.000046 11.868880 13 1
7240 0.000046 11.870442 13 1
7250 0.000046 11.872000 13 1
7260 0.000046 11.873554 13 1
7270 0.000046 11.875103 13 1
7280 0.000046 11.876648 13 1
7290 0.000046 11.878189 13 1
7300 0.000046 11.879726 13 1
7310 0.000046 11.881259 13 1
7320 0.000046 11.882787 13 1
7330 0.000046 11.884311 13 1
7340 0.000046 11.885831 13 1
7350 0.000046 11.887347 13 1
7360 0.000046 11.888859 13 1
7370 0.000046 11.890366 13 1
7380 0.000046 11.891870 13 1
7390 0.000046 11.893369 13 1
7400 0.000046 11.894865 13 1
7410 0.000047 11.896356 13 1
7420 0.000046 11.897844 13 1
7430 0.000046 11.899327 13 1
7440 0.000046 11.900806 13 1
7450 0.000046 11.902282 13 1
7460 0.000046 11.903753 13 1
7470 0.000046 11.905221 13 1
7480 0.000046 11.906684 13 1
7490 0.000046 11.908144 13 1
7500 0.000046 11.909600 13 1
7510 0.000046 11.911052 13 1
7520 0.000046 11.912500 13 1
7530 0.000046 11.913944 13 1
7540 0.000046 11.915385 13 1
7550 0.000046 11.916821 13 1
7560 0.000046 11.918254 13 1
7570 0.000046 11.919683 13 1
7580 0.000048 11.921108 13 1
7590 0.000046 11.922530 13 1
7600 0.000047 11.923947 13 1
7610 0.000046 11.925361 13 1
7620 0.000046 11.926772 13 1
7630 0.000046 11.928178 13 1
7640 0.000046 11.929581 13 1
7650 0.000046 11.930980 13 1
7660 0.000046 11.932376 13 1
7670 0.000046 11.933768 13 1
7680 0.000046 11.935156 13 1
7690 0.000046 11.936541 13 1
7700 0.000046 11.937922 13 1
7710 0.000046 11.939300 13 1
7720 0.000046 11.940674 13 1
7730 0.000046 11.942044 13 1
7740 0.000046 11.943411 13 1
7750 0.000046 11.944774 13 1
7760 0.000046 11.946134 13 1
7770 0.000046 11.947490 13 1
7780 0.000046 11.948843 13 1
7790 0.000046 11.950193 13 1
7800 0.000046 11.951538 13 1
7810 0.000046 11.952881 13 1
7820 0.000046 11.954220 13 1
7830 0.000046 11.955556 13 1
7840 0.000046 11.956888 13 1
7850 0.000046 11.958217 13 1
7860 0.000046 11.959542 13 1
7870 0.000046 11.960864 13 1
7880 0.000046 11.962183 13 1
7890 0.000046 11.963498 13 1
7900 0.000046 11.964810 13 1
7910 0.000046 11.966119 13 1
7920 0.000046 11.967424 13 1
7930 0.000046 11.968726 13 1
7940 0.000046 11.970025 13 1
7950 0.000046 11.971321 13 1
7960 0.000046 11.972613 13 1
7970 0.000046 11.973902 13 1
7980 0.000046 11.975188 13 1
7990 0.000046 11.976471 13 1
8000 0.000046 11.977750 13 1
8010 0.000046 11.979026 13 1
8020 0.000046 11.980299 13 1
8030 0.000046 11.981569 13 1
8040 0.000046 11.982836 13 1
8050 0.000046 11.984099 13 1
8060 0.000046 11.985360 13 1
8070 0.000046 11.986617 13 1
8080 0.000046 11.987871 13 1
8090 0.000046 11.989122 13 1
8100 0.000046 11.990370 13 1
8110 0.000046 11.991615 13 1
8120 0.000046 11.992857 13 1
8130 0.000046 11.994096 13 1
8140 0.000046 11.995332 13 1
8150 0.000046 11.996564 13 1
8160 0.000046 11.997794 13 1
8170 0.000046 11.999021 13 1
8180 0.000046 12.000244 13 1
8190 0.000046 12.001465 13 1
8200 0.000046 12.003780 14 1
8210 0.000046 12.006212 14 1
8220 0.000046 12.008637 14 1
8230 0.000046 12.011057 14 1
8240 0.000046 12.013471 14 1
8250 0.000046 12.015879 14 1
8260 0.000046 12.018281 14 1
8270 0.000046 12.020677 14 1
8280 0.000046 12.023068 14 1
8290 0.000046 12.025452 14 1
8300 0.000046 12.027831 14 1
8310 0.000046 12.030205 14 1
8320 0.000046 12.032572 14 1
8330 0.000046 12.034934 14 1
8340 0.000046 12.037290 14 1
8350 0.000046 12.039641 14 1
8360 0.000046 12.041986 14 1
8370 0.000046 12.044325 14 1
8380 0.000046 12.046659 14 1
8390 0.000046 12.048987 14 1
8400 0.000046 12.051310 14 1
8410 0.000046 12.053627 14 1
8420 0.000046 12.055938 14 1
8430 0.000046 12.058244 14 1
8440 0.000046 12.060545 14 1
8450 0.000046 12.062840 14 1
8460 0.000046 12.065130 14 1
8470 0.000046 12.067414 14 1
8480 0.000046 12.069693 14 1
8490 0.000046 12.071967 14 1
8500 0.000046 12.074235 14 1
8510 0.000046 12.076498 14 1
8520 0.000046 12.078756 14 1
8530 0.000046 12.081008 14 1
8540 0.000046 12.083255 14 1
8550 0.000046 12.085497 14 1
8560 0.000046 12.087734 14 1
8570 0.000046 12.089965 14 1
8580 0.000046 12.092191 14 1
8590 0.000046 12.094412 14 1
8600 0.000046 12.096628 14 1
8610 0.000046 12.098839 14 1
8620 0.000046 12.101044 14 1
8630 0.000046 12.103244 14 1
8640 0.000046 12.105440 14 1
8650 0.000046 12.107630 14 1
8660 0.000046 12.109815 14 1
8670 0.000046 12.111995 14 1
8680 0.000046 12.114171 14 1
8690 0.000046 12.116341 14 1
8700 0.000046 12.118506 14 1
8710 0.000046 12.120666 14 1
8720 0.000046 12.122821 14 1
8730 0.000046 12.124971 14 1
8740 0.000046 12.127117 14 1
8750 0.000046 12.129257 14 1
8760 0.000046 12.131393 14 1
8770 0.000046 12.133523 14 1
8780 0.000046 12.135649 14 1
8790 0.000046 12.137770 14 1
8800 0.000046 12.139886 14 1
8810 0.000046 12.141998 14 1
8820 0.000046 12.144104 14 1
8830 0.000046 12.146206 14 1
8840 0.000046 12.148303 14 1
8850 0.000046 12.150395 14 1
8860 0.000046 12.152483 14 1
8870 0.000046 12.154566 14 1
8880 0.000046 12.156644 14 1
8890 0.000046 12.158718 14 1
8900 0.000046 12.160787 14 1
8910 0.000046 12.162851 14 1
8920 0.000046 12.164910 14 1
8930 0.000046 12.166965 14 1
8940 0.000046 12.169016 14 1
8950 0.000046 12.171061 14 1
8960 0.000046 12.173103 14 1
8970 0.000046 12.175139 14 1
8980 0.000046 12.177171 14 1
8990 0.000046 12.179199 14 1
9000 0.000046 12.181222 14 1
9010 0.000046 12.183241 14 1
9020 0.000046 12.185255 14 1
9030 0.000046 12.187265 14 1
9040 0.000046 12.189270 14 1
9050 0.000046 12.191271 14 1
9060 0.000046 12.193267 14 1
9070 0.000046 12.195259 14 1
9080 0.000046 12.197247 14 1
9090 0.000046 12.199230 14 1
9100 0.000046 12.201209 14 1
9110 0.000046 12.203183 14 1
9120 0.000046 12.205154 14 1
9130 0.000046 12.207119 14 1
9140 0.000046 12.209081 14 1
9150 0.000046 12.211038 14 1
9160 0.000046 12.212991 14 1
9170 0.000046 12.214940 14 1
9180 0.000046 12.216885 14 1
9190 0.000046 12.218825 14 1
9200 0.000046 12.220761 14 1
9210 0.000046 12.222693 14 1
9220 0.000046 12.224620 14 1
9230 0.000046 12.226544 14 1
9240 0.000046 12.228463 14 1
9250 0.000046 12.230378 14 1
9260 0.000046 12.232289 14 1
9270 0.000046 12.234196 14 1
9280 0.000046 12.236099 14 1
9290 0.000046 12.237998 14 1
9300 0.000046 12.239892 14 1
9310 0.000046 12.241783 14 1
9320 0.000046 12.243670 14 1
9330 0.000046 12.245552 14 1
9340 0.000046 12.247430 14 1
9350 0.000046 12.249305 14 1
9360 0.000046 12.251175 14 1
9370 0.000046 12.253042 14 1
9380 0.000046 12.254904 14 1
9390 0.000046 12.256763 14 1
9400 0.000046 12.258617 14 1
9410 0.000046 12.260468 14 1
9420 0.000046 12.262314 14 1
9430 0.000046 12.264157 14 1
9440 0.000046 12.265996 14 1
9450 0.000046 12.267831 14 1
9460 0.000046 12.269662 14 1
9470 0.000046 12.271489 14 1
9480 0.000046 12.273312 14 1
9490 0.000046 12.275132 14 1
9500 0.000046 12.276947 14 1
9510 0.000046 12.278759 14 1
9520 0.000046 12.280567 14 1
9530 0.000046 12.282371 14 1
9540 0.000046 12.284172 14 1
9550 0.000046 12.285969 14 1
9560 0.000046 12.287762 14 1
9570 0.000046 12.289551 14 1
9580 0.000046 12.291336 14 1
9590 0.000046 12.293118 14 1
9600 0.000046 12.294896 14 1
9610 0.000046 12.296670 14 1
9620 0.000046 12.298441 14 1
9630 0.000046 12.300208 14 1
9640 0.000046 12.301971 14 1
9650 0.000046 12.303731 14 1
9660 0.000046 12.305487 14 1
9670 0.000046 12.307239 14 1
9680 0.000046 12.308988 14 1
9690 0.000046 12.310733 14 1
9700 0.000046 12.312474 14 1
9710 0.000046 12.314212 14 1
9720 0.000046 12.315947 14 1
9730 0.000046 12.317677 14 1
9740 0.000046 12.319405 14 1
9750 0.000046 12.321128 14 1
9760 0.000046 12.322848 14 1
9770 0.000046 12.324565 14 1
9780 0.000046 12.326278 14 1
9790 0.000046 12.327988 14 1
9800 0.000046 12.329694 14 1
9810 0.000046 12.331397 14 1
9820 0.000045 12.333096 14 1
9830 0.000046 12.334791 14 1
9840 0.000046 12.336484 14 1
9850 0.000046 12.338173 14 1
9860 0.000046 12.339858 14 1
9870 0.000046 12.341540 14 1
9880 0.000046 12.343219 14 1
9890 0.000046 12.344894 14 1
9900 0.000046 12.346566 14 1
9910 0.000046 12.348234 14 1
9920 0.000046 12.349899 14 1
9930 0.000046 12.351561 14 1
9940 0.000046 12.353219 14 1
9950 0.000046 12.354874 14 1
9960 0.000046 12.356526 14 1
9970 0.000046 12.358175 14 1
9980 0.000046 12.359820 14 1
9990 0.000046 12.361461 14 1
10000 0.000046 12.363100 14 1
