1000 0.000293 500.500000 1000 1
1010 0.000297 505.500000 1010 1
1020 0.000299 510.500000 1020 1
1030 0.000299 515.500000 1030 1
1040 0.000302 520.500000 1040 1
1050 0.000305 525.500000 1050 1
1060 0.000308 530.500000 1060 1
1070 0.000311 535.500000 1070 1
1080 0.000314 540.500000 1080 1
1090 0.000316 545.500000 1090 1
1100 0.000319 550.500000 1100 1
1110 0.000322 555.500000 1110 1
1120 0.000325 560.500000 1120 1
1130 0.000328 565.500000 1130 1
1140 0.000331 570.500000 1140 1
1150 0.000333 575.500000 1150 1
1160 0.000336 580.500000 1160 1
1170 0.000339 585.500000 1170 1
1180 0.000341 590.500000 1180 1
1190 0.000344 595.500000 1190 1
1200 0.000347 600.500000 1200 1
1210 0.000350 605.500000 1210 1
1220 0.000353 610.500000 1220 1
1230 0.000355 615.500000 1230 1
1240 0.000359 620.500000 1240 1
1250 0.000361 625.500000 1250 1
1260 0.000365 630.500000 1260 1
1270 0.000366 635.500000 1270 1
1280 0.000369 640.500000 1280 1
1290 0.000372 645.500000 1290 1
1300 0.000375 650.500000 1300 1
1310 0.000378 655.500000 1310 1
1320 0.000380 660.500000 1320 1
1330 0.000383 665.500000 1330 1
1340 0.000386 670.500000 1340 1
1350 0.000389 675.500000 1350 1
1360 0.000392 680.500000 1360 1
1370 0.000394 685.500000 1370 1
1380 0.000397 690.500000 1380 1
1390 0.000400 695.500000 1390 1
1400 0.000403 700.500000 1400 1
1410 0.000405 705.500000 1410 1
1420 0.000409 710.500000 1420 1
1430 0.000411 715.500000 1430 1
1440 0.000414 720.500000 1440 1
1450 0.000417 725.500000 1450 1
1460 0.000420 730.500000 1460 1
1470 0.000426 735.500000 1470 1
1480 0.000425 740.500000 1480 1
1490 0.000428 745.500000 1490 1
1500 0.000431 750.500000 1500 1
1510 0.000433 755.500000 1510 1
1520 0.000437 760.500000 1520 1
1530 0.000439 765.500000 1530 1
1540 0.000442 770.500000 1540 1
1550 0.000445 775.500000 1550 1
1560 0.000447 780.500000 1560 1
1570 0.000450 785.500000 1570 1
1580 0.000453 790.500000 1580 1
1590 0.000456 795.500000 1590 1
1600 0.000458 800.500000 1600 1
1610 0.000462 805.500000 1610 1
1620 0.000464 810.500000 1620 1
1630 0.000467 815.500000 1630 1
1640 0.000469 820.500000 1640 1
1650 0.000472 825.500000 1650 1
1660 0.000475 830.500000 1660 1
1670 0.000478 835.500000 1670 1
1680 0.000481 840.500000 1680 1
1690 0.000484 845.500000 1690 1
1700 0.000486 850.500000 1700 1
1710 0.000489 855.500000 1710 1
1720 0.000492 860.500000 1720 1
1730 0.000495 865.500000 1730 1
1740 0.000497 870.500000 1740 1
1750 0.000500 875.500000 1750 1
1760 0.000504 880.500000 1760 1
1770 0.000506 885.500000 1770 1
1780 0.000509 890.500000 1780 1
1790 0.000512 895.500000 1790 1
1800 0.000515 900.500000 1800 1
1810 0.000518 905.500000 1810 1
1820 0.000540 910.500000 1820 1
1830 0.000525 915.500000 1830 1
1840 0.000526 920.500000 1840 1
1850 0.000529 925.500000 1850 1
1860 0.000532 930.500000 1860 1
1870 0.000534 935.500000 1870 1
1880 0.000537 940.500000 1880 1
1890 0.000539 945.500000 1890 1
1900 0.000542 950.500000 1900 1
1910 0.000545 955.500000 1910 1
1920 0.000547 960.500000 1920 1
1930 0.000550 965.500000 1930 1
1940 0.000553 970.500000 1940 1
1950 0.000556 975.500000 1950 1
1960 0.000559 980.500000 1960 1
1970 0.000561 985.500000 1970 1
1980 0.000564 990.500000 1980 1
1990 0.000567 995.500000 1990 1
2000 0.000570 1000.500000 2000 1
2010 0.000573 1005.500000 2010 1
2020 0.000575 1010.500000 2020 1
2030 0.000578 1015.500000 2030 1
2040 0.000581 1020.500000 2040 1
2050 0.000584 1025.500000 2050 1
2060 0.000587 1030.500000 2060 1
2070 0.000589 1035.500000 2070 1
2080 0.000593 1040.500000 2080 1
2090 0.000595 1045.500000 2090 1
2100 0.000598 1050.500000 2100 1
2110 0.000600 1055.500000 2110 1
2120 0.000604 1060.500000 2120 1
2130 0.000606 1065.500000 2130 1
2140 0.000609 1070.500000 2140 1
2150 0.000612 1075.500000 2150 1
2160 0.000614 1080.500000 2160 1
2170 0.000618 1085.500000 2170 1
2180 0.000620 1090.500000 2180 1
2190 0.000623 1095.500000 2190 1
2200 0.000626 1100.500000 2200 1
2210 0.000628 1105.500000 2210 1
2220 0.000632 1110.500000 2220 1
2230 0.000634 1115.500000 2230 1
2240 0.000637 1120.500000 2240 1
2250 0.000640 1125.500000 2250 1
2260 0.000642 1130.500000 2260 1
2270 0.000646 1135.500000 2270 1
2280 0.000667 1140.500000 2280 1
2290 0.000660 1145.500000 2290 1
2300 0.000654 1150.500000 2300 1
2310 0.000657 1155.500000 2310 1
2320 0.000659 1160.500000 2320 1
2330 0.000662 1165.500000 2330 1
2340 0.000665 1170.500000 2340 1
2350 0.000668 1175.500000 2350 1
2360 0.000670 1180.500000 2360 1
2370 0.000678 1185.500000 2370 1
2380 0.000676 1190.500000 2380 1
2390 0.000679 1195.500000 2390 1
2400 0.000682 1200.500000 2400 1
2410 0.000684 1205.500000 2410 1
2420 0.000687 1210.500000 2420 1
2430 0.000690 1215.500000 2430 1
2440 0.000693 1220.500000 2440 1
2450 0.000695 1225.500000 2450 1
2460 0.000698 1230.500000 2460 1
2470 0.000701 1235.500000 2470 1
2480 0.000704 1240.500000 2480 1
2490 0.000706 1245.500000 2490 1
2500 0.000709 1250.500000 2500 1
2510 0.000712 1255.500000 2510 1
2520 0.000715 1260.500000 2520 1
2530 0.000717 1265.500000 2530 1
2540 0.000721 1270.500000 2540 1
2550 0.000747 1275.500000 2550 1
2560 0.000729 1280.500000 2560 1
2570 0.000729 1285.500000 2570 1
2580 0.000733 1290.500000 2580 1
2590 0.000735 1295.500000 2590 1
2600 0.000737 1300.500000 2600 1
2610 0.000740 1305.500000 2610 1
2620 0.000742 1310.500000 2620 1
2630 0.000746 1315.500000 2630 1
2640 0.000749 1320.500000 2640 1
2650 0.000751 1325.500000 2650 1
2660 0.000754 1330.500000 2660 1
2670 0.000757 1335.500000 2670 1
2680 0.000760 1340.500000 2680 1
2690 0.000762 1345.500000 2690 1
2700 0.000765 1350.500000 2700 1
2710 0.000768 1355.500000 2710 1
2720 0.000771 1360.500000 2720 1
2730 0.000774 1365.500000 2730 1
2740 0.000776 1370.500000 2740 1
2750 0.000779 1375.500000 2750 1
2760 0.000782 1380.500000 2760 1
2770 0.000785 1385.500000 2770 1
2780 0.000787 1390.500000 2780 1
2790 0.000790 1395.500000 2790 1
2800 0.000793 1400.500000 2800 1
2810 0.000796 1405.500000 2810 1
2820 0.000799 1410.500000 2820 1
2830 0.000802 1415.500000 2830 1
2840 0.000804 1420.500000 2840 1
2850 0.000807 1425.500000 2850 1
2860 0.000810 1430.500000 2860 1
2870 0.000813 1435.500000 2870 1
2880 0.000815 1440.500000 2880 1
2890 0.000818 1445.500000 2890 1
2900 0.000821 1450.500000 2900 1
2910 0.000824 1455.500000 2910 1
2920 0.000826 1460.500000 2920 1
2930 0.000829 1465.500000 2930 1
2940 0.000841 1470.500000 2940 1
2950 0.000834 1475.500000 2950 1
2960 0.000838 1480.500000 2960 1
2970 0.000841 1485.500000 2970 1
2980 0.000843 1490.500000 2980 1
2990 0.000848 1495.500000 2990 1
3000 0.000849 1500.500000 3000 1
3010 0.000851 1505.500000 3010 1
3020 0.000854 1510.500000 3020 1
3030 0.000857 1515.500000 3030 1
3040 0.000860 1520.500000 3040 1
3050 0.000863 1525.500000 3050 1
3060 0.000865 1530.500000 3060 1
3070 0.000868 1535.500000 3070 1
3080 0.000871 1540.500000 3080 1
3090 0.000873 1545.500000 3090 1
3100 0.000876 1550.500000 3100 1
3110 0.000879 1555.500000 3110 1
3120 0.000882 1560.500000 3120 1
3130 0.000885 1565.500000 3130 1
3140 0.000888 1570.500000 3140 1
3150 0.000891 1575.500000 3150 1
3160 0.000893 1580.500000 3160 1
3170 0.000896 1585.500000 3170 1
3180 0.000904 1590.500000 3180 1
3190 0.000902 1595.500000 3190 1
3200 0.000907 1600.500000 3200 1
3210 0.000911 1605.500000 3210 1
3220 0.000910 1610.500000 3220 1
3230 0.000914 1615.500000 3230 1
3240 0.000916 1620.500000 3240 1
3250 0.000918 1625.500000 3250 1
3260 0.000921 1630.500000 3260 1
3270 0.000924 1635.500000 3270 1
3280 0.000927 1640.500000 3280 1
3290 0.000929 1645.500000 3290 1
3300 0.000932 1650.500000 3300 1
3310 0.000935 1655.500000 3310 1
3320 0.000938 1660.500000 3320 1
3330 0.000941 1665.500000 3330 1
3340 0.000943 1670.500000 3340 1
3350 0.000946 1675.500000 3350 1
3360 0.000949 1680.500000 3360 1
3370 0.000952 1685.500000 3370 1
3380 0.000955 1690.500000 3380 1
3390 0.000965 1695.500000 3390 1
3400 0.000960 1700.500000 3400 1
3410 0.000963 1705.500000 3410 1
3420 0.000966 1710.500000 3420 1
3430 0.000969 1715.500000 3430 1
3440 0.000971 1720.500000 3440 1
3450 0.000974 1725.500000 3450 1
3460 0.000977 1730.500000 3460 1
3470 0.000980 1735.500000 3470 1
3480 0.000983 1740.500000 3480 1
3490 0.000985 1745.500000 3490 1
3500 0.000988 1750.500000 3500 1
3510 0.000991 1755.500000 3510 1
3520 0.000994 1760.500000 3520 1
3530 0.000996 1765.500000 3530 1
3540 0.000999 1770.500000 3540 1
3550 0.001002 1775.500000 3550 1
3560 0.001005 1780.500000 3560 1
3570 0.001007 1785.500000 3570 1
3580 0.001010 1790.500000 3580 1
3590 0.001013 1795.500000 3590 1
3600 0.001016 1800.500000 3600 1
3610 0.001018 1805.500000 3610 1
3620 0.001022 1810.500000 3620 1
3630 0.001024 1815.500000 3630 1
3640 0.001032 1820.500000 3640 1
3650 0.001030 1825.500000 3650 1
3660 0.001032 1830.500000 3660 1
3670 0.001035 1835.500000 3670 1
3680 0.001038 1840.500000 3680 1
3690 0.001041 1845.500000 3690 1
3700 0.001043 1850.500000 3700 1
3710 0.001046 1855.500000 3710 1
3720 0.001049 1860.500000 3720 1
3730 0.001052 1865.500000 3730 1
3740 0.001055 1870.500000 3740 1
3750 0.001058 1875.500000 3750 1
3760 0.001061 1880.500000 3760 1
3770 0.001063 1885.500000 3770 1
3780 0.001066 1890.500000 3780 1
3790 0.001069 1895.500000 3790 1
3800 0.001072 1900.500000 3800 1
3810 0.001074 1905.500000 3810 1
3820 0.001077 1910.500000 3820 1
3830 0.001080 1915.500000 3830 1
3840 0.001085 1920.500000 3840 1
3850 0.001085 1925.500000 3850 1
3860 0.001091 1930.500000 3860 1
3870 0.001098 1935.500000 3870 1
3880 0.001101 1940.500000 3880 1
3890 0.001103 1945.500000 3890 1
3900 0.001106 1950.500000 3900 1
3910 0.001157 1955.500000 3910 1
3920 0.001111 1960.500000 3920 1
3930 0.001115 1965.500000 3930 1
3940 0.001114 1970.500000 3940 1
3950 0.001117 1975.500000 3950 1
3960 0.001121 1980.500000 3960 1
3970 0.001123 1985.500000 3970 1
3980 0.001125 1990.500000 3980 1
3990 0.001129 1995.500000 3990 1
4000 0.001133 2000.500000 4000 1
4010 0.001134 2005.500000 4010 1
4020 0.001136 2010.500000 4020 1
4030 0.001136 2015.500000 4030 1
4040 0.001139 2020.500000 4040 1
4050 0.001143 2025.500000 4050 1
4060 0.001144 2030.500000 4060 1
4070 0.001147 2035.500000 4070 1
4080 0.001150 2040.500000 4080 1
4090 0.001153 2045.500000 4090 1
4100 0.001155 2050.500000 4100 1
4110 0.001158 2055.500000 4110 1
4120 0.001162 2060.500000 4120 1
4130 0.001164 2065.500000 4130 1
4140 0.001166 2070.500000 4140 1
4150 0.001169 2075.500000 4150 1
4160 0.001172 2080.500000 4160 1
4170 0.001175 2085.500000 4170 1
4180 0.001177 2090.500000 4180 1
4190 0.001181 2095.500000 4190 1
4200 0.001183 2100.500000 4200 1
4210 0.001186 2105.500000 4210 1
4220 0.001189 2110.500000 4220 1
4230 0.001192 2115.500000 4230 1
4240 0.001194 2120.500000 4240 1
4250 0.001197 2125.500000 4250 1
4260 0.001200 2130.500000 4260 1
4270 0.001203 2135.500000 4270 1
4280 0.001205 2140.500000 4280 1
4290 0.001208 2145.500000 4290 1
4300 0.001211 2150.500000 4300 1
4310 0.001217 2155.500000 4310 1
4320 0.001217 2160.500000 4320 1
4330 0.001220 2165.500000 4330 1
4340 0.001222 2170.500000 4340 1
4350 0.001225 2175.500000 4350 1
4360 0.001228 2180.500000 4360 1
4370 0.001236 2185.500000 4370 1
4380 0.001244 2190.500000 4380 1
4390 0.001251 2195.500000 4390 1
4400 0.001240 2200.500000 4400 1
4410 0.001242 2205.500000 4410 1
4420 0.001245 2210.500000 4420 1
4430 0.001247 2215.500000 4430 1
4440 0.001251 2220.500000 4440 1
4450 0.001253 2225.500000 4450 1
4460 0.001261 2230.500000 4460 1
4470 0.001259 2235.500000 4470 1
4480 0.001261 2240.500000 4480 1
4490 0.001264 2245.500000 4490 1
4500 0.001268 2250.500000 4500 1
4510 0.001269 2255.500000 4510 1
4520 0.001272 2260.500000 4520 1
4530 0.001275 2265.500000 4530 1
4540 0.001278 2270.500000 4540 1
4550 0.001281 2275.500000 4550 1
4560 0.001285 2280.500000 4560 1
4570 0.001286 2285.500000 4570 1
4580 0.001291 2290.500000 4580 1
4590 0.001292 2295.500000 4590 1
4600 0.001294 2300.500000 4600 1
4610 0.001298 2305.500000 4610 1
4620 0.001300 2310.500000 4620 1
4630 0.001303 2315.500000 4630 1
4640 0.001306 2320.500000 4640 1
4650 0.001309 2325.500000 4650 1
4660 0.001311 2330.500000 4660 1
4670 0.001314 2335.500000 4670 1
4680 0.001317 2340.500000 4680 1
4690 0.001320 2345.500000 4690 1
4700 0.001322 2350.500000 4700 1
4710 0.001325 2355.500000 4710 1
4720 0.001328 2360.500000 4720 1
4730 0.001331 2365.500000 4730 1
4740 0.001334 2370.500000 4740 1
4750 0.001336 2375.500000 4750 1
4760 0.001339 2380.500000 4760 1
4770 0.001342 2385.500000 4770 1
4780 0.001345 2390.500000 4780 1
4790 0.001348 2395.500000 4790 1
4800 0.001350 2400.500000 4800 1
4810 0.001353 2405.500000 4810 1
4820 0.001358 2410.500000 4820 1
4830 0.001359 2415.500000 4830 1
4840 0.001361 2420.500000 4840 1
4850 0.001367 2425.500000 4850 1
4860 0.001367 2430.500000 4860 1
4870 0.001369 2435.500000 4870 1
4880 0.001374 2440.500000 4880 1
4890 0.001376 2445.500000 4890 1
4900 0.001378 2450.500000 4900 1
4910 0.001381 2455.500000 4910 1
4920 0.001384 2460.500000 4920 1
4930 0.001387 2465.500000 4930 1
4940 0.001402 2470.500000 4940 1
4950 0.001407 2475.500000 4950 1
4960 0.001396 2480.500000 4960 1
4970 0.001406 2485.500000 4970 1
4980 0.001447 2490.500000 4980 1
4990 0.001406 2495.500000 4990 1
5000 0.001406 2500.500000 5000 1
5010 0.001409 2505.500000 5010 1
5020 0.001416 2510.500000 5020 1
5030 0.001414 2515.500000 5030 1
5040 0.001419 2520.500000 5040 1
5050 0.001420 2525.500000 5050 1
5060 0.001424 2530.500000 5060 1
5070 0.001426 2535.500000 5070 1
5080 0.001442 2540.500000 5080 1
5090 0.001431 2545.500000 5090 1
5100 0.001434 2550.500000 5100 1
5110 0.001437 2555.500000 5110 1
5120 0.001439 2560.500000 5120 1
5130 0.001443 2565.500000 5130 1
5140 0.001445 2570.500000 5140 1
5150 0.001448 2575.500000 5150 1
5160 0.001451 2580.500000 5160 1
5170 0.001453 2585.500000 5170 1
5180 0.001456 2590.500000 5180 1
5190 0.001459 2595.500000 5190 1
5200 0.001462 2600.500000 5200 1
5210 0.001465 2605.500000 5210 1
5220 0.001467 2610.500000 5220 1
5230 0.001470 2615.500000 5230 1
5240 0.001474 2620.500000 5240 1
5250 0.001477 2625.500000 5250 1
5260 0.001478 2630.500000 5260 1
5270 0.001481 2635.500000 5270 1
5280 0.001484 2640.500000 5280 1
5290 0.001487 2645.500000 5290 1
5300 0.001490 2650.500000 5300 1
5310 0.001493 2655.500000 5310 1
5320 0.001495 2660.500000 5320 1
5330 0.001498 2665.500000 5330 1
5340 0.001505 2670.500000 5340 1
5350 0.001505 2675.500000 5350 1
5360 0.001506 2680.500000 5360 1
5370 0.001509 2685.500000 5370 1
5380 0.001512 2690.500000 5380 1
5390 0.001514 2695.500000 5390 1
5400 0.001518 2700.500000 5400 1
5410 0.001521 2705.500000 5410 1
5420 0.001523 2710.500000 5420 1
5430 0.001529 2715.500000 5430 1
5440 0.001529 2720.500000 5440 1
5450 0.001531 2725.500000 5450 1
5460 0.001534 2730.500000 5460 1
5470 0.001537 2735.500000 5470 1
5480 0.001541 2740.500000 5480 1
5490 0.001543 2745.500000 5490 1
5500 0.001557 2750.500000 5500 1
5510 0.001548 2755.500000 5510 1
5520 0.001551 2760.500000 5520 1
5530 0.001554 2765.500000 5530 1
5540 0.001556 2770.500000 5540 1
5550 0.001559 2775.500000 5550 1
5560 0.001562 2780.500000 5560 1
5570 0.001565 2785.500000 5570 1
5580 0.001568 2790.500000 5580 1
5590 0.001570 2795.500000 5590 1
5600 0.001574 2800.500000 5600 1
5610 0.001576 2805.500000 5610 1
5620 0.001579 2810.500000 5620 1
5630 0.001581 2815.500000 5630 1
5640 0.001584 2820.500000 5640 1
5650 0.001587 2825.500000 5650 1
5660 0.001590 2830.500000 5660 1
5670 0.001592 2835.500000 5670 1
5680 0.001600 2840.500000 5680 1
5690 0.001598 2845.500000 5690 1
5700 0.001601 2850.500000 5700 1
5710 0.001604 2855.500000 5710 1
5720 0.001640 2860.500000 5720 1
5730 0.001609 2865.500000 5730 1
5740 0.001612 2870.500000 5740 1
5750 0.001615 2875.500000 5750 1
5760 0.001618 2880.500000 5760 1
5770 0.001621 2885.500000 5770 1
5780 0.001624 2890.500000 5780 1
5790 0.001626 2895.500000 5790 1
5800 0.001629 2900.500000 5800 1
5810 0.001632 2905.500000 5810 1
5820 0.001635 2910.500000 5820 1
5830 0.001637 2915.500000 5830 1
5840 0.001640 2920.500000 5840 1
5850 0.001643 2925.500000 5850 1
5860 0.001646 2930.500000 5860 1
5870 0.001648 2935.500000 5870 1
5880 0.001651 2940.500000 5880 1
5890 0.001654 2945.500000 5890 1
5900 0.001657 2950.500000 5900 1
5910 0.001659 2955.500000 5910 1
5920 0.001664 2960.500000 5920 1
5930 0.001665 2965.500000 5930 1
5940 0.001668 2970.500000 5940 1
5950 0.001670 2975.500000 5950 1
5960 0.001677 2980.500000 5960 1
5970 0.001676 2985.500000 5970 1
5980 0.001680 2990.500000 5980 1
5990 0.001682 2995.500000 5990 1
6000 0.001685 3000.500000 6000 1
6010 0.001691 3005.500000 6010 1
6020 0.001691 3010.500000 6020 1
6030 0.001693 3015.500000 6030 1
6040 0.001696 3020.500000 6040 1
6050 0.001698 3025.500000 6050 1
6060 0.001702 3030.500000 6060 1
6070 0.001706 3035.500000 6070 1
6080 0.001707 3040.500000 6080 1
6090 0.001710 3045.500000 6090 1
6100 0.001713 3050.500000 6100 1
6110 0.001717 3055.500000 6110 1
6120 0.001719 3060.500000 6120 1
6130 0.001721 3065.500000 6130 1
6140 0.001724 3070.500000 6140 1
6150 0.001727 3075.500000 6150 1
6160 0.001729 3080.500000 6160 1
6170 0.001732 3085.500000 6170 1
6180 0.001735 3090.500000 6180 1
6190 0.001738 3095.500000 6190 1
6200 0.001740 3100.500000 6200 1
6210 0.001745 3105.500000 6210 1
6220 0.001746 3110.500000 6220 1
6230 0.001749 3115.500000 6230 1
6240 0.001752 3120.500000 6240 1
6250 0.001755 3125.500000 6250 1
6260 0.001757 3130.500000 6260 1
6270 0.001760 3135.500000 6270 1
6280 0.001763 3140.500000 6280 1
6290 0.001766 3145.500000 6290 1
6300 0.001768 3150.500000 6300 1
6310 0.001800 3155.500000 6310 1
6320 0.001774 3160.500000 6320 1
6330 0.001777 3165.500000 6330 1
6340 0.001782 3170.500000 6340 1
6350 0.001782 3175.500000 6350 1
6360 0.001785 3180.500000 6360 1
6370 0.001788 3185.500000 6370 1
6380 0.001791 3190.500000 6380 1
6390 0.001794 3195.500000 6390 1
6400 0.001796 3200.500000 6400 1
6410 0.001799 3205.500000 6410 1
6420 0.001802 3210.500000 6420 1
6430 0.001804 3215.500000 6430 1
6440 0.001807 3220.500000 6440 1
6450 0.001810 3225.500000 6450 1
6460 0.001813 3230.500000 6460 1
6470 0.001816 3235.500000 6470 1
6480 0.001820 3240.500000 6480 1
6490 0.001821 3245.500000 6490 1
6500 0.001824 3250.500000 6500 1
6510 0.001827 3255.500000 6510 1
6520 0.001830 3260.500000 6520 1
6530 0.001832 3265.500000 6530 1
6540 0.001835 3270.500000 6540 1
6550 0.001843 3275.500000 6550 1
6560 0.001841 3280.500000 6560 1
6570 0.001844 3285.500000 6570 1
6580 0.001846 3290.500000 6580 1
6590 0.001849 3295.500000 6590 1
6600 0.001853 3300.500000 6600 1
6610 0.001855 3305.500000 6610 1
6620 0.001857 3310.500000 6620 1
6630 0.001860 3315.500000 6630 1
6640 0.001864 3320.500000 6640 1
6650 0.001870 3325.500000 6650 1
6660 0.001886 3330.500000 6660 1
6670 0.001872 3335.500000 6670 1
6680 0.001874 3340.500000 6680 1
6690 0.001877 3345.500000 6690 1
6700 0.001881 3350.500000 6700 1
6710 0.001883 3355.500000 6710 1
6720 0.001887 3360.500000 6720 1
6730 0.001888 3365.500000 6730 1
6740 0.001891 3370.500000 6740 1
6750 0.001894 3375.500000 6750 1
6760 0.001896 3380.500000 6760 1
6770 0.001899 3385.500000 6770 1
6780 0.001902 3390.500000 6780 1
6790 0.001905 3395.500000 6790 1
6800 0.001934 3400.500000 6800 1
6810 0.001911 3405.500000 6810 1
6820 0.001913 3410.500000 6820 1
6830 0.001921 3415.500000 6830 1
6840 0.001919 3420.500000 6840 1
6850 0.001963 3425.500000 6850 1
6860 0.001979 3430.500000 6860 1
6870 0.001928 3435.500000 6870 1
6880 0.001997 3440.500000 6880 1
6890 0.001969 3445.500000 6890 1
6900 0.001940 3450.500000 6900 1
6910 0.001939 3455.500000 6910 1
6920 0.001941 3460.500000 6920 1
6930 0.001961 3465.500000 6930 1
6940 0.002509 3470.500000 6940 1
6950 0.002437 3475.500000 6950 1
6960 0.003246 3480.500000 6960 1
6970 0.002184 3485.500000 6970 1
6980 0.001981 3490.500000 6980 1
6990 0.001970 3495.500000 6990 1
7000 0.002013 3500.500000 7000 1
7010 0.001979 3505.500000 7010 1
7020 0.001979 3510.500000 7020 1
7030 0.001972 3515.500000 7030 1
7040 0.001976 3520.500000 7040 1
7050 0.001978 3525.500000 7050 1
7060 0.001981 3530.500000 7060 1
7070 0.001992 3535.500000 7070 1
7080 0.001987 3540.500000 7080 1
7090 0.001988 3545.500000 7090 1
7100 0.001991 3550.500000 7100 1
7110 0.001995 3555.500000 7110 1
7120 0.001997 3560.500000 7120 1
7130 0.002000 3565.500000 7130 1
7140 0.002003 3570.500000 7140 1
7150 0.002008 3575.500000 7150 1
7160 0.002008 3580.500000 7160 1
7170 0.002010 3585.500000 7170 1
7180 0.002014 3590.500000 7180 1
7190 0.002017 3595.500000 7190 1
7200 0.002019 3600.500000 7200 1
7210 0.002022 3605.500000 7210 1
7220 0.002051 3610.500000 7220 1
7230 0.002028 3615.500000 7230 1
7240 0.002033 3620.500000 7240 1
7250 0.002033 3625.500000 7250 1
7260 0.002036 3630.500000 7260 1
7270 0.002038 3635.500000 7270 1
7280 0.002042 3640.500000 7280 1
7290 0.002045 3645.500000 7290 1
7300 0.002047 3650.500000 7300 1
7310 0.002053 3655.500000 7310 1
7320 0.002053 3660.500000 7320 1
7330 0.002056 3665.500000 7330 1
7340 0.002058 3670.500000 7340 1
7350 0.002062 3675.500000 7350 1
7360 0.002063 3680.500000 7360 1
7370 0.002066 3685.500000 7370 1
7380 0.002069 3690.500000 7380 1
7390 0.002073 3695.500000 7390 1
7400 0.002075 3700.500000 7400 1
7410 0.002084 3705.500000 7410 1
7420 0.002081 3710.500000 7420 1
7430 0.002083 3715.500000 7430 1
7440 0.002086 3720.500000 7440 1
7450 0.002093 3725.500000 7450 1
7460 0.002092 3730.500000 7460 1
7470 0.002094 3735.500000 7470 1
7480 0.002098 3740.500000 7480 1
7490 0.002100 3745.500000 7490 1
7500 0.002103 3750.500000 7500 1
7510 0.002105 3755.500000 7510 1
7520 0.002108 3760.500000 7520 1
7530 0.002111 3765.500000 7530 1
7540 0.002114 3770.500000 7540 1
7550 0.002117 3775.500000 7550 1
7560 0.002119 3780.500000 7560 1
7570 0.002123 3785.500000 7570 1
7580 0.002126 3790.500000 7580 1
7590 0.002128 3795.500000 7590 1
7600 0.002140 3800.500000 7600 1
7610 0.002166 3805.500000 7610 1
7620 0.002138 3810.500000 7620 1
7630 0.002140 3815.500000 7630 1
7640 0.002142 3820.500000 7640 1
7650 0.002146 3825.500000 7650 1
7660 0.002156 3830.500000 7660 1
7670 0.002150 3835.500000 7670 1
7680 0.002153 3840.500000 7680 1
7690 0.002156 3845.500000 7690 1
7700 0.002159 3850.500000 7700 1
7710 0.002162 3855.500000 7710 1
7720 0.002164 3860.500000 7720 1
7730 0.002176 3865.500000 7730 1
7740 0.002170 3870.500000 7740 1
7750 0.002176 3875.500000 7750 1
7760 0.002175 3880.500000 7760 1
7770 0.002178 3885.500000 7770 1
7780 0.002186 3890.500000 7780 1
7790 0.002184 3895.500000 7790 1
7800 0.002186 3900.500000 7800 1
7810 0.002191 3905.500000 7810 1
7820 0.002194 3910.500000 7820 1
7830 0.002195 3915.500000 7830 1
7840 0.002199 3920.500000 7840 1
7850 0.002210 3925.500000 7850 1
7860 0.002205 3930.500000 7860 1
7870 0.002206 3935.500000 7870 1
7880 0.002209 3940.500000 7880 1
7890 0.002211 3945.500000 7890 1
7900 0.002217 3950.500000 7900 1
7910 0.002217 3955.500000 7910 1
7920 0.002224 3960.500000 7920 1
7930 0.002223 3965.500000 7930 1
7940 0.002229 3970.500000 7940 1
7950 0.002230 3975.500000 7950 1
7960 0.002255 3980.500000 7960 1
7970 0.002236 3985.500000 7970 1
7980 0.002238 3990.500000 7980 1
7990 0.002243 3995.500000 7990 1
8000 0.002242 4000.500000 8000 1
8010 0.002245 4005.500000 8010 1
8020 0.002249 4010.500000 8020 1
8030 0.002250 4015.500000 8030 1
8040 0.002256 4020.500000 8040 1
8050 0.002257 4025.500000 8050 1
8060 0.002259 4030.500000 8060 1
8070 0.002263 4035.500000 8070 1
8080 0.002264 4040.500000 8080 1
8090 0.002269 4045.500000 8090 1
8100 0.002270 4050.500000 8100 1
8110 0.002276 4055.500000 8110 1
8120 0.002276 4060.500000 8120 1
8130 0.002279 4065.500000 8130 1
8140 0.002281 4070.500000 8140 1
8150 0.002631 4075.500000 8150 1
8160 0.002288 4080.500000 8160 1
8170 0.002290 4085.500000 8170 1
8180 0.002295 4090.500000 8180 1
8190 0.002295 4095.500000 8190 1
8200 0.002298 4100.500000 8200 1
8210 0.002301 4105.500000 8210 1
8220 0.002303 4110.500000 8220 1
8230 0.002307 4115.500000 8230 1
8240 0.002310 4120.500000 8240 1
8250 0.002312 4125.500000 8250 1
8260 0.002318 4130.500000 8260 1
8270 0.002317 4135.500000 8270 1
8280 0.002342 4140.500000 8280 1
8290 0.002324 4145.500000 8290 1
8300 0.002326 4150.500000 8300 1
8310 0.002329 4155.500000 8310 1
8320 0.002331 4160.500000 8320 1
8330 0.002334 4165.500000 8330 1
8340 0.002337 4170.500000 8340 1
8350 0.002340 4175.500000 8350 1
8360 0.002343 4180.500000 8360 1
8370 0.002345 4185.500000 8370 1
8380 0.002349 4190.500000 8380 1
8390 0.002354 4195.500000 8390 1
8400 0.002355 4200.500000 8400 1
8410 0.002357 4205.500000 8410 1
8420 0.002361 4210.500000 8420 1
8430 0.002365 4215.500000 8430 1
8440 0.002365 4220.500000 8440 1
8450 0.002368 4225.500000 8450 1
8460 0.002372 4230.500000 8460 1
8470 0.002373 4235.500000 8470 1
8480 0.002376 4240.500000 8480 1
8490 0.002379 4245.500000 8490 1
8500 0.002382 4250.500000 8500 1
8510 0.002386 4255.500000 8510 1
8520 0.002387 4260.500000 8520 1
8530 0.002390 4265.500000 8530 1
8540 0.002393 4270.500000 8540 1
8550 0.002398 4275.500000 8550 1
8560 0.002399 4280.500000 8560 1
8570 0.002401 4285.500000 8570 1
8580 0.002424 4290.500000 8580 1
8590 0.002407 4295.500000 8590 1
8600 0.002412 4300.500000 8600 1
8610 0.002413 4305.500000 8610 1
8620 0.002415 4310.500000 8620 1
8630 0.002418 4315.500000 8630 1
8640 0.002421 4320.500000 8640 1
8650 0.002424 4325.500000 8650 1
8660 0.002426 4330.500000 8660 1
8670 0.002461 4335.500000 8670 1
8680 0.002469 4340.500000 8680 1
8690 0.002436 4345.500000 8690 1
8700 0.002440 4350.500000 8700 1
8710 0.002441 4355.500000 8710 1
8720 0.002447 4360.500000 8720 1
8730 0.002446 4365.500000 8730 1
8740 0.002458 4370.500000 8740 1
8750 0.002453 4375.500000 8750 1
8760 0.002454 4380.500000 8760 1
8770 0.002771 4385.500000 8770 1
8780 0.002802 4390.500000 8780 1
8790 0.002494 4395.500000 8790 1
8800 0.002472 4400.500000 8800 1
8810 0.002471 4405.500000 8810 1
8820 0.002481 4410.500000 8820 1
8830 0.002476 4415.500000 8830 1
8840 0.002479 4420.500000 8840 1
8850 0.002501 4425.500000 8850 1
8860 0.002483 4430.500000 8860 1
8870 0.002516 4435.500000 8870 1
8880 0.002496 4440.500000 8880 1
8890 0.002495 4445.500000 8890 1
8900 0.002501 4450.500000 8900 1
8910 0.002503 4455.500000 8910 1
8920 0.002502 4460.500000 8920 1
8930 0.002502 4465.500000 8930 1
8940 0.002506 4470.500000 8940 1
8950 0.002508 4475.500000 8950 1
8960 0.002517 4480.500000 8960 1
8970 0.002514 4485.500000 8970 1
8980 0.002516 4490.500000 8980 1
8990 0.002518 4495.500000 8990 1
9000 0.002523 4500.500000 9000 1
9010 0.002524 4505.500000 9010 1
9020 0.002527 4510.500000 9020 1
9030 0.002530 4515.500000 9030 1
9040 0.002536 4520.500000 9040 1
9050 0.002536 4525.500000 9050 1
9060 0.002538 4530.500000 9060 1
9070 0.002543 4535.500000 9070 1
9080 0.002544 4540.500000 9080 1
9090 0.002547 4545.500000 9090 1
9100 0.002549 4550.500000 9100 1
9110 0.002552 4555.500000 9110 1
9120 0.002577 4560.500000 9120 1
9130 0.002559 4565.500000 9130 1
9140 0.002560 4570.500000 9140 1
9150 0.002564 4575.500000 9150 1
9160 0.002578 4580.500000 9160 1
9170 0.002593 4585.500000 9170 1
9180 0.002628 4590.500000 9180 1
9190 0.002640 4595.500000 9190 1
9200 0.002591 4600.500000 9200 1
9210 0.002582 4605.500000 9210 1
9220 0.002586 4610.500000 9220 1
9230 0.002586 4615.500000 9230 1
9240 0.002589 4620.500000 9240 1
9250 0.002591 4625.500000 9250 1
9260 0.002594 4630.500000 9260 1
9270 0.002597 4635.500000 9270 1
9280 0.002602 4640.500000 9280 1
9290 0.002607 4645.500000 9290 1
9300 0.002605 4650.500000 9300 1
9310 0.002608 4655.500000 9310 1
9320 0.002612 4660.500000 9320 1
9330 0.002613 4665.500000 9330 1
9340 0.002617 4670.500000 9340 1
9350 0.002619 4675.500000 9350 1
9360 0.002622 4680.500000 9360 1
9370 0.002642 4685.500000 9370 1
9380 0.002627 4690.500000 9380 1
9390 0.002630 4695.500000 9390 1
9400 0.002632 4700.500000 9400 1
9410 0.002635 4705.500000 9410 1
9420 0.002638 4710.500000 9420 1
9430 0.002641 4715.500000 9430 1
9440 0.002644 4720.500000 9440 1
9450 0.002649 4725.500000 9450 1
9460 0.002653 4730.500000 9460 1
9470 0.002654 4735.500000 9470 1
9480 0.002655 4740.500000 9480 1
9490 0.002658 4745.500000 9490 1
9500 0.002661 4750.500000 9500 1
9510 0.002663 4755.500000 9510 1
9520 0.002666 4760.500000 9520 1
9530 0.002672 4765.500000 9530 1
9540 0.002672 4770.500000 9540 1
9550 0.002674 4775.500000 9550 1
9560 0.002678 4780.500000 9560 1
9570 0.002680 4785.500000 9570 1
9580 0.002683 4790.500000 9580 1
9590 0.002688 4795.500000 9590 1
9600 0.002688 4800.500000 9600 1
9610 0.002710 4805.500000 9610 1
9620 0.002694 4810.500000 9620 1
9630 0.002696 4815.500000 9630 1
9640 0.002699 4820.500000 9640 1
9650 0.002702 4825.500000 9650 1
9660 0.002705 4830.500000 9660 1
9670 0.002709 4835.500000 9670 1
9680 0.002715 4840.500000 9680 1
9690 0.002717 4845.500000 9690 1
9700 0.002719 4850.500000 9700 1
9710 0.002719 4855.500000 9710 1
9720 0.002722 4860.500000 9720 1
9730 0.002724 4865.500000 9730 1
9740 0.002727 4870.500000 9740 1
9750 0.002730 4875.500000 9750 1
9760 0.002738 4880.500000 9760 1
9770 0.002736 4885.500000 9770 1
9780 0.002738 4890.500000 9780 1
9790 0.002743 4895.500000 9790 1
9800 0.002744 4900.500000 9800 1
9810 0.002748 4905.500000 9810 1
9820 0.002750 4910.500000 9820 1
9830 0.002770 4915.500000 9830 1
9840 0.002756 4920.500000 9840 1
9850 0.002758 4925.500000 9850 1
9860 0.002762 4930.500000 9860 1
9870 0.002764 4935.500000 9870 1
9880 0.002767 4940.500000 9880 1
9890 0.002769 4945.500000 9890 1
9900 0.002773 4950.500000 9900 1
9910 0.002775 4955.500000 9910 1
9920 0.002783 4960.500000 9920 1
9930 0.002780 4965.500000 9930 1
9940 0.002783 4970.500000 9940 1
9950 0.002786 4975.500000 9950 1
9960 0.002789 4980.500000 9960 1
9970 0.002791 4985.500000 9970 1
9980 0.002798 4990.500000 9980 1
9990 0.002801 4995.500000 9990 1
10000 0.002800 5000.500000 10000 1
