1000 0.000021 10.565417 1000 1
1010 0.000021 10.334313 1010 1
1020 0.000021 10.253618 1020 1
1030 0.000021 10.833356 1030 1
1040 0.000021 10.633845 1040 1
1050 0.000021 10.856373 1050 1
1060 0.000021 10.884789 1060 1
1070 0.000021 10.855036 1070 1
1080 0.000021 10.807547 1080 1
1090 0.000021 10.672281 1090 1
1100 0.000021 10.927270 1100 1
1110 0.000021 10.655072 1110 1
1120 0.000021 10.974074 1120 1
1130 0.000021 11.447164 1130 1
1140 0.000021 11.215851 1140 1
1150 0.000021 11.244561 1150 1
1160 0.000021 11.213083 1160 1
1170 0.000021 11.069812 1170 1
1180 0.000021 11.349481 1180 1
1190 0.000021 11.655193 1190 1
1200 0.000022 11.404999 1200 1
1210 0.000021 11.754351 1210 1
1220 0.000021 11.843622 1220 1
1230 0.000021 11.496738 1230 1
1240 0.000021 11.612842 1240 1
1250 0.000021 11.509549 1250 1
1260 0.000021 11.804503 1260 1
1270 0.000021 11.797277 1270 1
1280 0.000021 11.697884 1280 1
1290 0.000022 12.527378 1290 1
1300 0.000022 11.685065 1300 1
1310 0.000021 11.657717 1310 1
1320 0.000021 11.882789 1320 1
1330 0.000022 12.585282 1330 1
1340 0.000022 12.291356 1340 1
1350 0.000022 12.476985 1350 1
1360 0.000021 11.643879 1360 1
1370 0.000022 12.448040 1370 1
1380 0.000022 12.402016 1380 1
1390 0.000022 12.258495 1390 1
1400 0.000022 12.712381 1400 1
1410 0.000022 12.433837 1410 1
1420 0.000022 13.280230 1420 1
1430 0.000022 13.145381 1430 1
1440 0.000022 12.447676 1440 1
1450 0.000022 12.626411 1450 1
1460 0.000022 12.710117 1460 1
1470 0.000022 13.162474 1470 1
1480 0.000022 12.564519 1480 1
1490 0.000022 12.964583 1490 1
1500 0.000022 13.160203 1500 1
1510 0.000022 13.015727 1510 1
1520 0.000022 12.926565 1520 1
1530 0.000022 13.115808 1530 1
1540 0.000022 13.863952 1540 1
1550 0.000022 13.059219 1550 1
1560 0.000022 13.035001 1560 1
1570 0.000022 13.174098 1570 1
1580 0.000022 13.166337 1580 1
1590 0.000022 13.680429 1590 1
1600 0.000022 13.785177 1600 1
1610 0.000022 13.235746 1610 1
1620 0.000022 13.636223 1620 1
1630 0.000023 13.995628 1630 1
1640 0.000022 13.621780 1640 1
1650 0.000023 14.054999 1650 1
1660 0.000022 13.684726 1660 1
1670 0.000022 13.575757 1670 1
1680 0.000023 13.591304 1680 1
1690 0.000023 13.731511 1690 1
1700 0.000023 14.063140 1700 1
1710 0.000022 13.661802 1710 1
1720 0.000023 14.086945 1720 1
1730 0.000023 14.531422 1730 1
1740 0.000023 14.317013 1740 1
1750 0.000023 13.575456 1750 1
1760 0.000023 14.811320 1760 1
1770 0.000023 14.167527 1770 1
1780 0.000022 13.684438 1780 1
1790 0.000023 14.818328 1790 1
1800 0.000023 14.283315 1800 1
1810 0.000023 14.199137 1810 1
1820 0.000023 15.586818 1820 1
1830 0.000023 13.967538 1830 1
1840 0.000023 15.045656 1840 1
1850 0.000023 15.405050 1850 1
1860 0.000023 14.168415 1860 1
1870 0.000023 14.335732 1870 1
1880 0.000024 15.010759 1880 1
1890 0.000023 15.287735 1890 1
1900 0.000023 14.606398 1900 1
1910 0.000023 15.096320 1910 1
1920 0.000023 14.792603 1920 1
1930 0.000023 15.119242 1930 1
1940 0.000023 15.518789 1940 1
1950 0.000024 15.635987 1950 1
1960 0.000024 15.998529 1960 1
1970 0.000023 15.342936 1970 1
1980 0.000024 15.522745 1980 1
1990 0.000023 15.424717 1990 1
2000 0.000024 15.619350 2000 1
2010 0.000024 16.217994 2010 1
2020 0.000024 15.909736 2020 1
2030 0.000024 16.084358 2030 1
2040 0.000024 16.051937 2040 1
2050 0.000024 15.832137 2050 1
2060 0.000024 15.691744 2060 1
2070 0.000024 16.215674 2070 1
2080 0.000024 15.966051 2080 1
2090 0.000024 16.331768 2090 1
2100 0.000024 16.098215 2100 1
2110 0.000024 16.082761 2110 1
2120 0.000024 16.174776 2120 1
2130 0.000024 16.230575 2130 1
2140 0.000024 16.124671 2140 1
2150 0.000024 15.827855 2150 1
2160 0.000024 16.449212 2160 1
2170 0.000024 16.868515 2170 1
2180 0.000024 16.773750 2180 1
2190 0.000024 16.445786 2190 1
2200 0.000025 17.232264 2200 1
2210 0.000024 16.161218 2210 1
2220 0.000024 16.138597 2220 1
2230 0.000024 17.440044 2230 1
2240 0.000024 17.403148 2240 1
2250 0.000024 17.080412 2250 1
2260 0.000024 16.497792 2260 1
2270 0.000025 17.948062 2270 1
2280 0.000024 16.539058 2280 1
2290 0.000024 17.477153 2290 1
2300 0.000024 16.583239 2300 1
2310 0.000025 17.581811 2310 1
2320 0.000025 17.676311 2320 1
2330 0.000024 17.293463 2330 1
2340 0.000025 18.059443 2340 1
2350 0.000024 16.948829 2350 1
2360 0.000025 18.716833 2360 1
2370 0.000025 17.794916 2370 1
2380 0.000025 17.939734 2380 1
2390 0.000024 17.171595 2390 1
2400 0.000024 17.344470 2400 1
2410 0.000025 18.367486 2410 1
2420 0.000025 18.281675 2420 1
2430 0.000025 18.003400 2430 1
2440 0.000025 17.917103 2440 1
2450 0.000025 18.392287 2450 1
2460 0.000025 18.852147 2460 1
2470 0.000025 17.587334 2470 1
2480 0.000025 17.812255 2480 1
2490 0.000025 17.753138 2490 1
2500 0.000025 18.937803 2500 1
2510 0.000025 18.126346 2510 1
2520 0.000025 18.305984 2520 1
2530 0.000025 18.171780 2530 1
2540 0.000025 18.696754 2540 1
2550 0.000025 18.721235 2550 1
2560 0.000025 18.920254 2560 1
2570 0.000025 17.439069 2570 1
2580 0.000026 19.464354 2580 1
2590 0.000025 18.571754 2590 1
2600 0.000025 18.002234 2600 1
2610 0.000025 18.121703 2610 1
2620 0.000026 19.714288 2620 1
2630 0.000025 18.204404 2630 1
2640 0.000025 18.977684 2640 1
2650 0.000025 18.804139 2650 1
2660 0.000026 19.512612 2660 1
2670 0.000026 20.455375 2670 1
2680 0.000026 19.063886 2680 1
2690 0.000026 19.618382 2690 1
2700 0.000026 19.272632 2700 1
2710 0.000026 19.400207 2710 1
2720 0.000026 19.556004 2720 1
2730 0.000026 19.793813 2730 1
2740 0.000026 19.957861 2740 1
2750 0.000026 19.654892 2750 1
2760 0.000026 19.958469 2760 1
2770 0.000026 19.638214 2770 1
2780 0.000026 19.680146 2780 1
2790 0.000026 19.673813 2790 1
2800 0.000026 20.311593 2800 1
2810 0.000027 20.845285 2810 1
2820 0.000026 20.462457 2820 1
2830 0.000026 20.105362 2830 1
2840 0.000026 20.248136 2840 1
2850 0.000026 20.362753 2850 1
2860 0.000026 20.270713 2860 1
2870 0.000026 19.641492 2870 1
2880 0.000026 20.388619 2880 1
2890 0.000027 21.433332 2890 1
2900 0.000026 20.013518 2900 1
2910 0.000026 20.230741 2910 1
2920 0.000027 21.365816 2920 1
2930 0.000026 20.424624 2930 1
2940 0.000026 20.234491 2940 1
2950 0.000026 20.185347 2950 1
2960 0.000026 20.900849 2960 1
2970 0.000026 20.187727 2970 1
2980 0.000026 19.959883 2980 1
2990 0.000026 20.636293 2990 1
3000 0.000028 22.947470 3000 1
3010 0.000026 20.736270 3010 1
3020 0.000027 21.685948 3020 1
3030 0.000027 21.531203 3030 1
3040 0.000027 20.920869 3040 1
3050 0.000027 20.929661 3050 1
3060 0.000027 22.086663 3060 1
3070 0.000027 20.983359 3070 1
3080 0.000027 22.258749 3080 1
3090 0.000027 21.697512 3090 1
3100 0.000026 20.449977 3100 1
3110 0.000027 21.066493 3110 1
3120 0.000027 22.040706 3120 1
3130 0.000026 20.839146 3130 1
3140 0.000027 21.845596 3140 1
3150 0.000028 22.715984 3150 1
3160 0.000027 21.949352 3160 1
3170 0.000027 21.837076 3170 1
3180 0.000028 22.766189 3180 1
3190 0.000028 23.697925 3190 1
3200 0.000027 21.975219 3200 1
3210 0.000027 22.729554 3210 1
3220 0.000027 22.060855 3220 1
3230 0.000027 22.294917 3230 1
3240 0.000027 22.157403 3240 1
3250 0.000027 22.140849 3250 1
3260 0.000027 22.335882 3260 1
3270 0.000027 21.449797 3270 1
3280 0.000027 21.912520 3280 1
3290 0.000028 23.437584 3290 1
3300 0.000028 23.339702 3300 1
3310 0.000028 23.027359 3310 1
3320 0.000028 23.249610 3320 1
3330 0.000027 22.101525 3330 1
3340 0.000027 22.588681 3340 1
3350 0.000027 22.671715 3350 1
3360 0.000027 22.260104 3360 1
3370 0.000027 22.458815 3370 1
3380 0.000027 22.870512 3380 1
3390 0.000028 24.097825 3390 1
3400 0.000027 22.920355 3400 1
3410 0.000027 22.554718 3410 1
3420 0.000027 22.540198 3420 1
3430 0.000027 22.391504 3430 1
3440 0.000030 23.294915 3440 1
3450 0.000029 23.965463 3450 1
3460 0.000028 22.902317 3460 1
3470 0.000030 24.076486 3470 1
3480 0.000028 24.581426 3480 1
3490 0.000028 23.746696 3490 1
3500 0.000028 23.375035 3500 1
3510 0.000028 23.278780 3510 1
3520 0.000029 24.375262 3520 1
3530 0.000028 23.152804 3530 1
3540 0.000027 22.872913 3540 1
3550 0.000028 24.095313 3550 1
3560 0.000028 23.991961 3560 1
3570 0.000028 24.009704 3570 1
3580 0.000028 23.843204 3580 1
3590 0.000029 25.318816 3590 1
3600 0.000028 24.003116 3600 1
3610 0.000028 23.889026 3610 1
3620 0.000028 23.750314 3620 1
3630 0.000028 24.680841 3630 1
3640 0.000028 24.667030 3640 1
3650 0.000028 23.596412 3650 1
3660 0.000028 24.092445 3660 1
3670 0.000028 24.323017 3670 1
3680 0.000029 24.885821 3680 1
3690 0.000028 24.672446 3690 1
3700 0.000029 24.356767 3700 1
3710 0.000030 24.338508 3710 1
3720 0.000029 25.055811 3720 1
3730 0.000028 24.409641 3730 1
3740 0.000029 24.601801 3740 1
3750 0.000028 23.829554 3750 1
3760 0.000029 24.813051 3760 1
3770 0.000029 25.129011 3770 1
3780 0.000029 25.123206 3780 1
3790 0.000029 24.456108 3790 1
3800 0.000029 24.939310 3800 1
3810 0.000028 24.353067 3810 1
3820 0.000029 25.599917 3820 1
3830 0.000029 25.249490 3830 1
3840 0.000029 25.467629 3840 1
3850 0.000029 25.986928 3850 1
3860 0.000030 27.313673 3860 1
3870 0.000030 26.673108 3870 1
3880 0.000029 25.756191 3880 1
3890 0.000030 26.607571 3890 1
3900 0.000029 25.561075 3900 1
3910 0.000029 25.667554 3910 1
3920 0.000029 25.667149 3920 1
3930 0.000029 25.648941 3930 1
3940 0.000029 26.201774 3940 1
3950 0.000029 25.643138 3950 1
3960 0.000030 26.668398 3960 1
3970 0.000030 26.471846 3970 1
3980 0.000029 26.008505 3980 1
3990 0.000030 27.203419 3990 1
4000 0.000029 25.182209 4000 1
4010 0.000030 26.797984 4010 1
4020 0.000029 25.289143 4020 1
4030 0.000030 26.744726 4030 1
4040 0.000030 27.015438 4040 1
4050 0.000029 25.559601 4050 1
4060 0.000030 26.630749 4060 1
4070 0.000030 27.533104 4070 1
4080 0.000029 26.257610 4080 1
4090 0.000031 27.697544 4090 1
4100 0.000029 26.010904 4100 1
4110 0.000030 26.646980 4110 1
4120 0.000030 27.830579 4120 1
4130 0.000030 26.785577 4130 1
4140 0.000030 27.687064 4140 1
4150 0.000031 29.205060 4150 1
4160 0.000030 26.897322 4160 1
4170 0.000030 27.175666 4170 1
4180 0.000030 27.563857 4180 1
4190 0.000030 27.345073 4190 1
4200 0.000030 27.762971 4200 1
4210 0.000030 27.655726 4210 1
4220 0.000030 27.308103 4220 1
4230 0.000030 26.811664 4230 1
4240 0.000030 26.859570 4240 1
4250 0.000030 27.687274 4250 1
4260 0.000030 28.009410 4260 1
4270 0.000030 27.044784 4270 1
4280 0.000030 27.873621 4280 1
4290 0.000030 27.672660 4290 1
4300 0.000030 27.512544 4300 1
4310 0.000030 27.187049 4310 1
4320 0.000031 28.717356 4320 1
4330 0.000030 27.708684 4330 1
4340 0.000030 28.338950 4340 1
4350 0.000031 28.628957 4350 1
4360 0.000030 27.705057 4360 1
4370 0.000030 27.778498 4370 1
4380 0.000030 27.549335 4380 1
4390 0.000031 29.850453 4390 1
4400 0.000031 28.679306 4400 1
4410 0.000031 29.203849 4410 1
4420 0.000030 28.025377 4420 1
4430 0.000031 29.060228 4430 1
4440 0.000030 28.251116 4440 1
4450 0.000031 28.711408 4450 1
4460 0.000031 28.302371 4460 1
4470 0.000031 29.354838 4470 1
4480 0.000031 29.037737 4480 1
4490 0.000031 29.652862 4490 1
4500 0.000030 27.488150 4500 1
4510 0.000032 30.862522 4510 1
4520 0.000031 29.570535 4520 1
4530 0.000031 29.155508 4530 1
4540 0.000032 30.323121 4540 1
4550 0.000030 27.801849 4550 1
4560 0.000032 30.852101 4560 1
4570 0.000031 29.385206 4570 1
4580 0.000031 28.570228 4580 1
4590 0.000032 30.328797 4590 1
4600 0.000032 30.254968 4600 1
4610 0.000031 28.656271 4610 1
4620 0.000032 30.421366 4620 1
4630 0.000031 28.908079 4630 1
4640 0.000031 29.577282 4640 1
4650 0.000030 28.336051 4650 1
4660 0.000031 29.166206 4660 1
4670 0.000031 30.097879 4670 1
4680 0.000032 30.435833 4680 1
4690 0.000031 29.011425 4690 1
4700 0.000031 29.561696 4700 1
4710 0.000032 30.800407 4710 1
4720 0.000031 30.128467 4720 1
4730 0.000031 30.044694 4730 1
4740 0.000031 29.701855 4740 1
4750 0.000032 30.383781 4750 1
4760 0.000031 30.000966 4760 1
4770 0.000032 30.537865 4770 1
4780 0.000031 29.989815 4780 1
4790 0.000032 31.629494 4790 1
4800 0.000032 31.992205 4800 1
4810 0.000032 31.381677 4810 1
4820 0.000032 30.972463 4820 1
4830 0.000032 30.236173 4830 1
4840 0.000032 31.161333 4840 1
4850 0.000032 31.051632 4850 1
4860 0.000032 30.958113 4860 1
4870 0.000032 31.022466 4870 1
4880 0.000032 30.355030 4880 1
4890 0.000032 31.868886 4890 1
4900 0.000032 30.704252 4900 1
4910 0.000032 31.872384 4910 1
4920 0.000032 31.430026 4920 1
4930 0.000034 34.105413 4930 1
4940 0.000032 30.247425 4940 1
4950 0.000032 30.704932 4950 1
4960 0.000033 32.198353 4960 1
4970 0.000033 32.177471 4970 1
4980 0.000032 30.958335 4980 1
4990 0.000033 32.186200 4990 1
5000 0.000032 31.590125 5000 1
5010 0.000032 31.868052 5010 1
5020 0.000033 31.894180 5020 1
5030 0.000033 33.427325 5030 1
5040 0.000032 31.936229 5040 1
5050 0.000033 33.013439 5050 1
5060 0.000031 30.003454 5060 1
5070 0.000033 31.909874 5070 1
5080 0.000033 33.224836 5080 1
5090 0.000033 32.912390 5090 1
5100 0.000033 32.554774 5100 1
5110 0.000033 32.897967 5110 1
5120 0.000033 32.208208 5120 1
5130 0.000034 34.037972 5130 1
5140 0.000032 31.791732 5140 1
5150 0.000034 33.805846 5150 1
5160 0.000033 32.538682 5160 1
5170 0.000033 33.258511 5170 1
5180 0.000032 31.950981 5180 1
5190 0.000033 32.383658 5190 1
5200 0.000033 32.119453 5200 1
5210 0.000034 35.224799 5210 1
5220 0.000033 33.344375 5220 1
5230 0.000033 32.477936 5230 1
5240 0.000033 32.925221 5240 1
5250 0.000033 32.692958 5250 1
5260 0.000033 32.693520 5260 1
5270 0.000033 33.011172 5270 1
5280 0.000033 32.850895 5280 1
5290 0.000032 31.250906 5290 1
5300 0.000033 33.418936 5300 1
5310 0.000033 32.108248 5310 1
5320 0.000034 34.117859 5320 1
5330 0.000033 32.953395 5330 1
5340 0.000033 32.550071 5340 1
5350 0.000033 33.574724 5350 1
5360 0.000033 33.117352 5360 1
5370 0.000034 33.833827 5370 1
5380 0.000033 33.120151 5380 1
5390 0.000033 33.135101 5390 1
5400 0.000034 35.553248 5400 1
5410 0.000035 36.477140 5410 1
5420 0.000034 35.378733 5420 1
5430 0.000034 34.018927 5430 1
5440 0.000033 33.371071 5440 1
5450 0.000033 33.452696 5450 1
5460 0.000033 33.705154 5460 1
5470 0.000035 35.642506 5470 1
5480 0.000033 32.864944 5480 1
5490 0.000034 34.599556 5490 1
5500 0.000034 34.185094 5500 1
5510 0.000034 34.461357 5510 1
5520 0.000033 32.883442 5520 1
5530 0.000034 34.825606 5530 1
5540 0.000034 34.933040 5540 1
5550 0.000034 34.450353 5550 1
5560 0.000034 34.966955 5560 1
5570 0.000034 35.545556 5570 1
5580 0.000034 35.038305 5580 1
5590 0.000034 35.302216 5590 1
5600 0.000035 37.071649 5600 1
5610 0.000033 33.267001 5610 1
5620 0.000034 35.520724 5620 1
5630 0.000034 35.132165 5630 1
5640 0.000034 34.235645 5640 1
5650 0.000034 34.567356 5650 1
5660 0.000034 34.513378 5660 1
5670 0.000035 36.440490 5670 1
5680 0.000034 34.204943 5680 1
5690 0.000035 36.617874 5690 1
5700 0.000036 37.778658 5700 1
5710 0.000039 36.643422 5710 1
5720 0.000035 36.737857 5720 1
5730 0.000036 37.513490 5730 1
5740 0.000035 35.904068 5740 1
5750 0.000035 35.875685 5750 1
5760 0.000034 33.938012 5760 1
5770 0.000034 34.267897 5770 1
5780 0.000035 36.171009 5780 1
5790 0.000034 35.144768 5790 1
5800 0.000035 36.298130 5800 1
5810 0.000035 36.034706 5810 1
5820 0.000035 36.056819 5820 1
5830 0.000034 34.882624 5830 1
5840 0.000035 36.164007 5840 1
5850 0.000034 35.044314 5850 1
5860 0.000035 36.266003 5860 1
5870 0.000035 35.548639 5870 1
5880 0.000035 35.634537 5880 1
5890 0.000035 37.315098 5890 1
5900 0.000035 36.001872 5900 1
5910 0.000034 34.304442 5910 1
5920 0.000034 34.942389 5920 1
5930 0.000035 36.133966 5930 1
5940 0.000034 34.133261 5940 1
5950 0.000035 37.005063 5950 1
5960 0.000036 37.658630 5960 1
5970 0.000035 35.790060 5970 1
5980 0.000035 36.919131 5980 1
5990 0.000036 38.200807 5990 1
6000 0.000034 35.001156 6000 1
6010 0.000036 38.168571 6010 1
6020 0.000035 36.909545 6020 1
6030 0.000036 38.207508 6030 1
6040 0.000036 37.577044 6040 1
6050 0.000037 39.544020 6050 1
6060 0.000036 38.139940 6060 1
6070 0.000035 35.744121 6070 1
6080 0.000035 36.168576 6080 1
6090 0.000036 37.714256 6090 1
6100 0.000035 35.691566 6100 1
6110 0.000036 38.145043 6110 1
6120 0.000035 35.913372 6120 1
6130 0.000036 38.248721 6130 1
6140 0.000035 37.166954 6140 1
6150 0.000035 36.035116 6150 1
6160 0.000036 37.797603 6160 1
6170 0.000036 38.718339 6170 1
6180 0.000037 39.988525 6180 1
6190 0.000036 37.704683 6190 1
6200 0.000036 38.835444 6200 1
6210 0.000035 37.135528 6210 1
6220 0.000036 37.612479 6220 1
6230 0.000035 37.315075 6230 1
6240 0.000037 39.895931 6240 1
6250 0.000036 37.726275 6250 1
6260 0.000035 36.326422 6260 1
6270 0.000036 38.304760 6270 1
6280 0.000036 37.390676 6280 1
6290 0.000036 38.448497 6290 1
6300 0.000037 39.428360 6300 1
6310 0.000036 37.984100 6310 1
6320 0.000038 40.974401 6320 1
6330 0.000037 39.761753 6330 1
6340 0.000037 40.145273 6340 1
6350 0.000036 38.169439 6350 1
6360 0.000036 38.079566 6360 1
6370 0.000037 40.606991 6370 1
6380 0.000037 39.630043 6380 1
6390 0.000036 38.649555 6390 1
6400 0.000036 38.701755 6400 1
6410 0.000036 37.386638 6410 1
6420 0.000037 39.260857 6420 1
6430 0.000036 38.323057 6430 1
6440 0.000037 40.464287 6440 1
6450 0.000036 38.597334 6450 1
6460 0.000036 38.442023 6460 1
6470 0.000038 41.199165 6470 1
6480 0.000035 36.359829 6480 1
6490 0.000038 41.217626 6490 1
6500 0.000038 42.141377 6500 1
6510 0.000037 40.018718 6510 1
6520 0.000036 37.921914 6520 1
6530 0.000038 41.301811 6530 1
6540 0.000037 39.278392 6540 1
6550 0.000038 41.992642 6550 1
6560 0.000038 41.437556 6560 1
6570 0.000036 38.581563 6570 1
6580 0.000037 39.164506 6580 1
6590 0.000039 42.759875 6590 1
6600 0.000037 39.580162 6600 1
6610 0.000038 41.830691 6610 1
6620 0.000038 41.092029 6620 1
6630 0.000036 38.732061 6630 1
6640 0.000038 41.436876 6640 1
6650 0.000038 42.005220 6649 1
6660 0.000037 40.804768 6660 1
6670 0.000036 38.670664 6670 1
6680 0.000038 40.992931 6680 1
6690 0.000038 41.139623 6690 1
6700 0.000038 41.207714 6700 1
6710 0.000037 39.785954 6710 1
6720 0.000038 41.154290 6720 1
6730 0.000036 38.740238 6730 1
6740 0.000038 42.519594 6740 1
6750 0.000038 41.619686 6750 1
6760 0.000038 41.571931 6760 1
6770 0.000039 43.363218 6770 1
6780 0.000038 41.870481 6780 1
6790 0.000039 42.976094 6790 1
6800 0.000038 42.063919 6800 1
6810 0.000038 40.981725 6810 1
6820 0.000038 42.098278 6820 1
6830 0.000037 40.690068 6830 1
6840 0.000038 41.010361 6840 1
6850 0.000037 38.237166 6850 1
6860 0.000040 42.431464 6860 1
6870 0.000038 41.983925 6870 1
6880 0.000038 41.956032 6880 1
6890 0.000038 41.582748 6890 1
6900 0.000039 43.640523 6900 1
6910 0.000038 40.733382 6910 1
6920 0.000039 42.805316 6920 1
6930 0.000039 43.558144 6930 1
6940 0.000038 41.290202 6940 1
6950 0.000038 42.570802 6950 1
6960 0.000038 42.128068 6960 1
6970 0.000039 43.117267 6968 1
6980 0.000038 41.496702 6980 1
6990 0.000038 41.712873 6990 1
7000 0.000039 43.897757 7000 1
7010 0.000040 44.595653 7010 1
7020 0.000039 43.109397 7020 1
7030 0.000039 42.994955 7030 1
7040 0.000039 43.198083 7040 1
7050 0.000039 42.945746 7050 1
7060 0.000038 42.330289 7060 1
7070 0.000038 42.473476 7070 1
7080 0.000038 41.815044 7080 1
7090 0.000038 42.253872 7090 1
7100 0.000038 42.337750 7100 1
7110 0.000040 45.017809 7110 1
7120 0.000039 43.155418 7120 1
7130 0.000040 45.418701 7130 1
7140 0.000039 42.870274 7140 1
7150 0.000038 41.829818 7150 1
7160 0.000038 41.799449 7160 1
7170 0.000037 40.678209 7169 1
7180 0.000039 43.358390 7180 1
7190 0.000038 42.644470 7190 1
7200 0.000039 42.984925 7200 1
7210 0.000040 44.983225 7210 1
7220 0.000041 46.375992 7220 1
7230 0.000038 42.622734 7230 1
7240 0.000039 43.461909 7240 1
7250 0.000039 44.414976 7250 1
7260 0.000038 41.568047 7260 1
7270 0.000039 43.349159 7270 1
7280 0.000039 43.071905 7280 1
7290 0.000037 40.392738 7290 1
7300 0.000040 46.276337 7300 1
7310 0.000039 43.815482 7309 1
7320 0.000039 44.405543 7320 1
7330 0.000039 43.651172 7330 1
7340 0.000040 45.317559 7340 1
7350 0.000040 45.079119 7350 1
7360 0.000038 42.589089 7360 1
7370 0.000040 46.159341 7370 1
7380 0.000041 46.608632 7380 1
7390 0.000039 44.137166 7390 1
7400 0.000039 44.124695 7400 1
7410 0.000041 47.412307 7410 1
7420 0.000039 44.234768 7420 1
7430 0.000037 40.636995 7430 1
7440 0.000042 47.805868 7440 1
7450 0.000040 44.884602 7450 1
7460 0.000039 43.630261 7460 1
7470 0.000039 43.730979 7470 1
7480 0.000038 41.993768 7480 1
7490 0.000038 42.491559 7490 1
7500 0.000040 45.578586 7500 1
7510 0.000039 44.450847 7510 1
7520 0.000040 44.754895 7520 1
7530 0.000040 44.729393 7530 1
7540 0.000039 44.130619 7540 1
7550 0.000039 43.226121 7550 1
7560 0.000039 43.911409 7560 1
7570 0.000040 44.978362 7570 1
7580 0.000039 44.264188 7580 1
7590 0.000039 44.346957 7590 1
7600 0.000041 46.743713 7600 1
7610 0.000040 46.134036 7610 1
7620 0.000039 43.199135 7620 1
7630 0.000041 46.105817 7630 1
7640 0.000040 44.880284 7640 1
7650 0.000040 45.751191 7650 1
7660 0.000040 45.362305 7659 1
7670 0.000040 46.161126 7670 1
7680 0.000040 45.682635 7680 1
7690 0.000041 47.577638 7690 1
7700 0.000041 47.806388 7700 1
7710 0.000040 44.895090 7710 1
7720 0.000039 43.824424 7720 1
7730 0.000041 46.542565 7730 1
7740 0.000040 45.939228 7740 1
7750 0.000040 44.607499 7750 1
7760 0.000041 47.220164 7760 1
7770 0.000041 47.249648 7770 1
7780 0.000040 45.658412 7780 1
7790 0.000041 46.045712 7790 1
7800 0.000042 49.592582 7800 1
7810 0.000041 47.202026 7810 1
7820 0.000042 49.793766 7820 1
7830 0.000041 47.531197 7830 1
7840 0.000041 47.305095 7840 1
7850 0.000041 47.863184 7850 1
7860 0.000041 46.575787 7860 1
7870 0.000042 48.599393 7870 1
7880 0.000041 46.961814 7880 1
7890 0.000041 46.878075 7890 1
7900 0.000041 46.950935 7900 1
7910 0.000041 47.658188 7910 1
7920 0.000042 48.116218 7920 1
7930 0.000040 45.803899 7930 1
7940 0.000041 46.437314 7940 1
7950 0.000042 48.383343 7950 1
7960 0.000041 46.564056 7960 1
7970 0.000041 47.434783 7970 1
7980 0.000041 47.304484 7980 1
7990 0.000039 44.415409 7990 1
8000 0.000041 46.787354 8000 1
8010 0.000042 48.157777 8010 1
8020 0.000040 45.883691 8020 1
8030 0.000042 48.972121 8030 1
8040 0.000042 48.155380 8040 1
8050 0.000041 47.803244 8050 1
8060 0.000043 51.274820 8060 1
8070 0.000040 46.256702 8070 1
8080 0.000041 47.369769 8079 1
8090 0.000041 46.323514 8090 1
8100 0.000041 47.855568 8100 1
8110 0.000042 47.975441 8110 1
8120 0.000040 45.922318 8120 1
8130 0.000042 49.737280 8130 1
8140 0.000040 45.344722 8140 1
8150 0.000042 49.013406 8150 1
8160 0.000042 49.140857 8160 1
8170 0.000042 49.475686 8170 1
8180 0.000041 47.411001 8180 1
8190 0.000043 50.484759 8190 1
8200 0.000043 51.259188 8200 1
8210 0.000042 49.787607 8210 1
8220 0.000041 47.429828 8219 1
8230 0.000042 49.363949 8230 1
8240 0.000042 48.670265 8240 1
8250 0.000041 46.699452 8250 1
8260 0.000043 50.168187 8259 1
8270 0.000042 48.971320 8270 1
8280 0.000043 51.226335 8280 1
8290 0.000044 52.196172 8290 1
8300 0.000042 48.682317 8300 1
8310 0.000042 49.055978 8310 1
8320 0.000042 49.633197 8320 1
8330 0.000043 50.118007 8330 1
8340 0.000043 51.514081 8340 1
8350 0.000042 48.082372 8350 1
8360 0.000043 50.170835 8360 1
8370 0.000043 51.216451 8370 1
8380 0.000044 51.688254 8380 1
8390 0.000041 47.677366 8389 1
8400 0.000043 50.556806 8400 1
8410 0.000042 49.775184 8410 1
8420 0.000042 48.710681 8420 1
8430 0.000042 49.010852 8430 1
8440 0.000041 46.658435 8440 1
8450 0.000042 49.339508 8450 1
8460 0.000043 50.959046 8460 1
8470 0.000044 53.208043 8469 1
8480 0.000042 49.833041 8480 1
8490 0.000042 49.385446 8490 1
8500 0.000043 51.032141 8500 1
8510 0.000044 52.205605 8510 1
8520 0.000041 47.615363 8519 1
8530 0.000043 50.770061 8530 1
8540 0.000043 51.073222 8540 1
8550 0.000045 54.043781 8550 1
8560 0.000043 50.653786 8560 1
8570 0.000043 50.257167 8570 1
8580 0.000042 49.734434 8580 1
8590 0.000043 51.363938 8590 1
8600 0.000042 49.231110 8600 1
8610 0.000043 50.444907 8610 1
8620 0.000044 52.232713 8620 1
8630 0.000044 52.807837 8630 1
8640 0.000042 49.125185 8640 1
8650 0.000042 49.513402 8650 1
8660 0.000045 53.907133 8660 1
8670 0.000044 53.239935 8670 1
8680 0.000044 52.289129 8680 1
8690 0.000043 50.802366 8690 1
8700 0.000044 51.873529 8700 1
8710 0.000044 52.288987 8710 1
8720 0.000044 52.187310 8720 1
8730 0.000043 50.375084 8730 1
8740 0.000044 52.648033 8740 1
8750 0.000043 51.111393 8750 1
8760 0.000044 52.621548 8760 1
8770 0.000043 51.103892 8770 1
8780 0.000043 51.004200 8780 1
8790 0.000045 54.825335 8790 1
8800 0.000045 54.933367 8800 1
8810 0.000043 50.520967 8809 1
8820 0.000044 52.211550 8820 1
8830 0.000044 52.518199 8830 1
8840 0.000045 53.791384 8840 1
8850 0.000043 49.844425 8850 1
8860 0.000045 54.947566 8860 1
8870 0.000045 53.481239 8870 1
8880 0.000043 50.855151 8880 1
8890 0.000043 50.436146 8890 1
8900 0.000043 50.179340 8900 1
8910 0.000044 53.025253 8909 1
8920 0.000045 55.068108 8920 1
8930 0.000044 52.606556 8930 1
8940 0.000044 52.224321 8940 1
8950 0.000045 53.908554 8950 1
8960 0.000044 52.246337 8960 1
8970 0.000045 54.339564 8970 1
8980 0.000042 49.429720 8980 1
8990 0.000044 51.965843 8990 1
9000 0.000044 52.626762 9000 1
9010 0.000044 52.978224 9010 1
9020 0.000044 51.704003 9020 1
9030 0.000044 52.811582 9030 1
9040 0.000045 54.892102 9040 1
9050 0.000043 50.517678 9049 1
9060 0.000045 53.587930 9060 1
9070 0.000044 52.344649 9070 1
9080 0.000045 53.719873 9080 1
9090 0.000045 54.588611 9090 1
9100 0.000044 52.266775 9100 1
9110 0.000045 53.927193 9110 1
9120 0.000042 49.590906 9120 1
9130 0.000044 51.740136 9130 1
9140 0.000047 57.744676 9140 1
9150 0.000046 55.676076 9150 1
9160 0.000044 53.009156 9160 1
9170 0.000044 52.691404 9170 1
9180 0.000045 54.969244 9180 1
9190 0.000046 55.475740 9189 1
9200 0.000045 54.913160 9200 1
9210 0.000046 55.718020 9210 1
9220 0.000044 52.297112 9220 1
9230 0.000045 54.382254 9230 1
9240 0.000045 54.677476 9240 1
9250 0.000046 56.342102 9250 1
9260 0.000045 54.144425 9260 1
9270 0.000047 55.882477 9270 1
9280 0.000045 53.960912 9280 1
9290 0.000045 53.401076 9289 1
9300 0.000048 58.788260 9299 1
9310 0.000046 55.993634 9310 1
9320 0.000046 56.798281 9320 1
9330 0.000046 55.881871 9330 1
9340 0.000045 54.205339 9340 1
9350 0.000044 53.224648 9350 1
9360 0.000045 53.639339 9360 1
9370 0.000046 56.344175 9370 1
9380 0.000046 55.868112 9380 1
9390 0.000046 55.848841 9390 1
9400 0.000046 56.245721 9400 1
9410 0.000047 57.377617 9410 1
9420 0.000045 53.807992 9420 1
9430 0.000044 52.590081 9430 1
9440 0.000047 58.215966 9440 1
9450 0.000047 56.660499 9450 1
9460 0.000048 58.860926 9460 1
9470 0.000045 54.193599 9470 1
9480 0.000046 55.844801 9479 1
9490 0.000045 54.912942 9490 1
9500 0.000044 52.200117 9500 1
9510 0.000045 53.574298 9510 1
9520 0.000046 55.474726 9520 1
9530 0.000045 54.756770 9530 1
9540 0.000045 53.676588 9539 1
9550 0.000045 54.308073 9550 1
9560 0.000046 56.033217 9560 1
9570 0.000046 55.750814 9569 1
9580 0.000047 58.487607 9580 1
9590 0.000046 56.575683 9590 1
9600 0.000047 57.224136 9600 1
9610 0.000046 56.006964 9610 1
9620 0.000046 56.614752 9620 1
9630 0.000047 57.212294 9630 1
9640 0.000045 54.086154 9640 1
9650 0.000048 59.158898 9650 1
9660 0.000046 55.567163 9660 1
9670 0.000047 57.107907 9670 1
9680 0.000045 53.979074 9680 1
9690 0.000047 57.883780 9690 1
9700 0.000046 56.189678 9700 1
9710 0.000049 62.192555 9709 1
9720 0.000046 56.721468 9720 1
9730 0.000049 60.614953 9728 1
9740 0.000047 57.073606 9740 1
9750 0.000046 55.915314 9750 1
9760 0.000048 59.688742 9760 1
9770 0.000045 54.609260 9770 1
9780 0.000048 58.760950 9780 1
9790 0.000047 58.730363 9790 1
9800 0.000047 56.767119 9800 1
9810 0.000046 56.729088 9810 1
9820 0.000046 55.718876 9819 1
9830 0.000048 59.772392 9830 1
9840 0.000049 60.541506 9840 1
9850 0.000047 57.566176 9850 1
9860 0.000046 56.214181 9860 1
9870 0.000046 56.845400 9870 1
9880 0.000046 55.961812 9880 1
9890 0.000047 57.662169 9890 1
9900 0.000047 57.490863 9899 1
9910 0.000047 58.247418 9910 1
9920 0.000045 54.723716 9920 1
9930 0.000048 59.400079 9930 1
9940 0.000046 56.316518 9939 1
9950 0.000048 59.953111 9950 1
9960 0.000047 57.838509 9960 1
9970 0.000049 61.440644 9970 1
9980 0.000047 58.232597 9980 1
9990 0.000046 55.806128 9990 1
10000 0.000049 60.959560 10000 1
