1000 0.000038 42.287710 999 1
1010 0.000043 49.710347 1006 1
1020 0.000042 49.250010 1020 1
1030 0.000047 58.323136 1028 1
1040 0.000045 53.985615 1035 1
1050 0.000058 78.209829 1050 1
1060 0.000051 61.862311 1059 1
1070 0.000049 60.051112 1068 1
1080 0.000047 58.038056 1079 1
1090 0.000051 64.633092 1089 1
1100 0.000052 65.359273 1099 1
1110 0.000054 68.085928 1107 1
1120 0.000050 61.608652 1119 1
1130 0.000050 62.689920 1125 1
1140 0.000046 55.263386 1135 1
1150 0.000048 60.468948 1150 1
1160 0.000047 57.843457 1160 1
1170 0.000044 52.166085 1170 1
1180 0.000047 58.408729 1180 1
1190 0.000043 51.155697 1189 1
1200 0.000054 70.152667 1199 1
1210 0.000045 54.748355 1209 1
1220 0.000051 65.179287 1220 1
1230 0.000047 57.691943 1230 1
1240 0.000051 65.775806 1231 1
1250 0.000053 68.708264 1248 1
1260 0.000051 64.865389 1258 1
1270 0.000058 77.765047 1269 1
1280 0.000054 71.381781 1275 1
1290 0.000056 73.569783 1289 1
1300 0.000056 74.987754 1298 1
1310 0.000050 64.403176 1309 1
1320 0.000058 77.906841 1320 1
1330 0.000056 75.411361 1327 1
1340 0.000054 71.118918 1338 1
1350 0.000056 73.927281 1350 1
1360 0.000060 80.993522 1360 1
1370 0.000058 78.064416 1370 1
1380 0.000058 78.654862 1380 1
1390 0.000061 84.102662 1390 1
1400 0.000057 75.525000 1400 1
1410 0.000062 84.987809 1410 1
1420 0.000056 74.625331 1420 1
1430 0.000061 82.489769 1429 1
1440 0.000054 71.641187 1435 1
1450 0.000055 72.946166 1448 1
1460 0.000054 70.280199 1459 1
1470 0.000058 77.939789 1469 1
1480 0.000059 78.885838 1478 1
1490 0.000063 86.602597 1488 1
1500 0.000065 89.812593 1498 1
1510 0.000058 77.709623 1506 1
1520 0.000064 87.741204 1520 1
1530 0.000065 89.900503 1529 1
1540 0.000063 86.262084 1540 1
1550 0.000063 87.440516 1550 1
1560 0.000067 93.670865 1559 1
1570 0.000064 88.682764 1569 1
1580 0.000063 86.257753 1579 1
1590 0.000053 68.520138 1589 1
1600 0.000067 93.242444 1599 1
1610 0.000069 98.140590 1610 1
1620 0.000062 85.841228 1616 1
1630 0.000061 82.861626 1625 1
1640 0.000064 88.023482 1639 1
1650 0.000066 92.106564 1650 1
1660 0.000066 91.180681 1659 1
1670 0.000073 103.436329 1669 1
1680 0.000066 91.848155 1675 1
1690 0.000064 88.473982 1690 1
1700 0.000065 89.674653 1698 1
1710 0.000063 86.308222 1709 1
1720 0.000073 104.894233 1718 1
1730 0.000060 82.448775 1727 1
1740 0.000072 103.438586 1740 1
1750 0.000069 98.123029 1746 1
1760 0.000067 94.283841 1758 1
1770 0.000062 85.762073 1768 1
1780 0.000061 83.945663 1779 1
1790 0.000065 91.195615 1787 1
1800 0.000080 118.067494 1797 1
1810 0.000066 91.959696 1810 1
1820 0.000067 95.139302 1820 1
1830 0.000062 84.725617 1827 1
1840 0.000074 106.600511 1840 1
1850 0.000070 99.182562 1849 1
1860 0.000070 99.906575 1859 1
1870 0.000063 87.963572 1867 1
1880 0.000077 111.709750 1879 1
1890 0.000064 88.751571 1890 1
1900 0.000077 111.110342 1900 1
1910 0.000069 96.847707 1910 1
1920 0.000087 129.213974 1919 1
1930 0.000074 106.373057 1922 1
1940 0.000073 104.830031 1936 1
1950 0.000083 122.540923 1950 1
1960 0.000073 105.014658 1958 1
1970 0.000068 95.556477 1962 1
1980 0.000075 107.863227 1979 1
1990 0.000082 121.795196 1985 1
2000 0.000060 82.104540 1998 1
2010 0.000080 116.685234 2010 1
2020 0.000085 126.089183 2020 1
2030 0.000076 109.995463 2027 1
2040 0.000077 112.484471 2039 1
2050 0.000066 91.942259 2049 1
2060 0.000070 99.379000 2058 1
2070 0.000084 124.581145 2069 1
2080 0.000069 97.214351 2080 1
2090 0.000078 113.485589 2089 1
2100 0.000071 101.144800 2099 1
2110 0.000077 112.838460 2107 1
2120 0.000066 91.462434 2120 1
2130 0.000074 107.073934 2129 1
2140 0.000075 109.526308 2139 1
2150 0.000080 115.742856 2146 1
2160 0.000081 118.856903 2160 1
2170 0.000092 138.400959 2169 1
2180 0.000071 100.481945 2180 1
2190 0.000063 87.267708 2179 1
2200 0.000076 109.752095 2199 1
2210 0.000073 104.649814 2205 1
2220 0.000077 111.436883 2220 1
2230 0.000088 132.106287 2229 1
2240 0.000075 108.418942 2239 1
2250 0.000088 131.463249 2250 1
2260 0.000083 121.638597 2260 1
2270 0.000082 120.462546 2266 1
2280 0.000074 106.142368 2279 1
2290 0.000073 104.857703 2290 1
2300 0.000085 126.177048 2300 1
2310 0.000097 147.474506 2310 1
2320 0.000082 120.368659 2319 1
2330 0.000097 147.407528 2330 1
2340 0.000075 108.271838 2340 1
2350 0.000085 127.024400 2349 1
2360 0.000089 132.815055 2356 1
2370 0.000095 144.866435 2369 1
2380 0.000094 142.069643 2380 1
2390 0.000083 122.193247 2390 1
2400 0.000075 108.279708 2400 1
2410 0.000089 133.184249 2410 1
2420 0.000080 117.533893 2419 1
2430 0.000083 122.414403 2429 1
2440 0.000088 131.389176 2432 1
2450 0.000095 143.615310 2449 1
2460 0.000093 141.203630 2459 1
2470 0.000082 120.468964 2469 1
2480 0.000102 157.322520 2480 1
2490 0.000091 137.770896 2489 1
2500 0.000076 109.812284 2500 1
2510 0.000094 142.471705 2510 1
2520 0.000086 128.389524 2520 1
2530 0.000085 125.860138 2530 1
2540 0.000099 151.768626 2539 1
2550 0.000097 147.951882 2550 1
2560 0.000102 156.431785 2558 1
2570 0.000092 139.374545 2568 1
2580 0.000090 136.051996 2578 1
2590 0.000087 130.204695 2583 1
2600 0.000081 120.159638 2600 1
2610 0.000083 123.871866 2602 1
2620 0.000101 152.684176 2607 1
2630 0.000094 142.786548 2625 1
2640 0.000104 161.071883 2637 1
2650 0.000092 138.609717 2650 1
2660 0.000087 128.194090 2659 1
2670 0.000091 137.000090 2669 1
2680 0.000093 140.304799 2677 1
2690 0.000097 147.910048 2683 1
2700 0.000097 147.162148 2690 1
2710 0.000097 148.639690 2709 1
2720 0.000097 148.501801 2719 1
2730 0.000112 173.944505 2730 1
2740 0.000087 129.867620 2737 1
2750 0.000100 154.269793 2747 1
2760 0.000096 146.664576 2759 1
2770 0.000095 144.538094 2761 1
2780 0.000104 160.015227 2779 1
2790 0.000109 169.205513 2789 1
2800 0.000092 138.801293 2793 1
2810 0.000082 121.087445 2807 1
2820 0.000103 159.233457 2820 1
2830 0.000092 139.594643 2829 1
2840 0.000107 165.270743 2840 1
2850 0.000113 176.223751 2849 1
2860 0.000103 157.354881 2857 1
2870 0.000098 149.449906 2869 1
2880 0.000091 136.773597 2879 1
2890 0.000112 174.458834 2890 1
2900 0.000092 139.037486 2900 1
2910 0.000095 143.628474 2908 1
2920 0.000091 137.073568 2919 1
2930 0.000111 172.817911 2928 1
2940 0.000101 155.012762 2940 1
2950 0.000127 201.012841 2945 1
2960 0.000093 141.453405 2958 1
2970 0.000102 155.953933 2970 1
2980 0.000104 160.956789 2979 1
2990 0.000087 130.536826 2988 1
3000 0.000116 182.515257 3000 1
3010 0.000102 156.762718 3010 1
3020 0.000101 155.087940 3020 1
3030 0.000110 170.960657 3020 1
3040 0.000108 166.615076 3037 1
3050 0.000111 172.820416 3050 1
3060 0.000106 164.394719 3060 1
3070 0.000098 149.230642 3060 1
3080 0.000120 189.411737 3070 1
3090 0.000099 149.740650 3090 1
3100 0.000099 148.914781 3100 1
3110 0.000116 182.353392 3109 1
3120 0.000106 164.627465 3120 1
3130 0.000113 175.503856 3122 1
3140 0.000113 176.102459 3138 1
3150 0.000118 185.291187 3150 1
3160 0.000115 180.032237 3157 1
3170 0.000118 185.271199 3170 1
3180 0.000094 141.715997 3177 1
3190 0.000105 162.700492 3177 1
3200 0.000103 158.694575 3198 1
3210 0.000105 161.087956 3210 1
3220 0.000106 163.396910 3220 1
3230 0.000109 168.901867 3227 1
3240 0.000095 144.850185 3239 1
3250 0.000134 213.954554 3247 1
3260 0.000130 206.744181 3256 1
3270 0.000111 172.889960 3267 1
3280 0.000103 158.401771 3279 1
3290 0.000141 227.163681 3290 1
3300 0.000101 156.001109 3299 1
3310 0.000139 222.913798 3309 1
3320 0.000129 204.780033 3310 1
3330 0.000113 176.103778 3329 1
3340 0.000134 214.013386 3340 1
3350 0.000106 162.841949 3347 1
3360 0.000075 107.315083 3353 1
3370 0.000124 196.668819 3366 1
3380 0.000123 194.375044 3378 1
3390 0.000110 171.873481 3388 1
3400 0.000122 188.160029 3389 1
3410 0.000098 149.032460 3408 1
3420 0.000125 198.508333 3418 1
3430 0.000105 163.112799 3428 1
3440 0.000115 180.725642 3440 1
3450 0.000112 173.907730 3448 1
3460 0.000121 190.543598 3452 1
3470 0.000113 177.014565 3469 1
3480 0.000124 196.438917 3474 1
3490 0.000105 162.347539 3484 1
3500 0.000130 207.583994 3496 1
3510 0.000119 188.224541 3509 1
3520 0.000124 196.374020 3519 1
3530 0.000121 191.788385 3529 1
3540 0.000120 189.635672 3528 1
3550 0.000113 176.510372 3547 1
3560 0.000135 216.414278 3556 1
3570 0.000097 147.580434 3562 1
3580 0.000123 194.302011 3580 1
3590 0.000110 171.382852 3589 1
3600 0.000121 191.608611 3599 1
3610 0.000116 180.813770 3609 1
3620 0.000115 179.562887 3619 1
3630 0.000107 165.065645 3629 1
3640 0.000129 205.335794 3638 1
3650 0.000135 216.793370 3650 1
3660 0.000112 175.389820 3660 1
3670 0.000109 169.149902 3668 1
3680 0.000131 208.989236 3678 1
3690 0.000136 217.150065 3686 1
3700 0.000124 195.561308 3700 1
3710 0.000146 236.344922 3709 1
3720 0.000122 191.635554 3719 1
3730 0.000121 192.032260 3729 1
3740 0.000122 192.620957 3735 1
3750 0.000130 207.155539 3750 1
3760 0.000123 193.845870 3759 1
3770 0.000126 200.667302 3770 1
3780 0.000119 187.622336 3770 1
3790 0.000142 228.854789 3789 1
3800 0.000131 209.123447 3797 1
3810 0.000124 196.733234 3795 1
3820 0.000122 193.000853 3818 1
3830 0.000150 242.479877 3825 1
3840 0.000126 199.944701 3839 1
3850 0.000104 160.108647 3850 1
3860 0.000135 216.554839 3855 1
3870 0.000133 212.557486 3868 1
3880 0.000133 212.869335 3875 1
3890 0.000136 217.934589 3890 1
3900 0.000127 200.553726 3900 1
3910 0.000150 243.074248 3904 1
3920 0.000104 161.047625 3916 1
3930 0.000138 222.207412 3927 1
3940 0.000143 229.735058 3932 1
3950 0.000145 233.454749 3948 1
3960 0.000144 231.781040 3958 1
3970 0.000141 226.106123 3969 1
3980 0.000139 218.883010 3978 1
3990 0.000145 233.976105 3984 1
4000 0.000131 208.603787 4000 1
4010 0.000126 199.960441 4007 1
4020 0.000127 202.247316 4020 1
4030 0.000134 214.338787 4029 1
4040 0.000122 193.343671 4037 1
4050 0.000141 226.797728 4048 1
4060 0.000126 200.316751 4060 1
4070 0.000158 257.363722 4070 1
4080 0.000129 205.578819 4080 1
4090 0.000143 231.482731 4090 1
4100 0.000110 171.783246 4097 1
4110 0.000150 244.142771 4106 1
4120 0.000162 265.248158 4119 1
4130 0.000152 246.234990 4113 1
4140 0.000160 260.363597 4139 1
4150 0.000121 191.541058 4147 1
4160 0.000129 205.250209 4160 1
4170 0.000162 264.769655 4165 1
4180 0.000144 231.654096 4169 1
4190 0.000139 222.505473 4178 1
4200 0.000131 208.444062 4197 1
4210 0.000139 223.592150 4210 1
4220 0.000133 211.687107 4217 1
4230 0.000152 246.591969 4229 1
4240 0.000157 254.418561 4238 1
4250 0.000127 197.202991 4244 1
4260 0.000143 229.868631 4253 1
4270 0.000151 239.735895 4262 1
4280 0.000162 265.225030 4280 1
4290 0.000125 198.325387 4290 1
4300 0.000160 261.619642 4292 1
4310 0.000148 239.739884 4308 1
4320 0.000141 226.687880 4320 1
4330 0.000146 234.956192 4330 1
4340 0.000144 229.685906 4339 1
4350 0.000155 250.833832 4350 1
4360 0.000160 260.734330 4359 1
4370 0.000123 194.186174 4369 1
4380 0.000152 246.508345 4378 1
4390 0.000118 186.013144 4388 1
4400 0.000144 231.913845 4398 1
4410 0.000137 218.465837 4408 1
4420 0.000156 254.399665 4417 1
4430 0.000137 219.202842 4428 1
4440 0.000146 235.823408 4439 1
4450 0.000158 257.315924 4447 1
4460 0.000129 206.244428 4457 1
4470 0.000147 237.352644 4459 1
4480 0.000152 246.996940 4476 1
4490 0.000153 249.293296 4487 1
4500 0.000145 233.411353 4489 1
4510 0.000131 209.875965 4499 1
4520 0.000162 263.766073 4518 1
4530 0.000135 215.964784 4525 1
4540 0.000156 253.794548 4529 1
4550 0.000158 257.168042 4545 1
4560 0.000129 204.877868 4552 1
4570 0.000147 237.849656 4565 1
4580 0.000139 222.666371 4577 1
4590 0.000134 213.541625 4588 1
4600 0.000124 196.579552 4594 1
4610 0.000148 238.678332 4607 1
4620 0.000131 209.584658 4620 1
4630 0.000160 260.324607 4630 1
4640 0.000144 231.515216 4639 1
4650 0.000160 260.104531 4650 1
4660 0.000147 237.654350 4659 1
4670 0.000130 207.395959 4663 1
4680 0.000149 241.161889 4678 1
4690 0.000178 293.475923 4689 1
4700 0.000134 213.602191 4695 1
4710 0.000165 270.242856 4706 1
4720 0.000138 220.651453 4713 1
4730 0.000175 287.993400 4728 1
4740 0.000168 274.819920 4737 1
4750 0.000187 308.457699 4745 1
4760 0.000137 219.940987 4759 1
4770 0.000140 224.623608 4763 1
4780 0.000159 260.051289 4780 1
4790 0.000171 280.527159 4790 1
4800 0.000132 209.816417 4797 1
4810 0.000136 218.946023 4809 1
4820 0.000194 322.677649 4815 1
4830 0.000156 254.510174 4829 1
4840 0.000160 261.706988 4836 1
4850 0.000167 272.969472 4848 1
4860 0.000153 248.728570 4852 1
4870 0.000170 277.856719 4869 1
4880 0.000174 286.560012 4877 1
4890 0.000129 204.535002 4885 1
4900 0.000176 289.867402 4897 1
4910 0.000171 281.387951 4907 1
4920 0.000157 254.682614 4920 1
4930 0.000165 269.741132 4924 1
4940 0.000181 298.540466 4927 1
4950 0.000156 252.762996 4950 1
4960 0.000188 310.431075 4955 1
4970 0.000148 238.636614 4968 1
4980 0.000189 313.058845 4962 1
4990 0.000162 263.657623 4988 1
5000 0.000185 290.594246 4999 1
5010 0.000165 257.933351 5009 1
5020 0.000168 274.480040 5020 1
5030 0.000203 338.999443 5030 1
5040 0.000182 299.488750 5038 1
5050 0.000131 208.132962 5045 1
5060 0.000162 263.422905 5053 1
5070 0.000145 234.364343 5055 1
5080 0.000188 310.920949 5080 1
5090 0.000133 212.406788 5090 1
5100 0.000202 336.664041 5097 1
5110 0.000156 253.312890 5110 1
5120 0.000169 277.192275 5110 1
5130 0.000170 278.024828 5130 1
5140 0.000188 311.636374 5139 1
5150 0.000176 289.869239 5147 1
5160 0.000148 239.562273 5154 1
5170 0.000169 276.294205 5169 1
5180 0.000173 283.985361 5170 1
5190 0.000172 283.139634 5188 1
5200 0.000179 295.606265 5196 1
5210 0.000166 272.282142 5206 1
5220 0.000169 277.436747 5219 1
5230 0.000176 288.918786 5224 1
5240 0.000142 227.410363 5231 1
5250 0.000148 238.830371 5244 1
5260 0.000159 259.420740 5260 1
5270 0.000156 253.902592 5270 1
5280 0.000171 279.445170 5260 1
5290 0.000160 260.249178 5290 1
5300 0.000176 290.493334 5299 1
5310 0.000164 267.059512 5308 1
5320 0.000193 320.815560 5319 1
5330 0.000166 271.554394 5319 1
5340 0.000197 328.356257 5334 1
5350 0.000181 298.460400 5347 1
5360 0.000186 306.721765 5359 1
5370 0.000194 322.118412 5360 1
5380 0.000152 246.324283 5380 1
5390 0.000197 325.825293 5377 1
5400 0.000178 293.680646 5398 1
5410 0.000145 234.360811 5409 1
5420 0.000199 331.752659 5411 1
5430 0.000156 253.561897 5425 1
5440 0.000158 257.998392 5435 1
5450 0.000173 283.951440 5449 1
5460 0.000181 299.162896 5457 1
5470 0.000185 306.364082 5464 1
5480 0.000180 297.190865 5480 1
5490 0.000172 281.422599 5486 1
5500 0.000177 290.755331 5496 1
5510 0.000191 315.612668 5509 1
5520 0.000203 339.098246 5515 1
5530 0.000135 214.952043 5530 1
5540 0.000208 346.527171 5532 1
5550 0.000152 247.582899 5548 1
5560 0.000176 289.551649 5557 1
5570 0.000167 273.105126 5570 1
5580 0.000155 251.628765 5569 1
5590 0.000180 297.472283 5578 1
5600 0.000169 277.200966 5597 1
5610 0.000168 275.485811 5598 1
5620 0.000188 311.299835 5616 1
5630 0.000182 299.160924 5627 1
5640 0.000171 281.034677 5638 1
5650 0.000168 275.220025 5643 1
5660 0.000198 329.584906 5656 1
5670 0.000175 287.001190 5663 1
5680 0.000186 307.549956 5679 1
5690 0.000199 329.805141 5686 1
5700 0.000161 262.644930 5697 1
5710 0.000188 310.838960 5696 1
5720 0.000183 302.007717 5711 1
5730 0.000168 275.589201 5726 1
5740 0.000219 367.266693 5740 1
5750 0.000194 321.464301 5750 1
5760 0.000207 345.560658 5759 1
5770 0.000153 249.089338 5769 1
5780 0.000185 305.282460 5780 1
5790 0.000166 270.975577 5789 1
5800 0.000189 313.322269 5794 1
5810 0.000169 277.116759 5804 1
5820 0.000210 351.612038 5819 1
5830 0.000191 316.805285 5823 1
5840 0.000182 299.524392 5834 1
5850 0.000206 342.753850 5839 1
5860 0.000198 328.911490 5858 1
5870 0.000152 246.284526 5860 1
5880 0.000156 253.439065 5877 1
5890 0.000185 306.664968 5887 1
5900 0.000192 317.669553 5890 1
5910 0.000188 311.068376 5894 1
5920 0.000179 294.973169 5919 1
5930 0.000201 335.308975 5929 1
5940 0.000197 327.892774 5939 1
5950 0.000174 285.520825 5950 1
5960 0.000218 365.784148 5956 1
5970 0.000180 296.676933 5969 1
5980 0.000181 298.812948 5978 1
5990 0.000198 328.838124 5986 1
6000 0.000182 301.016632 5998 1
6010 0.000182 300.744654 6007 1
6020 0.000171 280.627482 6018 1
6030 0.000217 355.150176 6029 1
6040 0.000203 337.891341 6040 1
6050 0.000172 281.885086 6049 1
6060 0.000211 353.201985 6051 1
6070 0.000243 410.179479 6068 1
6080 0.000168 274.911003 6079 1
6090 0.000209 349.347824 6088 1
6100 0.000172 282.140925 6097 1
6110 0.000216 361.565674 6107 1
6120 0.000196 323.497837 6117 1
6130 0.000161 261.969431 6125 1
6140 0.000207 343.989808 6137 1
6150 0.000204 338.517683 6129 1
6160 0.000199 330.473805 6157 1
6170 0.000193 319.033940 6155 1
6180 0.000190 314.683061 6180 1
6190 0.000246 414.470165 6181 1
6200 0.000190 315.633829 6196 1
6210 0.000184 304.465507 6209 1
6220 0.000190 307.673603 6213 1
6230 0.000210 349.415727 6228 1
6240 0.000179 294.835506 6239 1
6250 0.000235 394.411288 6249 1
6260 0.000215 360.348986 6248 1
6270 0.000197 326.275683 6270 1
6280 0.000212 353.811803 6279 1
6290 0.000168 274.985634 6286 1
6300 0.000193 319.775157 6294 1
6310 0.000247 417.047661 6302 1
6320 0.000210 350.448272 6315 1
6330 0.000203 338.287336 6328 1
6340 0.000194 322.150875 6339 1
6350 0.000174 286.831814 6342 1
6360 0.000199 331.745706 6357 1
6370 0.000238 400.722667 6367 1
6380 0.000176 288.787459 6364 1
6390 0.000198 329.698698 6383 1
6400 0.000180 297.070530 6388 1
6410 0.000200 333.022956 6403 1
6420 0.000211 352.368095 6414 1
6430 0.000175 287.045204 6427 1
6440 0.000199 328.696530 6420 1
6450 0.000212 353.921216 6450 1
6460 0.000222 372.349045 6453 1
6470 0.000163 266.182839 6459 1
6480 0.000212 354.599573 6476 1
6490 0.000200 332.246333 6489 1
6500 0.000177 290.538291 6485 1
6510 0.000234 393.132710 6495 1
6520 0.000200 333.088620 6517 1
6530 0.000186 308.018090 6526 1
6540 0.000187 308.487619 6540 1
6550 0.000218 364.414166 6544 1
6560 0.000202 335.502186 6560 1
6570 0.000223 374.080518 6563 1
6580 0.000201 335.098041 6578 1
6590 0.000225 377.254328 6588 1
6600 0.000210 350.174870 6599 1
6610 0.000211 351.452401 6597 1
6620 0.000229 385.250598 6618 1
6630 0.000228 383.576054 6629 1
6640 0.000231 388.091417 6638 1
6650 0.000182 299.499218 6649 1
6660 0.000253 424.909887 6654 1
6670 0.000218 364.982121 6664 1
6680 0.000233 391.460490 6674 1
6690 0.000220 367.773795 6689 1
6700 0.000241 404.907187 6700 1
6710 0.000223 373.876402 6710 1
6720 0.000223 373.938164 6702 1
6730 0.000209 348.313400 6729 1
6740 0.000235 394.714599 6739 1
6750 0.000224 376.570754 6746 1
6760 0.000230 385.924105 6759 1
6770 0.000225 376.653000 6770 1
6780 0.000229 385.487009 6770 1
6790 0.000233 392.018962 6786 1
6800 0.000195 322.530050 6799 1
6810 0.000225 377.537618 6808 1
6820 0.000199 329.728893 6818 1
6830 0.000207 345.713915 6825 1
6840 0.000199 331.260491 6840 1
6850 0.000205 341.119212 6845 1
6860 0.000228 383.200573 6859 1
6870 0.000186 306.594180 6857 1
6880 0.000185 305.462404 6875 1
6890 0.000229 384.096347 6876 1
6900 0.000292 497.319580 6898 1
6910 0.000229 384.257237 6898 1
6920 0.000250 419.015958 6916 1
6930 0.000194 321.420303 6916 1
6940 0.000225 376.508232 6939 1
6950 0.000205 340.731735 6948 1
6960 0.000232 389.558480 6960 1
6970 0.000212 354.363725 6969 1
6980 0.000231 387.909383 6975 1
6990 0.000243 409.090993 6989 1
7000 0.000206 344.179369 6999 1
7010 0.000187 309.549551 7008 1
7020 0.000253 426.269768 7020 1
7030 0.000232 390.099164 7030 1
7040 0.000190 314.911976 7039 1
7050 0.000206 344.095458 7047 1
7060 0.000162 264.690021 7059 1
7070 0.000198 329.109901 7068 1
7080 0.000210 350.171089 7080 1
7090 0.000202 336.363440 7089 1
7100 0.000188 310.832468 7098 1
7110 0.000187 309.989848 7101 1
7120 0.000234 392.920265 7118 1
7130 0.000233 392.006806 7118 1
7140 0.000284 482.714206 7140 1
7150 0.000221 369.247166 7143 1
7160 0.000226 378.969704 7160 1
7170 0.000186 307.546119 7168 1
7180 0.000181 295.153610 7179 1
7190 0.000207 346.059695 7189 1
7200 0.000261 441.860821 7197 1
7210 0.000230 386.005430 7205 1
7220 0.000245 413.508605 7216 1
7230 0.000207 345.238743 7228 1
7240 0.000218 365.190081 7240 1
7250 0.000232 389.543342 7248 1
7260 0.000256 433.569196 7257 1
7270 0.000213 354.791235 7267 1
7280 0.000248 419.050883 7273 1
7290 0.000200 333.282613 7278 1
7300 0.000246 414.830770 7300 1
7310 0.000232 389.561042 7306 1
7320 0.000258 436.749090 7303 1
7330 0.000268 410.023910 7330 1
7340 0.000238 400.636244 7339 1
7350 0.000226 378.949610 7337 1
7360 0.000209 348.436356 7360 1
7370 0.000223 373.383588 7362 1
7380 0.000244 412.039963 7378 1
7390 0.000241 406.170731 7379 1
7400 0.000252 425.592805 7400 1
7410 0.000217 363.778089 7409 1
7420 0.000242 407.938174 7419 1
7430 0.000274 464.595272 7424 1
7440 0.000261 441.832738 7438 1
7450 0.000211 353.108266 7449 1
7460 0.000214 357.621304 7453 1
7470 0.000268 453.504129 7468 1
7480 0.000239 401.905068 7469 1
7490 0.000216 361.492036 7486 1
7500 0.000189 312.284877 7499 1
7510 0.000264 447.904811 7509 1
7520 0.000260 440.111350 7519 1
7530 0.000237 398.835147 7530 1
7540 0.000274 466.275637 7535 1
7550 0.000240 403.761244 7549 1
7560 0.000235 394.929881 7557 1
7570 0.000220 368.165888 7567 1
7580 0.000260 439.874264 7571 1
7590 0.000218 365.144910 7586 1
7600 0.000235 396.012604 7593 1
7610 0.000199 330.046078 7608 1
7620 0.000208 346.788556 7620 1
7630 0.000248 418.296695 7624 1
7640 0.000266 451.294957 7638 1
7650 0.000241 406.011637 7650 1
7660 0.000236 397.708184 7654 1
7670 0.000230 386.413147 7669 1
7680 0.000297 506.337687 7663 1
7690 0.000258 436.151527 7689 1
7700 0.000216 361.989261 7695 1
7710 0.000233 391.068573 7709 1
7720 0.000187 309.640999 7719 1
7730 0.000281 478.217644 7729 1
7740 0.000237 398.199800 7735 1
7750 0.000237 398.125052 7741 1
7760 0.000244 410.909776 7757 1
7770 0.000250 421.854250 7766 1
7780 0.000274 465.543046 7778 1
7790 0.000263 446.027199 7779 1
7800 0.000217 363.112754 7795 1
7810 0.000199 330.977507 7810 1
7820 0.000222 371.598648 7813 1
7830 0.000217 362.561824 7830 1
7840 0.000264 448.138714 7838 1
7850 0.000230 386.978983 7849 1
7860 0.000219 366.172779 7852 1
7870 0.000223 374.381391 7869 1
7880 0.000246 415.068956 7878 1
7890 0.000206 343.199531 7888 1
7900 0.000269 455.444085 7898 1
7910 0.000197 327.106573 7910 1
7920 0.000234 393.562157 7920 1
7930 0.000219 366.723436 7929 1
7940 0.000195 323.667976 7938 1
7950 0.000263 446.198806 7947 1
7960 0.000301 513.806815 7960 1
7970 0.000238 400.991248 7963 1
7980 0.000274 464.750332 7972 1
7990 0.000289 491.626491 7985 1
8000 0.000221 369.993598 7997 1
8010 0.000208 347.292782 8010 1
8020 0.000263 445.935374 8018 1
8030 0.000250 422.742555 8019 1
8040 0.000254 429.822736 8031 1
8050 0.000264 448.099401 8048 1
8060 0.000262 442.760814 8053 1
8070 0.000243 410.387669 8069 1
8080 0.000238 400.572312 8075 1
8090 0.000251 424.448691 8082 1
8100 0.000211 351.456396 8091 1
8110 0.000251 424.829615 8104 1
8120 0.000299 509.888374 8120 1
8130 0.000292 497.918478 8129 1
8140 0.000259 438.748547 8118 1
8150 0.000234 394.055103 8139 1
8160 0.000259 438.076815 8148 1
8170 0.000234 394.110333 8169 1
8180 0.000238 400.432308 8166 1
8190 0.000304 519.331131 8189 1
8200 0.000248 418.326648 8196 1
8210 0.000259 437.970547 8200 1
8220 0.000269 456.464749 8220 1
8230 0.000235 394.514581 8206 1
8240 0.000234 393.473654 8238 1
8250 0.000266 450.076027 8248 1
8260 0.000293 499.908568 8258 1
8270 0.000202 336.660236 8264 1
8280 0.000255 431.705635 8276 1
8290 0.000222 371.860274 8288 1
8300 0.000267 452.000261 8299 1
8310 0.000242 405.969504 8303 1
8320 0.000268 453.423155 8312 1
8330 0.000296 504.790001 8327 1
8340 0.000223 374.160578 8340 1
8350 0.000252 425.230915 8348 1
8360 0.000302 516.045222 8358 1
8370 0.000242 408.119710 8370 1
8380 0.000222 372.104909 8377 1
8390 0.000283 481.128521 8390 1
8400 0.000206 342.788686 8399 1
8410 0.000262 443.589913 8396 1
8420 0.000280 475.957279 8418 1
8430 0.000213 355.472337 8426 1
8440 0.000283 481.541838 8439 1
8450 0.000268 454.169744 8446 1
8460 0.000245 412.264915 8460 1
8470 0.000253 427.011718 8467 1
8480 0.000255 431.109513 8479 1
8490 0.000229 385.324200 8484 1
8500 0.000260 431.724975 8495 1
8510 0.000285 484.772383 8510 1
8520 0.000302 514.073225 8518 1
8530 0.000297 507.243035 8529 1
8540 0.000230 385.947057 8533 1
8550 0.000250 422.638329 8542 1
8560 0.000286 484.434509 8543 1
8570 0.000256 432.485580 8558 1
8580 0.000246 415.140902 8567 1
8590 0.000291 496.292179 8587 1
8600 0.000309 527.501467 8596 1
8610 0.000285 485.072991 8609 1
8620 0.000257 433.981752 8612 1
8630 0.000309 528.605320 8630 1
8640 0.000304 517.945869 8629 1
8650 0.000282 480.133232 8650 1
8660 0.000211 351.546948 8660 1
8670 0.000274 464.293231 8665 1
8680 0.000283 481.758144 8679 1
8690 0.000288 490.750130 8688 1
8700 0.000201 334.565494 8697 1
8710 0.000251 422.718008 8705 1
8720 0.000309 525.711274 8709 1
8730 0.000270 457.045300 8710 1
8740 0.000311 530.936900 8734 1
8750 0.000266 450.212587 8748 1
8760 0.000257 434.577537 8756 1
8770 0.000299 509.586893 8770 1
8780 0.000312 533.508191 8779 1
8790 0.000299 510.380168 8790 1
8800 0.000290 493.970025 8799 1
8810 0.000322 550.949856 8801 1
8820 0.000281 477.549517 8819 1
8830 0.000278 473.307544 8822 1
8840 0.000263 446.048508 8837 1
8850 0.000214 358.077951 8836 1
8860 0.000282 479.744644 8845 1
8870 0.000332 568.472864 8869 1
8880 0.000299 510.282726 8877 1
8890 0.000296 503.727741 8890 1
8900 0.000287 489.371826 8900 1
8910 0.000293 499.877288 8905 1
8920 0.000306 522.225797 8919 1
8930 0.000288 490.195167 8924 1
8940 0.000276 468.242657 8935 1
8950 0.000258 436.447851 8935 1
8960 0.000332 568.612897 8955 1
8970 0.000292 497.763475 8970 1
8980 0.000282 479.778388 8974 1
8990 0.000278 472.450154 8984 1
9000 0.000258 437.229949 9000 1
9010 0.000230 385.084184 8993 1
9020 0.000246 415.098060 9019 1
9030 0.000269 455.730546 9017 1
9040 0.000262 442.869080 9010 1
9050 0.000261 440.858986 9045 1
9060 0.000268 453.784840 9059 1
9070 0.000286 487.075066 9070 1
9080 0.000287 487.781390 9077 1
9090 0.000260 440.441140 9085 1
9100 0.000278 471.853957 9100 1
9110 0.000278 471.149547 9109 1
9120 0.000255 432.057501 9119 1
9130 0.000255 431.019484 9130 1
9140 0.000311 529.503398 9138 1
9150 0.000298 508.288894 9143 1
9160 0.000334 573.372757 9159 1
9170 0.000338 579.262152 9170 1
9180 0.000390 670.079573 9180 1
9190 0.000292 497.899632 9187 1
9200 0.000312 533.549601 9190 1
9210 0.000237 398.628678 9207 1
9220 0.000302 515.536944 9214 1
9230 0.000264 447.719940 9228 1
9240 0.000243 410.373156 9238 1
9250 0.000313 534.233775 9245 1
9260 0.000281 477.177029 9257 1
9270 0.000274 464.995472 9268 1
9280 0.000314 536.555516 9265 1
9290 0.000336 576.685256 9289 1
9300 0.000279 473.632220 9299 1
9310 0.000270 457.982824 9300 1
9320 0.000260 439.855623 9313 1
9330 0.000345 591.583943 9321 1
9340 0.000267 453.081943 9333 1
9350 0.000271 460.371463 9350 1
9360 0.000300 511.865993 9351 1
9370 0.000286 485.905137 9370 1
9380 0.000322 550.618494 9376 1
9390 0.000303 517.245135 9390 1
9400 0.000318 544.095298 9391 1
9410 0.000213 355.147351 9405 1
9420 0.000299 510.004954 9418 1
9430 0.000308 525.450749 9428 1
9440 0.000344 590.810568 9422 1
9450 0.000305 521.135608 9448 1
9460 0.000324 554.043603 9451 1
9470 0.000240 404.013975 9470 1
9480 0.000324 554.863599 9480 1
9490 0.000303 515.047056 9488 1
9500 0.000288 490.860821 9499 1
9510 0.000252 426.121824 9508 1
9520 0.000273 462.996726 9519 1
9530 0.000331 567.146409 9525 1
9540 0.000331 567.409581 9529 1
9550 0.000322 551.359267 9540 1
9560 0.000256 432.426458 9541 1
9570 0.000327 560.305433 9563 1
9580 0.000309 527.928771 9578 1
9590 0.000358 615.914595 9584 1
9600 0.000299 509.336706 9600 1
9610 0.000321 550.187520 9606 1
9620 0.000300 510.157112 9620 1
9630 0.000318 543.460269 9626 1
9640 0.000281 477.766649 9633 1
9650 0.000324 553.777662 9635 1
9660 0.000249 420.129185 9654 1
9670 0.000333 570.238901 9669 1
9680 0.000296 503.681191 9679 1
9690 0.000296 503.944636 9688 1
9700 0.000286 486.655778 9692 1
9710 0.000256 432.081560 9709 1
9720 0.000289 492.069483 9717 1
9730 0.000310 529.234462 9730 1
9740 0.000291 496.091533 9719 1
9750 0.000347 595.593720 9746 1
9760 0.000364 625.545303 9760 1
9770 0.000308 525.878089 9765 1
9780 0.000253 426.746440 9776 1
9790 0.000272 460.621515 9783 1
9800 0.000330 565.874198 9793 1
9810 0.000344 591.386615 9791 1
9820 0.000269 456.519336 9809 1
9830 0.000300 511.982159 9829 1
9840 0.000358 586.570363 9840 1
9850 0.000283 481.895862 9837 1
9860 0.000310 528.785802 9855 1
9870 0.000279 474.453508 9859 1
9880 0.000353 605.824289 9880 1
9890 0.000379 652.860498 9889 1
9900 0.000294 501.396333 9900 1
9910 0.000314 536.260211 9908 1
9920 0.000400 689.855593 9919 1
9930 0.000313 534.038653 9930 1
9940 0.000323 548.591897 9939 1
9950 0.000287 488.913740 9943 1
9960 0.000274 464.083607 9956 1
9970 0.000309 527.115068 9965 1
9980 0.000298 507.280167 9977 1
9990 0.000283 480.670468 9988 1
10000 0.000359 617.157179 10000 1
