1000 0.003062 616.212000 991 4
1010 0.002491 523.252475 1004 21
1020 0.001778 463.425490 1011 3
1030 0.000683 217.570874 999 1
1040 0.001233 451.138462 1031 1
1050 0.000986 332.224762 1023 1
1060 0.002037 623.141509 1060 14
1070 0.000915 277.152336 1014 1
1080 0.001035 342.601852 1076 1
1090 0.001017 369.385321 1089 1
1100 0.001705 624.631818 1057 29
1110 0.001294 483.380180 1086 1
1120 0.000618 232.391964 1114 1
1130 0.001447 550.078761 1048 17
1140 0.000808 294.675439 1132 1
1150 0.001633 633.073043 1135 5
1160 0.001238 448.806034 1140 1
1170 0.001312 481.795726 1166 1
1180 0.001009 375.082203 1165 1
1190 0.001482 442.060504 1184 1
1200 0.001804 607.522500 1183 38
1210 0.001750 627.644628 1187 1
1220 0.001257 484.405738 1163 1
1230 0.001447 546.868293 1219 1
1240 0.002294 885.552419 1229 1
1250 0.001438 527.720000 1229 18
1260 0.001280 482.192063 1209 1
1270 0.001375 471.481102 1245 5
1280 0.001348 459.489062 1247 1
1290 0.000656 238.623256 1243 1
1300 0.000838 303.916154 1265 1
1310 0.002737 946.480916 1300 12
1320 0.001790 677.414394 1307 16
1330 0.001723 650.611278 1330 1
1340 0.001442 542.958955 1323 1
1350 0.000693 233.127407 1340 1
1360 0.001520 580.461765 1303 1
1370 0.001746 668.529927 1363 53
1380 0.001504 574.376812 1338 1
1390 0.002335 894.788489 1376 1
1400 0.001194 454.265000 1379 1
1410 0.001162 433.535461 1380 1
1420 0.001643 623.486620 1420 1
1430 0.001597 611.965734 1419 1
1440 0.001240 462.868056 1438 1
1450 0.001351 514.563448 1410 1
1460 0.001672 641.165068 1455 1
1470 0.001948 754.176871 1454 1
1480 0.001281 479.654730 1444 1
1490 0.002289 878.341611 1489 1
1500 0.001137 437.249333 1499 1
1510 0.001568 593.315232 1476 1
1520 0.001301 502.135526 1502 1
1530 0.001512 573.590850 1526 1
1540 0.001197 438.729870 1537 1
1550 0.002106 794.340000 1549 11
1560 0.002451 941.616667 1545 43
1570 0.002157 825.892994 1558 34
1580 0.001822 703.348734 1565 1
1590 0.001347 512.824528 1573 1
1600 0.001183 440.591250 1425 1
1610 0.001065 408.451553 1585 14
1620 0.001991 760.720370 1605 1
1630 0.001061 400.009202 1617 1
1640 0.002085 769.494512 1625 22
1650 0.001542 590.935758 1625 1
1660 0.002108 807.074699 1659 16
1670 0.002052 786.395210 1667 15
1680 0.001418 541.345238 1633 1
1690 0.001528 569.556213 1684 11
1700 0.001242 466.460588 1690 1
1710 0.001204 463.737427 1691 1
1720 0.002972 1142.715116 1706 1
1730 0.002603 984.167052 1726 73
1740 0.002413 929.113793 1735 43
1750 0.001926 739.348571 1742 1
1760 0.002431 940.335795 1696 1
1770 0.001893 724.526554 1748 1
1780 0.001997 766.849438 1778 1
1790 0.001788 685.860894 1760 12
1800 0.001901 727.175000 1734 4
1810 0.002672 1025.481768 1809 50
1820 0.000923 347.622527 1809 1
1830 0.001867 713.305464 1817 52
1840 0.001704 650.753804 1780 1
1850 0.002021 755.762162 1827 1
1860 0.003309 1283.549462 1858 32
1870 0.001631 620.525134 1833 1
1880 0.003265 1260.693617 1860 27
1890 0.001454 556.123280 1878 1
1900 0.002418 932.067895 1877 36
1910 0.002688 1032.152356 1858 35
1920 0.002630 1007.964062 1874 42
1930 0.000878 330.081865 1916 1
1940 0.002055 789.160825 1905 1
1950 0.002826 1086.935385 1932 1
1960 0.001247 475.611735 1953 1
1970 0.002806 1077.301015 1941 78
1980 0.002411 912.976768 1975 33
1990 0.002658 1026.352261 1986 19
2000 0.001925 737.885000 1982 1
2010 0.001891 723.694527 1985 1
2020 0.001207 454.892079 2002 1
2030 0.001775 675.007882 2013 1
2040 0.001936 738.512255 2019 1
2050 0.001966 753.871707 2037 1
2060 0.001947 750.061165 1958 1
2070 0.001747 671.455072 2057 1
2080 0.001075 410.300962 2049 1
2090 0.002812 1060.353110 2058 15
2100 0.002778 1070.691429 2096 33
2110 0.001885 722.314692 2109 1
2120 0.001415 542.297170 2118 1
2130 0.001312 496.217840 2129 1
2140 0.002618 1007.665421 2098 1
2150 0.002085 796.335814 2143 1
2160 0.002731 1056.848611 2155 1
2170 0.003289 1267.375576 2157 158
2180 0.001875 720.010550 2134 1
2190 0.002893 1102.470320 2186 8
2200 0.002530 968.263636 2157 1
2210 0.002749 1064.009050 2193 115
2220 0.003250 1251.721622 2205 20
2230 0.002348 897.526009 2213 6
2240 0.003658 1400.039732 2194 3
2250 0.000725 274.788000 2185 1
2260 0.002512 967.341150 2252 1
2270 0.002185 844.351101 2247 1
2280 0.002247 851.942982 2218 20
2290 0.003003 1155.653712 2258 19
2300 0.001716 657.176522 2276 1
2310 0.002113 812.767100 2300 24
2320 0.002913 1120.191810 2302 12
2330 0.001864 715.453219 2317 1
2340 0.003183 1226.988034 2338 39
2350 0.002953 1136.530638 2295 1
2360 0.001473 560.833898 2359 1
2370 0.002048 788.443460 2301 1
2380 0.003516 1339.032353 2374 1
2390 0.001951 747.490377 2390 1
2400 0.001687 645.966667 2389 1
2410 0.002907 1111.461411 2365 13
2420 0.002579 993.653306 2400 1
2430 0.003805 1466.759259 2382 97
2440 0.002400 925.975000 2418 1
2450 0.003022 1155.207347 2405 2
2460 0.001256 474.090650 2379 1
2470 0.004468 1727.455061 2459 16
2480 0.002489 957.429839 2472 1
2490 0.002782 1073.515261 2488 49
2500 0.002652 1018.680800 2323 1
2510 0.003587 1385.457371 2479 1
2520 0.001810 694.665476 2518 1
2530 0.001848 703.175099 2483 1
2540 0.003304 1261.337795 2521 69
2550 0.001684 644.441176 2493 1
2560 0.002708 1038.731641 2493 1
2570 0.001735 660.254475 2502 1
2580 0.002360 855.740698 2577 1
2590 0.001138 424.079151 2568 1
2600 0.001904 734.546154 2553 1
2610 0.002531 899.108812 2594 1
2620 0.002725 1046.847328 2608 7
2630 0.004196 1617.291635 2598 2
2640 0.001841 696.849242 2630 1
2650 0.002168 832.510943 2641 27
2660 0.002714 1041.657519 2649 1
2670 0.001302 494.519476 2670 1
2680 0.001858 709.476866 2678 1
2690 0.003491 1310.888104 2665 7
2700 0.004741 1830.507778 2681 2
2710 0.001909 704.330627 2691 1
2720 0.003249 1238.340441 2699 1
2730 0.004129 1593.713553 2687 59
2740 0.003325 1276.693796 2733 91
2750 0.002704 1044.882182 2747 1
2760 0.003496 1348.484058 2751 1
2770 0.001238 469.044043 2761 1
2780 0.003889 1504.548561 2778 1
2790 0.002000 765.102151 2780 1
2800 0.003238 1251.488929 2784 1
2810 0.003411 1298.752669 2715 1
2820 0.003337 1287.150355 2808 1
2830 0.002080 793.861837 2823 1
2840 0.001505 577.166197 2836 1
2850 0.003163 1222.525614 2847 1
2860 0.001900 731.851399 2855 1
2870 0.002867 1088.645296 2865 1
2880 0.002840 1095.437153 2854 1
2890 0.003021 1163.292734 2842 1
2900 0.003442 1328.753448 2876 1
2910 0.003119 1175.381443 2880 14
2920 0.003742 1447.390753 2914 24
2930 0.003440 1325.134471 2881 34
2940 0.003506 1355.062585 2889 1
2950 0.003624 1390.527797 2898 16
2960 0.004400 1698.380068 2921 52
2970 0.002696 1032.889226 2945 1
2980 0.002713 1043.718792 2922 23
2990 0.002799 1079.830100 2924 1
3000 0.005107 1956.697333 2941 40
3010 0.004273 1650.116944 2998 162
3020 0.004909 1898.206291 2984 1
3030 0.004092 1577.143234 2836 42
3040 0.004305 1661.372039 2992 41
3050 0.003827 1472.089836 3048 15
3060 0.004054 1564.957516 3015 32
3070 0.003710 1430.402606 3057 24
3080 0.002558 981.200325 3059 1
3090 0.004128 1598.498706 3027 1
3100 0.004068 1568.907097 2986 22
3110 0.005774 2228.140514 3104 12
3120 0.002328 894.182692 3120 1
3130 0.002800 1080.419169 3039 1
3140 0.003353 1288.756051 3057 7
3150 0.004383 1697.557460 3133 86
3160 0.003103 1187.991772 3082 1
3170 0.004128 1586.630915 3118 94
3180 0.001555 591.989308 3180 1
3190 0.004295 1654.125392 3171 1
3200 0.003290 1253.820625 3150 1
3210 0.003576 1374.406231 3209 1
3220 0.003476 1290.680745 3190 1
3230 0.004418 1696.990402 3230 1
3240 0.004559 1762.079630 3222 1
3250 0.005050 1952.552923 3246 70
3260 0.003713 1434.887423 3240 24
3270 0.002880 1100.977676 3255 1
3280 0.003781 1456.287195 3260 1
3290 0.003055 1173.493921 3208 1
3300 0.003443 1326.016970 3292 1
3310 0.002760 1057.269486 3309 1
3320 0.002291 884.415060 3320 1
3330 0.003860 1488.139339 3323 1
3340 0.004472 1728.281737 3143 1
3350 0.001970 755.565075 3311 1
3360 0.002970 1141.015476 3341 1
3370 0.004405 1703.841543 3363 1
3380 0.003076 1178.582840 3328 1
3390 0.003095 1191.767847 3389 1
3400 0.001921 729.908235 3346 1
3410 0.002511 967.729032 3405 1
3420 0.004063 1568.764327 3391 9
3430 0.004190 1617.978134 3347 1
3440 0.004895 1892.506686 3440 1
3450 0.002980 1146.200290 3371 1
3460 0.003358 1287.391040 3446 24
3470 0.004219 1631.849856 3414 1
3480 0.004267 1651.601724 3455 2
3490 0.002668 1023.485100 3462 1
3500 0.004474 1730.231143 3477 3
3510 0.004821 1867.501709 3441 39
3520 0.003869 1493.701420 3499 1
3530 0.002534 973.738244 3523 98
3540 0.002136 813.098588 3540 1
3550 0.004392 1698.707042 3499 1
3560 0.005238 2020.729213 3516 5
3570 0.004430 1704.139496 3461 5
3580 0.003647 1401.236034 3567 1
3590 0.003064 1174.952646 3565 1
3600 0.004280 1653.743056 3546 15
3610 0.003201 1227.015235 3539 1
3620 0.003194 1233.097238 3601 1
3630 0.003062 1177.447934 3604 1
3640 0.003196 1230.955220 3580 1
3650 0.002662 1027.923288 3572 1
3660 0.005967 2305.129508 3644 9
3670 0.005485 2123.129973 3610 1
3680 0.003652 1403.215489 3651 1
3690 0.004666 1737.739024 3665 1
3700 0.002440 921.829730 3660 1
3710 0.001874 710.833962 3665 1
3720 0.004065 1568.983333 3707 36
3730 0.002916 1110.223592 3588 1
3740 0.004186 1617.288770 3726 1
3750 0.005796 2222.059467 3663 30
3760 0.006174 2376.452660 3744 1
3770 0.004043 1564.901061 3715 1
3780 0.003502 1349.854233 3691 19
3790 0.005827 2254.082850 3749 41
3800 0.005179 1997.727105 3756 10
3810 0.004390 1695.879265 3792 1
3820 0.004492 1735.221204 3773 1
3830 0.004851 1877.323238 3732 1
3840 0.006210 2406.948177 3818 5
3850 0.001157 436.425195 3724 1
3860 0.003580 1381.582383 3700 1
3870 0.002990 1146.173643 3810 1
3880 0.004685 1805.990979 3844 1
3890 0.004579 1770.897172 3878 14
3900 0.001733 657.833077 3890 1
3910 0.001899 719.983632 3882 1
3920 0.005675 2179.578061 3914 15
3930 0.004778 1844.804835 3918 1
3940 0.003615 1393.903299 3911 1
3950 0.003118 1187.895949 3897 1
3960 0.006117 2367.579798 3924 5
3970 0.002499 959.701259 3897 1
3980 0.005270 2035.351256 3972 27
3990 0.002999 1158.134336 3964 1
4000 0.001556 587.860000 3951 1
4010 0.004717 1824.431421 3996 1
4020 0.003822 1471.804975 3991 1
4030 0.001393 530.406948 4029 1
4040 0.004439 1714.237129 4015 1
4050 0.003122 1205.340988 4039 1
4060 0.004182 1610.076355 4037 1
4070 0.002562 977.656511 3967 1
4080 0.003128 1182.693873 4046 1
4090 0.004635 1749.079707 4062 1
4100 0.003015 1159.043415 4098 1
4110 0.004274 1652.777372 4105 1
4120 0.005117 1974.736408 4109 1
4130 0.004104 1578.200969 4120 1
4140 0.005226 2027.716908 4086 62
4150 0.004116 1583.673253 4001 97
4160 0.004292 1658.831731 4135 23
4170 0.004008 1547.847482 4127 84
4180 0.002694 1033.679187 4118 1
4190 0.003476 1334.819809 4177 1
4200 0.002906 1119.311905 4182 1
4210 0.003174 1218.363420 4157 1
4220 0.005088 1965.684834 4156 1
4230 0.005387 2087.031206 4089 1
4240 0.004464 1720.069340 4202 1
4250 0.004091 1580.129882 4241 1
4260 0.004927 1902.351408 4246 1
4270 0.004240 1638.525527 4243 1
4280 0.002183 837.688785 4260 1
4290 0.005334 2063.663403 4185 1
4300 0.004777 1843.251628 4262 1
4310 0.004193 1623.932251 4262 1
4320 0.004780 1842.774306 4299 27
4330 0.004959 1904.015242 4285 17
4340 0.005351 2047.773963 4338 1
4350 0.004843 1843.489425 4349 1
4360 0.004205 1627.764450 4286 49
4370 0.005654 2185.663387 4341 80
4380 0.005491 2126.821461 4267 57
4390 0.004089 1577.055581 4379 1
4400 0.004601 1753.421818 4377 10
4410 0.003105 1183.631746 4396 1
4420 0.003274 1253.093891 4396 1
4430 0.004366 1685.945598 4354 81
4440 0.005925 2292.054279 4417 41
4450 0.003514 1355.838652 4445 1
4460 0.005672 2184.153139 4457 80
4470 0.003662 1414.060403 4354 1
4480 0.004482 1722.255580 4469 9
4490 0.001539 589.240089 4407 1
4500 0.002346 891.852667 4456 1
4510 0.007483 2898.731707 4494 1
4520 0.005818 2244.946681 4494 49
4530 0.004910 1898.962031 4496 1
4540 0.005550 2142.067621 4505 1
4550 0.003554 1367.897582 4532 8
4560 0.004317 1664.449561 4539 1
4570 0.006244 2411.835230 4376 1
4580 0.004337 1677.144541 4544 1
4590 0.004432 1711.753159 4567 1
4600 0.003556 1363.296304 4590 1
4610 0.002420 930.070499 4588 1
4620 0.007531 2918.028788 4616 22
4630 0.003519 1358.422246 4628 1
4640 0.006680 2575.257112 4636 3
4650 0.005696 2199.729032 4650 1
4660 0.003386 1302.104721 4599 1
4670 0.005241 2028.103212 4660 52
4680 0.004371 1687.980983 4646 12
4690 0.004336 1635.521535 4666 1
4700 0.006967 2682.333191 4686 36
4710 0.005311 2055.203185 4703 2
4720 0.006164 2375.828390 4710 2
4730 0.005114 1968.551374 4728 1
4740 0.005666 2190.768354 4733 78
4750 0.008073 3125.239158 4731 36
4760 0.002783 1066.478992 4737 1
4770 0.003677 1421.192034 4731 1
4780 0.005128 1980.216318 4773 1
4790 0.006879 2653.390188 4764 7
4800 0.005701 2189.710625 4739 56
4810 0.005343 2061.098960 4759 1
4820 0.004698 1816.522614 4804 1
4830 0.003254 1250.331884 4810 1
4840 0.003323 1284.685124 4811 1
4850 0.005190 2001.157732 4799 1
4860 0.007300 2827.031070 4842 1
4870 0.002729 1052.860164 4781 1
4880 0.008019 3096.963525 4794 25
4890 0.004322 1673.471984 4870 1
4900 0.004763 1837.092449 4881 1
4910 0.007353 2838.539511 4896 3
4920 0.004394 1696.064024 4901 1
4930 0.005773 2200.173225 4882 35
4940 0.002466 947.256883 4730 1
4950 0.003887 1501.170505 4944 1
4960 0.006180 2383.165323 4915 44
4970 0.004336 1668.698592 4958 1
4980 0.007216 2793.054016 4830 101
4990 0.005475 2117.003808 4973 40
5000 0.004493 1730.996000 4982 1
5010 0.003183 1228.674850 5003 1
5020 0.006649 2571.241434 5013 1
5030 0.004618 1769.129225 5026 1
5040 0.007031 2715.570833 5021 4
5050 0.008983 3477.833663 5035 1
5060 0.003485 1345.907510 5024 1
5070 0.003027 1166.908679 4892 1
5080 0.003251 1251.832087 5031 1
5090 0.005261 2021.393320 4897 1
5100 0.006201 2398.555686 5062 1
5110 0.006312 2427.789041 5081 208
5120 0.004314 1664.022266 5105 27
5130 0.004296 1656.031579 5127 1
5140 0.006727 2605.807198 5050 9
5150 0.006024 2314.821359 5100 1
5160 0.003379 1276.570930 5156 1
5170 0.008149 3144.160735 5144 51
5180 0.005192 1995.760811 5174 24
5190 0.004070 1572.455684 5189 1
5200 0.007477 2895.004038 5199 38
5210 0.005890 2278.685029 5122 1
5220 0.005364 2070.857471 5218 1
5230 0.003883 1497.080880 5213 1
5240 0.009240 3581.871947 5240 51
5250 0.007352 2836.385333 5223 1
5260 0.005645 2174.172624 5212 1
5270 0.003924 1507.770398 5263 1
5280 0.007045 2719.975947 5227 4
5290 0.005375 2077.399433 5244 1
5300 0.006905 2656.979245 5278 188
5310 0.005974 2302.661959 5231 1
5320 0.006423 2481.794925 5317 40
5330 0.006863 2653.760976 5307 1
5340 0.004790 1844.768727 5319 1
5350 0.007888 3003.053084 5221 39
5360 0.003086 1189.130970 5358 1
5370 0.006580 2541.186406 5352 97
5380 0.006186 2395.189219 5362 107
5390 0.002388 919.376994 5363 1
5400 0.009825 3445.366852 5267 1
5410 0.008173 3161.858965 5401 66
5420 0.006844 2649.253690 5305 73
5430 0.010324 3989.821915 5382 82
5440 0.005678 2192.050368 5437 1
5450 0.007213 2787.118532 5398 34
5460 0.005311 2050.753480 5438 1
5470 0.007614 2940.250274 5457 32
5480 0.004493 1717.995985 5478 1
5490 0.007679 2963.307650 5424 4
5500 0.007916 2958.017636 5485 1
5510 0.004663 1708.647550 5492 1
5520 0.005474 1956.949638 5503 1
5530 0.009633 3620.216998 5529 53
5540 0.008555 2951.841336 5519 17
5550 0.007912 2723.175315 5511 28
5560 0.008092 3121.295144 5488 15
5570 0.004714 1754.049551 5498 72
5580 0.009798 3365.382079 5555 1
5590 0.005224 1741.055098 5537 1
5600 0.008723 3251.389286 5562 125
5610 0.002394 899.556684 5607 1
5620 0.003637 1357.975979 5569 1
5630 0.005820 2159.950622 5608 1
5640 0.002962 944.892376 5635 1
5650 0.007950 1987.083186 5605 28
5660 0.006133 1989.012721 5636 1
5670 0.003103 1105.476543 5667 1
5680 0.007288 2384.532746 5669 1
5690 0.005107 1838.648682 5667 1
5700 0.005294 1654.751579 5695 108
5710 0.007062 2460.806305 5604 1
5720 0.004445 1668.350175 5688 1
5730 0.006951 2587.087784 5728 1
5740 0.006403 2403.896690 5585 1
5750 0.007873 2954.640696 5629 115
5760 0.004531 1714.500000 5703 1
5770 0.008024 2993.575563 5750 48
5780 0.006227 2144.729931 5750 22
5790 0.004516 1345.045250 5717 1
5800 0.006086 1923.785172 5723 1
5810 0.008482 3173.642513 5758 75
5820 0.008003 2811.555326 5814 108
5830 0.008663 3213.668096 5774 102
5840 0.007315 2722.715753 5814 1
5850 0.005890 1842.231795 5849 1
5860 0.005857 1526.985495 5839 1
5870 0.009921 2642.970187 5831 216
5880 0.004998 1423.284014 5880 1
5890 0.007912 2545.686757 5884 31
5900 0.004877 1700.564407 5838 1
5910 0.007546 2628.979526 5751 1
5920 0.004687 1747.233277 5893 1
5930 0.006118 2310.396290 5880 1
5940 0.009842 3769.484343 5846 1
5950 0.004656 1796.913782 5926 76
5960 0.006902 2669.994799 5956 1
5970 0.006350 2453.527303 5950 1
5980 0.005482 2116.605853 5966 1
5990 0.004718 1820.739399 5937 1
6000 0.004825 1864.693667 5993 1
6010 0.003995 1529.892180 5921 1
6020 0.002848 1087.278904 6016 1
6030 0.005885 2178.971808 6023 21
6040 0.007287 2246.995364 5987 1
6050 0.007863 2368.120165 5975 1
6060 0.013181 3510.822607 6060 8
6070 0.015384 3436.568204 5988 200
6080 0.009602 2388.117105 6078 1
6090 0.007766 2715.596552 6088 1
6100 0.005912 2205.883443 6058 1
6110 0.004123 1549.684124 6098 1
6120 0.005288 1969.585948 6112 1
6130 0.009038 2431.987928 6068 1
6140 0.008424 2136.297231 6084 1
6150 0.005277 1496.914634 6123 1
6160 0.009300 2105.708929 6142 1
6170 0.018906 3852.347002 6157 1
6180 0.009982 2070.482686 6157 1
6190 0.018094 4281.523425 6163 1
6200 0.007817 2493.266935 6148 9
6210 0.012189 3089.219968 6157 5
6220 0.009800 2339.260450 6168 1
6230 0.007746 1818.863403 6161 1
6240 0.011346 3150.083974 6231 1
6250 0.012460 4211.601440 6229 100
6260 0.008905 3068.741374 6196 5
6270 0.007332 2308.301435 6254 44
6280 0.008063 2798.525478 6250 1
6290 0.005962 2128.861049 6225 1
6300 0.010337 3815.360952 6286 3
6310 0.010315 3409.275753 6302 21
6320 0.006593 2306.823101 6313 76
6330 0.010305 2933.128594 6312 1
6340 0.007713 2729.446688 6236 1
6350 0.005968 2026.718583 6349 1
6360 0.010873 3852.053774 6330 45
6370 0.005018 1784.590424 6312 1
6380 0.003687 1305.277116 6361 1
6390 0.007322 2720.792488 6367 1
6400 0.002669 965.895312 6319 1
6410 0.009026 3058.191732 6328 1
6420 0.008056 2778.029595 6414 1
6430 0.008653 2720.929705 6416 1
6440 0.005819 1774.757298 6369 1
6450 0.010489 2819.874884 6431 1
6460 0.009746 3472.444892 6453 17
6470 0.008207 2612.680989 6291 5
6480 0.007480 2713.818056 6381 17
6490 0.007305 2814.389214 6469 1
6500 0.007506 2765.787231 6467 52
6510 0.007657 2845.621045 6502 48
6520 0.004519 1710.155982 6355 1
6530 0.009658 3279.054211 6518 105
6540 0.007489 2634.174159 6527 1
6550 0.008206 2917.397405 6524 1
6560 0.013819 3550.895427 6449 15
6570 0.006116 1378.990715 6463 1
6580 0.016935 3965.794833 6578 80
6590 0.005471 1842.201973 6587 1
6600 0.007475 2872.177879 6599 119
6610 0.004807 1757.976853 6565 1
6620 0.004920 1528.125076 6556 1
6630 0.008663 1960.196078 6597 1
6640 0.009381 2088.105723 6636 1
6650 0.012712 3076.015338 6638 1
6660 0.012779 3103.365916 6597 9
6670 0.004812 1687.308846 6664 1
6680 0.013208 4506.781138 6639 1
6690 0.010870 3647.410015 6671 6
6700 0.009749 3427.972985 6638 22
6710 0.006549 2201.687332 6677 1
6720 0.007145 2338.158333 6621 1
6730 0.012476 3896.269985 6728 1
6740 0.010367 3418.289318 6685 27
6750 0.007613 2437.084741 6732 1
6760 0.009577 3393.957692 6735 70
6770 0.008668 3008.777548 6744 1
6780 0.006974 2543.318584 6706 1
6790 0.005789 2018.462150 6685 1
6800 0.004930 1875.196912 6791 1
6810 0.005140 1977.796182 6760 1
6820 0.005174 1981.624487 6797 1
6830 0.006879 2657.704978 6689 1
6840 0.004819 1809.858187 6751 1
6850 0.007979 2739.614015 6829 1
6860 0.008993 3241.299125 6755 1
6870 0.005817 1977.533916 6855 1
6880 0.008163 2760.952907 6845 1
6890 0.006551 2344.432366 6766 1
6900 0.008802 3089.368116 6778 29
6910 0.009153 3165.713025 6910 13
6920 0.008746 3341.661994 6876 30
6930 0.008200 2918.871429 6855 1
6940 0.004449 1580.250720 6885 1
6950 0.011426 3778.211511 6912 33
6960 0.006369 2209.155747 6944 1
6970 0.009070 3219.807891 6909 1
6980 0.004636 1771.485387 6856 1
6990 0.012673 4630.233763 6984 37
7000 0.010611 3926.915571 6944 15
7010 0.010213 3945.142225 6975 15
7020 0.005418 2023.445157 6867 1
7030 0.006518 2498.391181 7020 1
7040 0.008438 3263.817898 6994 1
7050 0.011333 4112.292199 7037 47
7060 0.010535 3684.506941 6928 2
7070 0.009411 3320.395191 7030 1
7080 0.008979 2877.676977 7002 32
7090 0.007125 2449.917207 6980 40
7100 0.013423 4707.892676 7091 136
7110 0.008436 2651.680872 7085 1
7120 0.007907 2767.531180 6995 15
7130 0.005951 2169.794109 7122 1
7140 0.007302 2674.239636 7131 1
7150 0.008110 2857.686154 7146 1
7160 0.008628 2816.615922 7113 1
7170 0.011388 3807.311158 7051 60
7180 0.005627 1955.782869 7089 1
7190 0.009183 3052.793741 7176 1
7200 0.012803 4757.570278 7187 36
7210 0.008337 3185.770458 7180 1
7220 0.007653 2936.114681 7202 1
7230 0.011309 3176.726971 7167 55
7240 0.006973 1606.437707 7187 1
7250 0.018355 4362.482069 7224 221
7260 0.017907 4327.646143 7219 70
7270 0.015227 3450.301100 7230 84
7280 0.013514 4187.936401 7194 58
7290 0.005539 2125.189986 7146 1
7300 0.003777 1432.466986 7294 1
7310 0.011241 3375.219289 7304 1
7320 0.016212 4041.764344 7318 106
7330 0.008144 1872.105730 7312 1
7340 0.007692 1848.184196 7339 1
7350 0.008818 2305.506395 7349 1
7360 0.010851 3968.718478 7333 12
7370 0.002812 1039.326594 7311 1
7380 0.008055 3097.017480 7336 1
7390 0.012677 4867.431258 7333 133
7400 0.004695 1592.840135 7260 1
7410 0.009282 3149.133468 7410 27
7420 0.006894 2475.175067 7387 1
7430 0.009128 3277.340781 7418 1
7440 0.010023 3671.122446 7359 1
7450 0.008088 3117.461745 7328 1
7460 0.009646 3696.757775 7278 1
7470 0.004797 1775.922222 7464 1
7480 0.006464 2490.445187 7438 1
7490 0.008823 2970.943925 7437 14
7500 0.009066 3046.255600 7487 1
7510 0.011528 4086.407989 7489 17
7520 0.008363 2942.047872 7469 1
7530 0.009216 2279.478884 7520 1
7540 0.009956 2459.914191 7419 1
7550 0.015407 3615.150728 7489 39
7560 0.016195 4034.268651 7540 5
7570 0.008962 3019.738045 7557 115
7580 0.008856 3096.783905 7561 1
7590 0.008752 3215.795257 7555 1
7600 0.012211 4218.176974 7580 44
7610 0.014737 5187.399343 7594 21
7620 0.013730 4965.985433 7551 76
7630 0.005774 2009.451114 7552 1
7640 0.006985 2505.073953 7573 1
7650 0.010922 3666.992810 7549 37
7660 0.008139 2939.674021 7644 1
7670 0.008896 3284.952021 7552 1
7680 0.005576 1905.248307 7615 1
7690 0.010123 3325.538231 7641 1
7700 0.005607 1872.210260 7633 1
7710 0.009441 3527.267704 7680 58
7720 0.010914 3679.369948 7665 37
7730 0.010017 3551.662484 7686 7
7740 0.014462 5029.455943 7695 13
7750 0.010233 2845.081161 7627 1
7760 0.010598 3906.212371 7749 1
7770 0.008922 2912.299099 7736 1
7780 0.010454 2797.211440 7769 30
7790 0.016767 4495.006675 7731 88
7800 0.013412 4680.647949 7797 1
7810 0.009517 3539.263508 7772 1
7820 0.007617 2640.645396 7702 1
7830 0.007264 2646.204087 7810 1
7840 0.010179 3798.954974 7805 8
7850 0.010319 2662.778854 7799 1
7860 0.005597 1645.020992 7690 1
7870 0.013309 4152.952097 7865 25
7880 0.013521 4249.059772 7832 64
7890 0.004791 1580.223574 7845 1
7900 0.007020 2496.208481 7800 1
7910 0.012847 4547.772946 7908 19
7920 0.009406 2596.524874 7887 1
7930 0.014075 3708.521942 7918 1
7940 0.010657 2772.961713 7919 1
7950 0.014888 5149.981887 7915 8
7960 0.007658 2739.343467 7943 1
7970 0.011701 4161.547177 7940 1
7980 0.004338 1555.637970 7962 1
7990 0.006024 2039.793867 7926 1
8000 0.010406 3920.412125 7978 1
8010 0.011732 4150.350936 7953 7
8020 0.010752 3991.063092 8010 14
8030 0.008579 3159.319427 8015 57
8040 0.008969 3410.002488 8025 1
8050 0.009717 3668.529565 7982 16
8060 0.009942 3762.332010 8025 1
8070 0.010720 4031.118092 8054 86
8080 0.012569 4754.421535 8067 1
8090 0.009756 3710.912608 8047 1
8100 0.006216 2350.410123 8015 1
8110 0.007888 3046.954007 8107 142
8120 0.004215 1607.427956 8015 1
8130 0.008752 3309.476876 8077 1
8140 0.010196 3898.703931 8058 1
8150 0.010215 3910.040736 8149 29
8160 0.007681 2287.794485 8075 1
8170 0.004856 1855.270012 8169 1
8180 0.009027 3451.950733 8160 1
8190 0.009382 3575.182662 8164 1
8200 0.004253 1636.515122 8196 1
8210 0.008120 3001.671011 8209 1
8220 0.009671 3731.636496 8154 59
8230 0.009236 3559.746416 8220 1
8240 0.010004 3785.946117 8138 177
8250 0.005299 2046.185818 8190 1
8260 0.008412 3253.417676 8253 13
8270 0.011463 4280.586457 8221 59
8280 0.007728 2893.826812 8268 1
8290 0.007517 2778.943185 8158 1
8300 0.009178 3483.926867 8255 1
8310 0.009093 3380.394465 8152 86
8320 0.003365 1296.446154 8186 1
8330 0.008149 3008.612125 8322 1
8340 0.006640 2530.897002 8296 1
8350 0.009430 3541.380000 8341 38
8360 0.013143 4802.598445 8187 13
8370 0.006999 2685.077180 8311 1
8380 0.013588 5211.360263 8352 6
8390 0.008144 3070.955185 8305 1
8400 0.006355 2455.743095 8376 1
8410 0.004880 1666.185969 8407 1
8420 0.006243 2378.330641 8417 1
8430 0.008197 3050.212456 8426 1
8440 0.008505 3013.858175 8325 1
8450 0.009525 3370.166627 8441 1
8460 0.011157 4232.587707 8422 102
8470 0.006681 2571.559268 8385 91
8480 0.016054 6203.108491 8466 1
8490 0.008788 3292.934865 8437 1
8500 0.014778 5537.360471 8431 32
8510 0.008680 3190.067568 8447 38
8520 0.006748 2524.777465 8479 1
8530 0.005676 2183.813365 8387 1
8540 0.004950 1854.826581 8481 1
8550 0.010934 4172.650760 8533 1
8560 0.012088 4617.253037 8527 1
8570 0.009598 3705.764761 8427 112
8580 0.009707 3732.779604 8575 62
8590 0.006775 2562.313388 8557 1
8600 0.009443 3544.829302 8597 2
8610 0.008015 2945.924623 8558 1
8620 0.012138 4359.566125 8591 3
8630 0.013971 4577.902665 8613 1
8640 0.007847 2611.817940 8592 1
8650 0.005293 1951.047283 8582 1
8660 0.020675 5275.131409 8660 1
8670 0.014471 3547.730681 8256 1
8680 0.014023 3355.366590 8643 1
8690 0.013435 3441.902071 8688 1
8700 0.014218 4517.565057 8663 67
8710 0.012346 4006.427325 8676 1
8720 0.006350 2351.726720 8687 1
8730 0.015069 4382.744788 8719 1
8740 0.009042 2124.718535 8715 1
8750 0.015278 4044.821943 8694 1
8760 0.019419 4934.953082 8661 1
8770 0.008057 2062.005017 8742 1
8780 0.010976 3455.687016 8740 1
8790 0.013576 4187.254835 8707 1
8800 0.011486 3753.547955 8776 1
8810 0.006499 1817.092395 8779 1
8820 0.011291 3156.288209 8797 42
8830 0.011405 3324.746659 8773 1
8840 0.009338 2189.429977 8836 1
8850 0.018674 4262.944859 8794 1
8860 0.009886 2495.823476 8831 1
8870 0.016264 3945.352762 8867 1
8880 0.010199 2778.795608 8878 1
8890 0.016055 3940.547469 8848 78
8900 0.011182 2809.100225 8885 1
8910 0.007902 2022.728283 8837 1
8920 0.021663 5475.062780 8881 18
8930 0.019314 5849.461254 8930 95
8940 0.006419 2079.366667 8911 1
8950 0.009620 3557.176648 8778 1
8960 0.011404 3117.654688 8959 1
8970 0.009692 3419.060981 8812 1
8980 0.010055 3209.242316 8974 1
8990 0.014441 4399.449277 8987 24
9000 0.014875 5187.612889 8991 1
9010 0.005524 1972.414983 8977 1
9020 0.013502 4634.820399 9019 5
9030 0.011454 3994.378184 8882 45
9040 0.014186 4964.446128 9028 65
9050 0.014212 4946.158785 8999 72
9060 0.007922 2824.429029 9059 1
9070 0.011602 4287.400441 9025 6
9080 0.011705 4046.302643 9056 24
9090 0.013506 4415.866557 9061 1
9100 0.009866 3275.199890 9018 1
9110 0.005220 2013.656202 9068 1
9120 0.012173 4466.794956 9107 1
9130 0.009749 3756.823987 9100 1
9140 0.007543 2880.414770 9130 1
9150 0.011123 4267.903607 8936 1
9160 0.013042 5013.384279 9112 32
9170 0.006116 2157.005016 9094 1
9180 0.008578 2719.256100 9035 1
9190 0.017556 6104.641132 9142 1
9200 0.010507 3535.424891 9148 1
9210 0.011011 3952.656135 9182 1
9220 0.013836 4859.589913 9210 1
9230 0.012371 4760.860563 9213 7
9240 0.013152 4889.058658 9174 19
9250 0.017656 6401.229081 9236 4
9260 0.007108 2403.743952 9231 1
9270 0.008262 3151.127508 9257 1
9280 0.011264 3884.145151 9201 14
9290 0.005346 2060.970829 9237 1
9300 0.010071 3756.019570 9233 57
9310 0.014438 5180.575725 9309 62
9320 0.007890 2741.885944 9309 1
9330 0.007449 2790.803966 9223 1
9340 0.007795 2901.105353 9326 1
9350 0.007195 2749.724920 9264 1
9360 0.011849 4570.155128 9343 82
9370 0.009475 3581.504589 9364 1
9380 0.007027 2699.433689 9362 12
9390 0.010251 3792.020234 9109 67
9400 0.012222 4142.283830 9360 1
9410 0.003434 1292.290011 9391 1
9420 0.010191 3897.490340 9404 1
9430 0.017252 5748.438282 9289 1
9440 0.020656 5683.735911 9425 9
9450 0.016014 5999.540529 9412 26
9460 0.016123 6153.382135 9427 1
9470 0.015033 5069.469060 9424 1
9480 0.011265 4001.173945 9320 1
9490 0.009771 3741.362908 9453 1
9500 0.006833 2631.618842 9434 89
9510 0.008142 2972.520610 9427 1
9520 0.011719 4340.636870 9519 15
9530 0.004214 1374.412802 9525 1
9540 0.009611 3613.869602 9508 1
9550 0.007269 2779.534031 9456 1
9560 0.012514 4490.659833 9510 29
9570 0.006664 2508.189342 9538 1
9580 0.011407 4017.215866 9488 30
9590 0.007460 2859.421168 9571 1
9600 0.010224 3623.689167 9418 1
9610 0.010173 3644.904370 9561 1
9620 0.012219 4105.367256 9530 18
9630 0.008333 3126.703531 9576 1
9640 0.013080 4714.141598 9625 1
9650 0.006532 2442.480829 9611 1
9660 0.006413 2425.162733 9612 1
9670 0.015035 5386.497828 9610 1
9680 0.011036 3904.872004 9591 1
9690 0.014061 5284.564293 9671 11
9700 0.010268 3835.131959 9586 1
9710 0.011299 4018.899073 9553 1
9720 0.015050 5426.772016 9627 44
9730 0.004893 1878.194553 9648 1
9740 0.007033 2561.086653 9682 1
9750 0.007382 2845.226462 9675 1
9760 0.006718 2522.210246 9599 1
9770 0.010266 3829.042579 9722 1
9780 0.015235 5555.440593 9752 12
9790 0.008975 3424.244433 9754 1
9800 0.008720 3352.718367 9763 1
9810 0.013357 5069.174006 9762 212
9820 0.009195 3549.110896 9805 1
9830 0.014655 4326.119634 9826 1
9840 0.010888 3996.113313 9823 1
9850 0.015214 5718.679188 9814 28
9860 0.006553 2454.319270 9833 1
9870 0.007669 2900.338399 9868 1
9880 0.009463 3584.515283 9843 1
9890 0.013228 4282.868756 9869 1
9900 0.010718 3228.959394 9898 1
9910 0.010559 2609.632997 9881 1
9920 0.013805 4007.668145 9919 1
9930 0.015323 4784.364149 9907 1
9940 0.009875 2989.837827 9919 1
9950 0.011761 3606.059397 9890 1
9960 0.014181 4276.842871 9951 1
9970 0.017873 5282.821665 9934 32
9980 0.018926 5646.727956 9972 1
9990 0.007837 2554.725826 9956 1
10000 0.023299 7026.506100 9993 113
