1000 0.000031 8.987000 10 1
1100 0.000032 9.149091 11 1
1200 0.000032 9.303333 11 1
1300 0.000033 9.433846 11 1
1400 0.000034 9.545714 11 1
1500 0.000035 9.642667 11 1
1600 0.000036 9.727500 11 1
1700 0.000036 9.802353 11 1
1800 0.000037 9.868889 11 1
1900 0.000038 9.928421 11 1
2000 0.000039 9.982000 11 1
2100 0.000039 10.055714 12 1
2200 0.000039 10.144091 12 1
2300 0.000040 10.224783 12 1
2400 0.000040 10.298750 12 1
2500 0.000040 10.366800 12 1
2600 0.000041 10.429615 12 1
2700 0.000043 10.487778 12 1
2800 0.000041 10.541786 12 1
2900 0.000041 10.592069 12 1
3000 0.000043 10.639000 12 1
3100 0.000042 10.682903 12 1
3200 0.000042 10.724062 12 1
3300 0.000042 10.762727 12 1
3400 0.000043 10.799118 12 1
3500 0.000043 10.833429 12 1
3600 0.000043 10.865833 12 1
3700 0.000043 10.896486 12 1
3800 0.000043 10.925526 12 1
3900 0.000043 10.953077 12 1
4000 0.000044 10.979250 12 1
4100 0.000044 11.005366 13 1
4200 0.000044 11.052857 13 1
4300 0.000044 11.098140 13 1
4400 0.000044 11.141364 13 1
4500 0.000044 11.182667 13 1
4600 0.000044 11.222174 13 1
4700 0.000043 11.260000 13 1
4800 0.000043 11.296250 13 1
4900 0.000044 11.331020 13 1
5000 0.000044 11.364400 13 1
5100 0.000044 11.396471 13 1
5200 0.000044 11.427308 13 1
5300 0.000044 11.456981 13 1
5400 0.000044 11.485556 13 1
5500 0.000044 11.513091 13 1
5600 0.000044 11.539643 13 1
5700 0.000044 11.565263 13 1
5800 0.000045 11.590000 13 1
5900 0.000045 11.613898 13 1
6000 0.000045 11.637000 13 1
6100 0.000045 11.659344 13 1
6200 0.000045 11.680968 13 1
6300 0.000045 11.701905 13 1
6400 0.000045 11.722187 13 1
6500 0.000045 11.741846 13 1
6600 0.000046 11.760909 13 1
6700 0.000046 11.779403 13 1
6800 0.000046 11.797353 13 1
6900 0.000046 11.814783 13 1
7000 0.000046 11.831714 13 1
7100 0.000046 11.848169 13 1
7200 0.000046 11.864167 13 1
7300 0.000046 11.879726 13 1
7400 0.000046 11.894865 13 1
7500 0.000046 11.909600 13 1
7600 0.000046 11.923947 13 1
7700 0.000046 11.937922 13 1
7800 0.000046 11.951538 13 1
7900 0.000046 11.964810 13 1
8000 0.000046 11.977750 13 1
8100 0.000046 11.990370 13 1
8200 0.000046 12.003780 14 1
8300 0.000046 12.027831 14 1
8400 0.000046 12.051310 14 1
8500 0.000046 12.074235 14 1
8600 0.000046 12.096628 14 1
8700 0.000046 12.118506 14 1
8800 0.000046 12.139886 14 1
8900 0.000046 12.160787 14 1
9000 0.000046 12.181222 14 1
9100 0.000046 12.201209 14 1
9200 0.000046 12.220761 14 1
9300 0.000046 12.239892 14 1
9400 0.000046 12.258617 14 1
9500 0.000046 12.276947 14 1
9600 0.000046 12.294896 14 1
9700 0.000046 12.312474 14 1
9800 0.000046 12.329694 14 1
9900 0.000046 12.346566 14 1
10000 0.000046 12.363100 14 1
