1000 0.000021 10.270399 1000 1
1100 0.000021 11.041983 1100 1
1200 0.000021 11.004257 1200 1
1300 0.000021 11.908011 1300 1
1400 0.000022 12.258052 1400 1
1500 0.000022 13.078905 1500 1
1600 0.000022 13.888024 1600 1
1700 0.000023 13.920344 1700 1
1800 0.000023 14.391029 1800 1
1900 0.000023 14.855997 1900 1
2000 0.000023 15.168603 2000 1
2100 0.000024 16.037803 2100 1
2200 0.000024 16.172523 2200 1
2300 0.000025 18.219712 2300 1
2400 0.000025 18.322052 2400 1
2500 0.000025 18.519829 2500 1
2600 0.000026 19.288133 2600 1
2700 0.000026 20.177479 2700 1
2800 0.000026 19.478935 2800 1
2900 0.000026 20.178971 2900 1
3000 0.000026 20.850725 3000 1
3100 0.000027 21.685153 3100 1
3200 0.000027 21.244328 3200 1
3300 0.000027 21.275493 3300 1
3400 0.000028 22.742657 3400 1
3500 0.000028 23.055919 3500 1
3600 0.000029 24.697217 3600 1
3700 0.000029 25.486466 3700 1
3800 0.000028 24.436169 3800 1
3900 0.000029 26.040624 3900 1
4000 0.000030 26.908824 4000 1
4100 0.000029 26.473264 4100 1
4200 0.000030 27.568885 4200 1
4300 0.000030 27.880334 4300 1
4400 0.000031 29.395409 4400 1
4500 0.000031 28.568136 4500 1
4600 0.000031 28.925567 4600 1
4700 0.000032 31.781294 4700 1
4800 0.000032 30.490326 4800 1
4900 0.000032 30.943445 4900 1
5000 0.000033 32.505269 5000 1
5100 0.000032 31.513635 5100 1
5200 0.000032 31.561609 5199 1
5300 0.000033 32.997297 5300 1
5400 0.000034 34.254879 5400 1
5500 0.000035 35.648146 5500 1
5600 0.000034 34.569779 5600 1
5700 0.000034 34.435778 5700 1
5800 0.000035 36.059283 5800 1
5900 0.000035 36.214817 5900 1
6000 0.000035 36.407813 6000 1
6100 0.000036 38.187064 6100 1
6200 0.000036 38.678077 6200 1
6300 0.000037 40.447925 6299 1
6400 0.000036 38.833735 6400 1
6500 0.000037 40.387910 6500 1
6600 0.000037 40.689288 6600 1
6700 0.000036 39.072046 6700 1
6800 0.000038 41.014873 6800 1
6900 0.000038 41.120431 6900 1
7000 0.000038 40.425241 6999 1
7100 0.000038 41.008340 7100 1
7200 0.000040 44.800190 7200 1
7300 0.000038 40.982050 7300 1
7400 0.000040 45.923599 7400 1
7500 0.000040 44.573494 7500 1
7600 0.000040 44.684374 7600 1
7700 0.000041 46.819245 7700 1
7800 0.000042 48.240624 7800 1
7900 0.000042 49.036527 7900 1
8000 0.000041 46.689975 8000 1
8100 0.000041 47.319368 8100 1
8200 0.000043 51.078326 8200 1
8300 0.000045 54.094008 8300 1
8400 0.000044 52.124426 8399 1
8500 0.000043 50.993683 8500 1
8600 0.000042 48.786928 8600 1
8700 0.000044 52.339213 8700 1
8800 0.000044 52.364446 8800 1
8900 0.000046 55.353221 8900 1
9000 0.000044 53.308637 8999 1
9100 0.000044 52.761938 9100 1
9200 0.000045 54.575797 9200 1
9300 0.000045 54.946641 9300 1
9400 0.000048 55.971032 9400 1
9500 0.000048 55.842344 9500 1
9600 0.000046 53.659948 9600 1
9700 0.000049 58.891887 9700 1
9800 0.000048 56.437656 9800 1
9900 0.000052 63.310060 9900 1
10000 0.000050 60.031094 10000 1
