100 0.000007 2475.819200 3078 1869
110 0.000009 2996.207800 3807 2255
120 0.000010 3574.401200 4511 2650
130 0.000012 4195.908200 5037 3166
140 0.000014 4865.566900 5960 3844
150 0.000015 5585.213400 6761 4538
160 0.000017 6357.676700 7691 5171
170 0.000019 7185.349000 8729 5677
180 0.000022 8062.371400 9543 6568
190 0.000024 8979.110600 10675 6923
200 0.000026 9944.604500 11927 8332
210 0.000029 10981.868000 12956 8938
220 0.000031 12047.995200 14446 10045
230 0.000034 13169.228800 15250 10905
240 0.000037 14345.636400 16636 11790
250 0.000040 15550.798700 18537 13188
260 0.000043 16830.317000 19820 13876
270 0.000047 18166.621800 20778 15333
280 0.000050 19527.194100 22244 16852
290 0.000053 20948.955700 23744 17897
300 0.000057 22428.548100 25658 19306
310 0.000061 23947.802200 27531 20123
320 0.000064 25522.153800 29605 22132
330 0.000068 27164.443300 31588 23025
340 0.000072 28810.741500 32848 25015
350 0.000077 30538.681100 34762 25774
360 0.000081 32313.076700 36795 27734
370 0.000086 34132.744600 38753 29998
380 0.000090 36004.834000 40580 31085
390 0.000094 37937.630400 43744 33201
400 0.000098 39904.834100 44798 34555
410 0.000103 41926.002300 46736 36369
420 0.000108 43972.211800 49675 38421
430 0.000113 46103.563800 51008 40208
440 0.000118 48295.165100 53848 42703
450 0.000124 50505.137400 56744 44427
460 0.000129 52774.900900 59665 46553
470 0.000135 55110.191800 61538 48400
480 0.000140 57447.429500 63205 51022
490 0.000146 59928.291000 66392 52870
500 0.000152 62361.694600 70104 55186
510 0.000158 64923.079100 72812 56811
520 0.000165 67493.729600 74846 60926
530 0.000171 70088.878800 78129 62887
540 0.000177 72750.110700 80683 65053
550 0.000184 75481.194100 83302 66772
560 0.000190 78254.681300 86307 69303
570 0.000197 81074.007700 89407 72931
580 0.000204 83995.837600 92768 74664
590 0.000211 86842.145100 97067 77527
600 0.000218 89797.109700 99968 79694
610 0.000225 92849.456100 102696 82994
620 0.000233 95949.435400 105948 85203
630 0.000240 99048.738900 110047 87094
640 0.000247 102267.741200 111004 91935
650 0.000255 105479.238600 115701 94358
660 0.000263 108737.231700 118992 98506
670 0.000271 112090.785500 123961 99688
680 0.000279 115461.498200 128205 103508
690 0.000287 118833.961600 130911 108160
700 0.000297 122324.278200 133198 109053
710 0.000304 125910.749800 137021 114274
720 0.000313 129411.706900 141012 117894
730 0.000320 133053.313700 145578 119577
740 0.000329 136715.738000 149786 124065
750 0.000338 140500.962600 153499 126977
760 0.000347 144207.991000 159719 128545
770 0.000356 148000.721200 161957 135163
780 0.000365 151920.180400 165722 139947
790 0.000374 155814.365400 169240 140187
800 0.000384 159718.580300 172659 145689
810 0.000393 163866.984700 177972 150964
820 0.000403 167916.972700 181848 154221
830 0.000413 171975.953200 186683 155322
840 0.000422 176237.430400 191065 162046
850 0.000432 180451.215200 196806 164845
860 0.000444 184644.092400 200010 167593
870 0.000454 188994.004100 205842 172319
880 0.000464 193402.878100 210639 176099
890 0.000474 197864.658800 216467 181615
900 0.000485 202270.542200 220105 186271
910 0.000496 206790.566800 222732 188858
920 0.000507 211396.976700 229004 193724
930 0.000518 215926.629900 238652 198718
940 0.000528 220614.008400 242223 198560
950 0.000540 225353.231400 242077 206814
960 0.000551 230097.255300 248455 209217
970 0.000564 235041.303600 255204 217749
980 0.000576 239855.809000 258162 219086
990 0.000590 244760.626600 265697 225345
1000 0.000601 249665.202800 268642 230472
